INFO:  latexindent.pl version 3.24.5, 2025-03-13, a script to indent .tex files
       latexindent.pl lives here: /nix/store/2laj3mfxsjqlbz6h9zvgd3i310yg626g-latexindent-3.24.5-tex/scripts/latexindent/
       Wed Jan 14 21:26:04 2026
       Filename: /home/benjamin/Projects/ProofChecker/Theories/Logos/latex/test_direct_simple.tex
INFO:  Processing switches:
       -s|--silent: Silent mode active (you have used either -s or --silent)
       -w|--overwrite: Overwrite mode active, will make a back up before overwriting
INFO:  Directory for backup files and log file indent.log:
       /home/benjamin/Projects/ProofChecker/Theories/Logos/latex
INFO:  Perl modules are being loaded from the following directories:
       /nix/store/d22ak2kndm1z2c7fmx3s4lim9w44wk7s-perl-5.42.0/lib/perl5/5.42.0/FindBin.pm
       /nix/store/4gps7yzsvl529qhfdbhp6q19z5zqv2dr-perl-5.42.0-env/lib/perl5/site_perl/5.42.0/YAML/Tiny.pm
       /nix/store/d22ak2kndm1z2c7fmx3s4lim9w44wk7s-perl-5.42.0/lib/perl5/5.42.0/File/Copy.pm
       /nix/store/d22ak2kndm1z2c7fmx3s4lim9w44wk7s-perl-5.42.0/lib/perl5/5.42.0/File/Basename.pm
       /nix/store/d22ak2kndm1z2c7fmx3s4lim9w44wk7s-perl-5.42.0/lib/perl5/5.42.0/Getopt/Long.pm
       /nix/store/4gps7yzsvl529qhfdbhp6q19z5zqv2dr-perl-5.42.0-env/lib/perl5/site_perl/5.42.0/File/HomeDir.pm
INFO:  LatexIndent perl modules are being loaded from, for example:
       /nix/store/2laj3mfxsjqlbz6h9zvgd3i310yg626g-latexindent-3.24.5-tex/scripts/latexindent/LatexIndent/Document.pm
INFO:  YAML settings read: defaultSettings.yaml
       Reading defaultSettings.yaml from /nix/store/2laj3mfxsjqlbz6h9zvgd3i310yg626g-latexindent-3.24.5-tex/scripts/latexindent/defaultSettings.yaml
INFO:  YAML reading settings
       Home directory is /home/benjamin
       latexindent.pl didn't find indentconfig.yaml or .indentconfig.yaml
       see all possible locations: https://latexindentpl.readthedocs.io/en/latest/sec-appendices.html#indentconfig-options)
INFO:  Backup procedure (-w flag active):
       Backing up /home/benjamin/Projects/ProofChecker/Theories/Logos/latex/test_direct_simple.tex to /home/benjamin/Projects/ProofChecker/Theories/Logos/latex/test_direct_simple.bak0...
       /home/benjamin/Projects/ProofChecker/Theories/Logos/latex/test_direct_simple.tex will be overwritten after indentation
INFO:  Phase 1: searching for objects
INFO:  Phase 2: finding surrounding indentation
INFO:  Phase 3: indenting objects
INFO:  Phase 4: final indentation check
INFO:  Output routine:
       Overwriting file /home/benjamin/Projects/ProofChecker/Theories/Logos/latex/test_direct_simple.tex
       --------------
INFO:  Please direct all communication/issues to:
        https://github.com/cmhughes/latexindent.pl
