This is pdfTeX, Version 3.141592653-2.6-1.40.27 (TeX Live 2025/nixos.org) (preloaded format=pdflatex 1980.1.1)  10 JAN 2026 14:56
entering extended mode
 restricted \write18 enabled.
 %&-line parsing enabled.
**LogosReference.tex
(./LogosReference.tex
LaTeX2e <2025-06-01> patch level 1
L3 programming layer <2025-06-09>

(/nix/store/a4xk35zqigjpqbrdindypnn14fm6id9s-texlive-combined-full-2025.2025070
3-texmfdist/tex/latex/base/article.cls
Document Class: article 2025/01/22 v1.4n Standard LaTeX document class

(/nix/store/a4xk35zqigjpqbrdindypnn14fm6id9s-texlive-combined-full-2025.2025070
3-texmfdist/tex/latex/base/size11.clo
File: size11.clo 2025/01/22 v1.4n Standard LaTeX file (size option)
)
\c@part=\count275
\c@section=\count276
\c@subsection=\count277
\c@subsubsection=\count278
\c@paragraph=\count279
\c@subparagraph=\count280
\c@figure=\count281
\c@table=\count282
\abovecaptionskip=\skip49
\belowcaptionskip=\skip50
\bibindent=\dimen148
)
(/nix/store/a4xk35zqigjpqbrdindypnn14fm6id9s-texlive-combined-full-2025.2025070
3-texmfdist/tex/latex/amsmath/amsmath.sty
Package: amsmath 2025/06/16 v2.17y AMS math features
\@mathmargin=\skip51

For additional information on amsmath, use the `?' option.

(/nix/store/a4xk35zqigjpqbrdindypnn14fm6id9s-texlive-combined-full-2025.2025070
3-texmfdist/tex/latex/amsmath/amstext.sty
Package: amstext 2024/11/17 v2.01 AMS text

(/nix/store/a4xk35zqigjpqbrdindypnn14fm6id9s-texlive-combined-full-2025.2025070
3-texmfdist/tex/latex/amsmath/amsgen.sty
File: amsgen.sty 1999/11/30 v2.0 generic functions
\@emptytoks=\toks17
\ex@=\dimen149
))
(/nix/store/a4xk35zqigjpqbrdindypnn14fm6id9s-texlive-combined-full-2025.2025070
3-texmfdist/tex/latex/amsmath/amsbsy.sty
Package: amsbsy 1999/11/29 v1.2d Bold Symbols
\pmbraise@=\dimen150
)
(/nix/store/a4xk35zqigjpqbrdindypnn14fm6id9s-texlive-combined-full-2025.2025070
3-texmfdist/tex/latex/amsmath/amsopn.sty
Package: amsopn 2022/04/08 v2.04 operator names
)
\inf@bad=\count283
LaTeX Info: Redefining \frac on input line 233.
\uproot@=\count284
\leftroot@=\count285
LaTeX Info: Redefining \overline on input line 398.
LaTeX Info: Redefining \colon on input line 409.
\classnum@=\count286
\DOTSCASE@=\count287
LaTeX Info: Redefining \ldots on input line 495.
LaTeX Info: Redefining \dots on input line 498.
LaTeX Info: Redefining \cdots on input line 619.
\Mathstrutbox@=\box53
\strutbox@=\box54
LaTeX Info: Redefining \big on input line 721.
LaTeX Info: Redefining \Big on input line 722.
LaTeX Info: Redefining \bigg on input line 723.
LaTeX Info: Redefining \Bigg on input line 724.
\big@size=\dimen151
LaTeX Font Info:    Redeclaring font encoding OML on input line 742.
LaTeX Font Info:    Redeclaring font encoding OMS on input line 743.
\macc@depth=\count288
LaTeX Info: Redefining \bmod on input line 904.
LaTeX Info: Redefining \pmod on input line 909.
LaTeX Info: Redefining \smash on input line 939.
LaTeX Info: Redefining \relbar on input line 969.
LaTeX Info: Redefining \Relbar on input line 970.
\c@MaxMatrixCols=\count289
\dotsspace@=\muskip17
\c@parentequation=\count290
\dspbrk@lvl=\count291
\tag@help=\toks18
\row@=\count292
\column@=\count293
\maxfields@=\count294
\andhelp@=\toks19
\eqnshift@=\dimen152
\alignsep@=\dimen153
\tagshift@=\dimen154
\tagwidth@=\dimen155
\totwidth@=\dimen156
\lineht@=\dimen157
\@envbody=\toks20
\multlinegap=\skip52
\multlinetaggap=\skip53
\mathdisplay@stack=\toks21
LaTeX Info: Redefining \[ on input line 2949.
LaTeX Info: Redefining \] on input line 2950.
)
(/nix/store/a4xk35zqigjpqbrdindypnn14fm6id9s-texlive-combined-full-2025.2025070
3-texmfdist/tex/latex/amscls/amsthm.sty
Package: amsthm 2020/05/29 v2.20.6
\thm@style=\toks22
\thm@bodyfont=\toks23
\thm@headfont=\toks24
\thm@notefont=\toks25
\thm@headpunct=\toks26
\thm@preskip=\skip54
\thm@postskip=\skip55
\thm@headsep=\skip56
\dth@everypar=\toks27
)
(/nix/store/a4xk35zqigjpqbrdindypnn14fm6id9s-texlive-combined-full-2025.2025070
3-texmfdist/tex/latex/amsfonts/amssymb.sty
Package: amssymb 2013/01/14 v3.01 AMS font symbols

(/nix/store/a4xk35zqigjpqbrdindypnn14fm6id9s-texlive-combined-full-2025.2025070
3-texmfdist/tex/latex/amsfonts/amsfonts.sty
Package: amsfonts 2013/01/14 v3.01 Basic AMSFonts support
\symAMSa=\mathgroup4
\symAMSb=\mathgroup5
LaTeX Font Info:    Redeclaring math symbol \hbar on input line 98.
LaTeX Font Info:    Overwriting math alphabet `\mathfrak' in version `bold'
(Font)                  U/euf/m/n --> U/euf/b/n on input line 106.
))
(/nix/store/a4xk35zqigjpqbrdindypnn14fm6id9s-texlive-combined-full-2025.2025070
3-texmfdist/tex/latex/stmaryrd/stmaryrd.sty
Package: stmaryrd 1994/03/03 St Mary's Road symbol package
\symstmry=\mathgroup6
LaTeX Font Info:    Overwriting symbol font `stmry' in version `bold'
(Font)                  U/stmry/m/n --> U/stmry/b/n on input line 89.
)
(/nix/store/a4xk35zqigjpqbrdindypnn14fm6id9s-texlive-combined-full-2025.2025070
3-texmfdist/tex/latex/subfiles/subfiles.sty
Package: subfiles 2020/11/14 v2.2 Multi-file projects (package)

(/nix/store/a4xk35zqigjpqbrdindypnn14fm6id9s-texlive-combined-full-2025.2025070
3-texmfdist/tex/latex/import/import.sty
Package: import 2020/04/01  v 6.2
))
(/nix/store/a4xk35zqigjpqbrdindypnn14fm6id9s-texlive-combined-full-2025.2025070
3-texmfdist/tex/latex/booktabs/booktabs.sty
Package: booktabs 2020/01/12 v1.61803398 Publication quality tables
\heavyrulewidth=\dimen158
\lightrulewidth=\dimen159
\cmidrulewidth=\dimen160
\belowrulesep=\dimen161
\belowbottomsep=\dimen162
\aboverulesep=\dimen163
\abovetopsep=\dimen164
\cmidrulesep=\dimen165
\cmidrulekern=\dimen166
\defaultaddspace=\dimen167
\@cmidla=\count295
\@cmidlb=\count296
\@aboverulesep=\dimen168
\@belowrulesep=\dimen169
\@thisruleclass=\count297
\@lastruleclass=\count298
\@thisrulewidth=\dimen170
)
(/nix/store/a4xk35zqigjpqbrdindypnn14fm6id9s-texlive-combined-full-2025.2025070
3-texmfdist/tex/latex/tools/array.sty
Package: array 2025/06/08 v2.6j Tabular extension package (FMi)
\col@sep=\dimen171
\ar@mcellbox=\box55
\extrarowheight=\dimen172
\NC@list=\toks28
\extratabsurround=\skip57
\backup@length=\skip58
\ar@cellbox=\box56
)
(/nix/store/a4xk35zqigjpqbrdindypnn14fm6id9s-texlive-combined-full-2025.2025070
3-texmfdist/tex/latex/enumitem/enumitem.sty
Package: enumitem 2025/02/06 v3.11 Customized lists
\enitkv@toks@=\toks29
\labelindent=\skip59
\enit@outerparindent=\dimen173
\enit@toks=\toks30
\enit@inbox=\box57
\enit@count@id=\count299
\enitdp@description=\count300
)
(/nix/store/a4xk35zqigjpqbrdindypnn14fm6id9s-texlive-combined-full-2025.2025070
3-texmfdist/tex/latex/pgf/frontendlayer/tikz.sty
(/nix/store/a4xk35zqigjpqbrdindypnn14fm6id9s-texlive-combined-full-2025.2025070
3-texmfdist/tex/latex/pgf/basiclayer/pgf.sty
(/nix/store/a4xk35zqigjpqbrdindypnn14fm6id9s-texlive-combined-full-2025.2025070
3-texmfdist/tex/latex/pgf/utilities/pgfrcs.sty
(/nix/store/a4xk35zqigjpqbrdindypnn14fm6id9s-texlive-combined-full-2025.2025070
3-texmfdist/tex/generic/pgf/utilities/pgfutil-common.tex
\pgfutil@everybye=\toks31
\pgfutil@tempdima=\dimen174
\pgfutil@tempdimb=\dimen175
)
(/nix/store/a4xk35zqigjpqbrdindypnn14fm6id9s-texlive-combined-full-2025.2025070
3-texmfdist/tex/generic/pgf/utilities/pgfutil-latex.def
\pgfutil@abb=\box58
)
(/nix/store/a4xk35zqigjpqbrdindypnn14fm6id9s-texlive-combined-full-2025.2025070
3-texmfdist/tex/generic/pgf/utilities/pgfrcs.code.tex
(/nix/store/a4xk35zqigjpqbrdindypnn14fm6id9s-texlive-combined-full-2025.2025070
3-texmfdist/tex/generic/pgf/pgf.revision.tex)
Package: pgfrcs 2023-01-15 v3.1.10 (3.1.10)
))
Package: pgf 2023-01-15 v3.1.10 (3.1.10)

(/nix/store/a4xk35zqigjpqbrdindypnn14fm6id9s-texlive-combined-full-2025.2025070
3-texmfdist/tex/latex/pgf/basiclayer/pgfcore.sty
(/nix/store/a4xk35zqigjpqbrdindypnn14fm6id9s-texlive-combined-full-2025.2025070
3-texmfdist/tex/latex/graphics/graphicx.sty
Package: graphicx 2024/12/31 v1.2e Enhanced LaTeX Graphics (DPC,SPQR)

(/nix/store/a4xk35zqigjpqbrdindypnn14fm6id9s-texlive-combined-full-2025.2025070
3-texmfdist/tex/latex/graphics/keyval.sty
Package: keyval 2022/05/29 v1.15 key=value parser (DPC)
\KV@toks@=\toks32
)
(/nix/store/a4xk35zqigjpqbrdindypnn14fm6id9s-texlive-combined-full-2025.2025070
3-texmfdist/tex/latex/graphics/graphics.sty
Package: graphics 2024/08/06 v1.4g Standard LaTeX Graphics (DPC,SPQR)

(/nix/store/a4xk35zqigjpqbrdindypnn14fm6id9s-texlive-combined-full-2025.2025070
3-texmfdist/tex/latex/graphics/trig.sty
Package: trig 2023/12/02 v1.11 sin cos tan (DPC)
)
(/nix/store/a4xk35zqigjpqbrdindypnn14fm6id9s-texlive-combined-full-2025.2025070
3-texmfdist/tex/latex/graphics-cfg/graphics.cfg
File: graphics.cfg 2016/06/04 v1.11 sample graphics configuration
)
Package graphics Info: Driver file: pdftex.def on input line 106.

(/nix/store/a4xk35zqigjpqbrdindypnn14fm6id9s-texlive-combined-full-2025.2025070
3-texmfdist/tex/latex/graphics-def/pdftex.def
File: pdftex.def 2024/04/13 v1.2c Graphics/color driver for pdftex
))
\Gin@req@height=\dimen176
\Gin@req@width=\dimen177
)
(/nix/store/a4xk35zqigjpqbrdindypnn14fm6id9s-texlive-combined-full-2025.2025070
3-texmfdist/tex/latex/pgf/systemlayer/pgfsys.sty
(/nix/store/a4xk35zqigjpqbrdindypnn14fm6id9s-texlive-combined-full-2025.2025070
3-texmfdist/tex/generic/pgf/systemlayer/pgfsys.code.tex
Package: pgfsys 2023-01-15 v3.1.10 (3.1.10)

(/nix/store/a4xk35zqigjpqbrdindypnn14fm6id9s-texlive-combined-full-2025.2025070
3-texmfdist/tex/generic/pgf/utilities/pgfkeys.code.tex
\pgfkeys@pathtoks=\toks33
\pgfkeys@temptoks=\toks34

(/nix/store/a4xk35zqigjpqbrdindypnn14fm6id9s-texlive-combined-full-2025.2025070
3-texmfdist/tex/generic/pgf/utilities/pgfkeyslibraryfiltered.code.tex
\pgfkeys@tmptoks=\toks35
))
\pgf@x=\dimen178
\pgf@y=\dimen179
\pgf@xa=\dimen180
\pgf@ya=\dimen181
\pgf@xb=\dimen182
\pgf@yb=\dimen183
\pgf@xc=\dimen184
\pgf@yc=\dimen185
\pgf@xd=\dimen186
\pgf@yd=\dimen187
\w@pgf@writea=\write3
\r@pgf@reada=\read2
\c@pgf@counta=\count301
\c@pgf@countb=\count302
\c@pgf@countc=\count303
\c@pgf@countd=\count304
\t@pgf@toka=\toks36
\t@pgf@tokb=\toks37
\t@pgf@tokc=\toks38
\pgf@sys@id@count=\count305

(/nix/store/a4xk35zqigjpqbrdindypnn14fm6id9s-texlive-combined-full-2025.2025070
3-texmfdist/tex/generic/pgf/systemlayer/pgf.cfg
File: pgf.cfg 2023-01-15 v3.1.10 (3.1.10)
)
Driver file for pgf: pgfsys-pdftex.def

(/nix/store/a4xk35zqigjpqbrdindypnn14fm6id9s-texlive-combined-full-2025.2025070
3-texmfdist/tex/generic/pgf/systemlayer/pgfsys-pdftex.def
File: pgfsys-pdftex.def 2023-01-15 v3.1.10 (3.1.10)

(/nix/store/a4xk35zqigjpqbrdindypnn14fm6id9s-texlive-combined-full-2025.2025070
3-texmfdist/tex/generic/pgf/systemlayer/pgfsys-common-pdf.def
File: pgfsys-common-pdf.def 2023-01-15 v3.1.10 (3.1.10)
)))
(/nix/store/a4xk35zqigjpqbrdindypnn14fm6id9s-texlive-combined-full-2025.2025070
3-texmfdist/tex/generic/pgf/systemlayer/pgfsyssoftpath.code.tex
File: pgfsyssoftpath.code.tex 2023-01-15 v3.1.10 (3.1.10)
\pgfsyssoftpath@smallbuffer@items=\count306
\pgfsyssoftpath@bigbuffer@items=\count307
)
(/nix/store/a4xk35zqigjpqbrdindypnn14fm6id9s-texlive-combined-full-2025.2025070
3-texmfdist/tex/generic/pgf/systemlayer/pgfsysprotocol.code.tex
File: pgfsysprotocol.code.tex 2023-01-15 v3.1.10 (3.1.10)
))
(/nix/store/a4xk35zqigjpqbrdindypnn14fm6id9s-texlive-combined-full-2025.2025070
3-texmfdist/tex/latex/xcolor/xcolor.sty
Package: xcolor 2024/09/29 v3.02 LaTeX color extensions (UK)

(/nix/store/a4xk35zqigjpqbrdindypnn14fm6id9s-texlive-combined-full-2025.2025070
3-texmfdist/tex/latex/graphics-cfg/color.cfg
File: color.cfg 2016/01/02 v1.6 sample color configuration
)
Package xcolor Info: Driver file: pdftex.def on input line 274.

(/nix/store/a4xk35zqigjpqbrdindypnn14fm6id9s-texlive-combined-full-2025.2025070
3-texmfdist/tex/latex/graphics/mathcolor.ltx)
Package xcolor Info: Model `cmy' substituted by `cmy0' on input line 1349.
Package xcolor Info: Model `hsb' substituted by `rgb' on input line 1353.
Package xcolor Info: Model `RGB' extended on input line 1365.
Package xcolor Info: Model `HTML' substituted by `rgb' on input line 1367.
Package xcolor Info: Model `Hsb' substituted by `hsb' on input line 1368.
Package xcolor Info: Model `tHsb' substituted by `hsb' on input line 1369.
Package xcolor Info: Model `HSB' substituted by `hsb' on input line 1370.
Package xcolor Info: Model `Gray' substituted by `gray' on input line 1371.
Package xcolor Info: Model `wave' substituted by `hsb' on input line 1372.
)
(/nix/store/a4xk35zqigjpqbrdindypnn14fm6id9s-texlive-combined-full-2025.2025070
3-texmfdist/tex/generic/pgf/basiclayer/pgfcore.code.tex
Package: pgfcore 2023-01-15 v3.1.10 (3.1.10)

(/nix/store/a4xk35zqigjpqbrdindypnn14fm6id9s-texlive-combined-full-2025.2025070
3-texmfdist/tex/generic/pgf/math/pgfmath.code.tex
(/nix/store/a4xk35zqigjpqbrdindypnn14fm6id9s-texlive-combined-full-2025.2025070
3-texmfdist/tex/generic/pgf/math/pgfmathutil.code.tex)
(/nix/store/a4xk35zqigjpqbrdindypnn14fm6id9s-texlive-combined-full-2025.2025070
3-texmfdist/tex/generic/pgf/math/pgfmathparser.code.tex
\pgfmath@dimen=\dimen188
\pgfmath@count=\count308
\pgfmath@box=\box59
\pgfmath@toks=\toks39
\pgfmath@stack@operand=\toks40
\pgfmath@stack@operation=\toks41
)
(/nix/store/a4xk35zqigjpqbrdindypnn14fm6id9s-texlive-combined-full-2025.2025070
3-texmfdist/tex/generic/pgf/math/pgfmathfunctions.code.tex)
(/nix/store/a4xk35zqigjpqbrdindypnn14fm6id9s-texlive-combined-full-2025.2025070
3-texmfdist/tex/generic/pgf/math/pgfmathfunctions.basic.code.tex)
(/nix/store/a4xk35zqigjpqbrdindypnn14fm6id9s-texlive-combined-full-2025.2025070
3-texmfdist/tex/generic/pgf/math/pgfmathfunctions.trigonometric.code.tex)
(/nix/store/a4xk35zqigjpqbrdindypnn14fm6id9s-texlive-combined-full-2025.2025070
3-texmfdist/tex/generic/pgf/math/pgfmathfunctions.random.code.tex)
(/nix/store/a4xk35zqigjpqbrdindypnn14fm6id9s-texlive-combined-full-2025.2025070
3-texmfdist/tex/generic/pgf/math/pgfmathfunctions.comparison.code.tex)
(/nix/store/a4xk35zqigjpqbrdindypnn14fm6id9s-texlive-combined-full-2025.2025070
3-texmfdist/tex/generic/pgf/math/pgfmathfunctions.base.code.tex)
(/nix/store/a4xk35zqigjpqbrdindypnn14fm6id9s-texlive-combined-full-2025.2025070
3-texmfdist/tex/generic/pgf/math/pgfmathfunctions.round.code.tex)
(/nix/store/a4xk35zqigjpqbrdindypnn14fm6id9s-texlive-combined-full-2025.2025070
3-texmfdist/tex/generic/pgf/math/pgfmathfunctions.misc.code.tex)
(/nix/store/a4xk35zqigjpqbrdindypnn14fm6id9s-texlive-combined-full-2025.2025070
3-texmfdist/tex/generic/pgf/math/pgfmathfunctions.integerarithmetics.code.tex)
(/nix/store/a4xk35zqigjpqbrdindypnn14fm6id9s-texlive-combined-full-2025.2025070
3-texmfdist/tex/generic/pgf/math/pgfmathcalc.code.tex)
(/nix/store/a4xk35zqigjpqbrdindypnn14fm6id9s-texlive-combined-full-2025.2025070
3-texmfdist/tex/generic/pgf/math/pgfmathfloat.code.tex
\c@pgfmathroundto@lastzeros=\count309
))
(/nix/store/a4xk35zqigjpqbrdindypnn14fm6id9s-texlive-combined-full-2025.2025070
3-texmfdist/tex/generic/pgf/math/pgfint.code.tex)
(/nix/store/a4xk35zqigjpqbrdindypnn14fm6id9s-texlive-combined-full-2025.2025070
3-texmfdist/tex/generic/pgf/basiclayer/pgfcorepoints.code.tex
File: pgfcorepoints.code.tex 2023-01-15 v3.1.10 (3.1.10)
\pgf@picminx=\dimen189
\pgf@picmaxx=\dimen190
\pgf@picminy=\dimen191
\pgf@picmaxy=\dimen192
\pgf@pathminx=\dimen193
\pgf@pathmaxx=\dimen194
\pgf@pathminy=\dimen195
\pgf@pathmaxy=\dimen196
\pgf@xx=\dimen197
\pgf@xy=\dimen198
\pgf@yx=\dimen199
\pgf@yy=\dimen256
\pgf@zx=\dimen257
\pgf@zy=\dimen258
)
(/nix/store/a4xk35zqigjpqbrdindypnn14fm6id9s-texlive-combined-full-2025.2025070
3-texmfdist/tex/generic/pgf/basiclayer/pgfcorepathconstruct.code.tex
File: pgfcorepathconstruct.code.tex 2023-01-15 v3.1.10 (3.1.10)
\pgf@path@lastx=\dimen259
\pgf@path@lasty=\dimen260
)
(/nix/store/a4xk35zqigjpqbrdindypnn14fm6id9s-texlive-combined-full-2025.2025070
3-texmfdist/tex/generic/pgf/basiclayer/pgfcorepathusage.code.tex
File: pgfcorepathusage.code.tex 2023-01-15 v3.1.10 (3.1.10)
\pgf@shorten@end@additional=\dimen261
\pgf@shorten@start@additional=\dimen262
)
(/nix/store/a4xk35zqigjpqbrdindypnn14fm6id9s-texlive-combined-full-2025.2025070
3-texmfdist/tex/generic/pgf/basiclayer/pgfcorescopes.code.tex
File: pgfcorescopes.code.tex 2023-01-15 v3.1.10 (3.1.10)
\pgfpic=\box60
\pgf@hbox=\box61
\pgf@layerbox@main=\box62
\pgf@picture@serial@count=\count310
)
(/nix/store/a4xk35zqigjpqbrdindypnn14fm6id9s-texlive-combined-full-2025.2025070
3-texmfdist/tex/generic/pgf/basiclayer/pgfcoregraphicstate.code.tex
File: pgfcoregraphicstate.code.tex 2023-01-15 v3.1.10 (3.1.10)
\pgflinewidth=\dimen263
)
(/nix/store/a4xk35zqigjpqbrdindypnn14fm6id9s-texlive-combined-full-2025.2025070
3-texmfdist/tex/generic/pgf/basiclayer/pgfcoretransformations.code.tex
File: pgfcoretransformations.code.tex 2023-01-15 v3.1.10 (3.1.10)
\pgf@pt@x=\dimen264
\pgf@pt@y=\dimen265
\pgf@pt@temp=\dimen266
)
(/nix/store/a4xk35zqigjpqbrdindypnn14fm6id9s-texlive-combined-full-2025.2025070
3-texmfdist/tex/generic/pgf/basiclayer/pgfcorequick.code.tex
File: pgfcorequick.code.tex 2023-01-15 v3.1.10 (3.1.10)
)
(/nix/store/a4xk35zqigjpqbrdindypnn14fm6id9s-texlive-combined-full-2025.2025070
3-texmfdist/tex/generic/pgf/basiclayer/pgfcoreobjects.code.tex
File: pgfcoreobjects.code.tex 2023-01-15 v3.1.10 (3.1.10)
)
(/nix/store/a4xk35zqigjpqbrdindypnn14fm6id9s-texlive-combined-full-2025.2025070
3-texmfdist/tex/generic/pgf/basiclayer/pgfcorepathprocessing.code.tex
File: pgfcorepathprocessing.code.tex 2023-01-15 v3.1.10 (3.1.10)
)
(/nix/store/a4xk35zqigjpqbrdindypnn14fm6id9s-texlive-combined-full-2025.2025070
3-texmfdist/tex/generic/pgf/basiclayer/pgfcorearrows.code.tex
File: pgfcorearrows.code.tex 2023-01-15 v3.1.10 (3.1.10)
\pgfarrowsep=\dimen267
)
(/nix/store/a4xk35zqigjpqbrdindypnn14fm6id9s-texlive-combined-full-2025.2025070
3-texmfdist/tex/generic/pgf/basiclayer/pgfcoreshade.code.tex
File: pgfcoreshade.code.tex 2023-01-15 v3.1.10 (3.1.10)
\pgf@max=\dimen268
\pgf@sys@shading@range@num=\count311
\pgf@shadingcount=\count312
)
(/nix/store/a4xk35zqigjpqbrdindypnn14fm6id9s-texlive-combined-full-2025.2025070
3-texmfdist/tex/generic/pgf/basiclayer/pgfcoreimage.code.tex
File: pgfcoreimage.code.tex 2023-01-15 v3.1.10 (3.1.10)
)
(/nix/store/a4xk35zqigjpqbrdindypnn14fm6id9s-texlive-combined-full-2025.2025070
3-texmfdist/tex/generic/pgf/basiclayer/pgfcoreexternal.code.tex
File: pgfcoreexternal.code.tex 2023-01-15 v3.1.10 (3.1.10)
\pgfexternal@startupbox=\box63
)
(/nix/store/a4xk35zqigjpqbrdindypnn14fm6id9s-texlive-combined-full-2025.2025070
3-texmfdist/tex/generic/pgf/basiclayer/pgfcorelayers.code.tex
File: pgfcorelayers.code.tex 2023-01-15 v3.1.10 (3.1.10)
)
(/nix/store/a4xk35zqigjpqbrdindypnn14fm6id9s-texlive-combined-full-2025.2025070
3-texmfdist/tex/generic/pgf/basiclayer/pgfcoretransparency.code.tex
File: pgfcoretransparency.code.tex 2023-01-15 v3.1.10 (3.1.10)
)
(/nix/store/a4xk35zqigjpqbrdindypnn14fm6id9s-texlive-combined-full-2025.2025070
3-texmfdist/tex/generic/pgf/basiclayer/pgfcorepatterns.code.tex
File: pgfcorepatterns.code.tex 2023-01-15 v3.1.10 (3.1.10)
)
(/nix/store/a4xk35zqigjpqbrdindypnn14fm6id9s-texlive-combined-full-2025.2025070
3-texmfdist/tex/generic/pgf/basiclayer/pgfcorerdf.code.tex
File: pgfcorerdf.code.tex 2023-01-15 v3.1.10 (3.1.10)
)))
(/nix/store/a4xk35zqigjpqbrdindypnn14fm6id9s-texlive-combined-full-2025.2025070
3-texmfdist/tex/generic/pgf/modules/pgfmoduleshapes.code.tex
File: pgfmoduleshapes.code.tex 2023-01-15 v3.1.10 (3.1.10)
\pgfnodeparttextbox=\box64
)
(/nix/store/a4xk35zqigjpqbrdindypnn14fm6id9s-texlive-combined-full-2025.2025070
3-texmfdist/tex/generic/pgf/modules/pgfmoduleplot.code.tex
File: pgfmoduleplot.code.tex 2023-01-15 v3.1.10 (3.1.10)
)
(/nix/store/a4xk35zqigjpqbrdindypnn14fm6id9s-texlive-combined-full-2025.2025070
3-texmfdist/tex/latex/pgf/compatibility/pgfcomp-version-0-65.sty
Package: pgfcomp-version-0-65 2023-01-15 v3.1.10 (3.1.10)
\pgf@nodesepstart=\dimen269
\pgf@nodesepend=\dimen270
)
(/nix/store/a4xk35zqigjpqbrdindypnn14fm6id9s-texlive-combined-full-2025.2025070
3-texmfdist/tex/latex/pgf/compatibility/pgfcomp-version-1-18.sty
Package: pgfcomp-version-1-18 2023-01-15 v3.1.10 (3.1.10)
))
(/nix/store/a4xk35zqigjpqbrdindypnn14fm6id9s-texlive-combined-full-2025.2025070
3-texmfdist/tex/latex/pgf/utilities/pgffor.sty
(/nix/store/a4xk35zqigjpqbrdindypnn14fm6id9s-texlive-combined-full-2025.2025070
3-texmfdist/tex/latex/pgf/utilities/pgfkeys.sty
(/nix/store/a4xk35zqigjpqbrdindypnn14fm6id9s-texlive-combined-full-2025.2025070
3-texmfdist/tex/generic/pgf/utilities/pgfkeys.code.tex))
(/nix/store/a4xk35zqigjpqbrdindypnn14fm6id9s-texlive-combined-full-2025.2025070
3-texmfdist/tex/latex/pgf/math/pgfmath.sty
(/nix/store/a4xk35zqigjpqbrdindypnn14fm6id9s-texlive-combined-full-2025.2025070
3-texmfdist/tex/generic/pgf/math/pgfmath.code.tex))
(/nix/store/a4xk35zqigjpqbrdindypnn14fm6id9s-texlive-combined-full-2025.2025070
3-texmfdist/tex/generic/pgf/utilities/pgffor.code.tex
Package: pgffor 2023-01-15 v3.1.10 (3.1.10)
\pgffor@iter=\dimen271
\pgffor@skip=\dimen272
\pgffor@stack=\toks42
\pgffor@toks=\toks43
))
(/nix/store/a4xk35zqigjpqbrdindypnn14fm6id9s-texlive-combined-full-2025.2025070
3-texmfdist/tex/generic/pgf/frontendlayer/tikz/tikz.code.tex
Package: tikz 2023-01-15 v3.1.10 (3.1.10)

(/nix/store/a4xk35zqigjpqbrdindypnn14fm6id9s-texlive-combined-full-2025.2025070
3-texmfdist/tex/generic/pgf/libraries/pgflibraryplothandlers.code.tex
File: pgflibraryplothandlers.code.tex 2023-01-15 v3.1.10 (3.1.10)
\pgf@plot@mark@count=\count313
\pgfplotmarksize=\dimen273
)
\tikz@lastx=\dimen274
\tikz@lasty=\dimen275
\tikz@lastxsaved=\dimen276
\tikz@lastysaved=\dimen277
\tikz@lastmovetox=\dimen278
\tikz@lastmovetoy=\dimen279
\tikzleveldistance=\dimen280
\tikzsiblingdistance=\dimen281
\tikz@figbox=\box65
\tikz@figbox@bg=\box66
\tikz@tempbox=\box67
\tikz@tempbox@bg=\box68
\tikztreelevel=\count314
\tikznumberofchildren=\count315
\tikznumberofcurrentchild=\count316
\tikz@fig@count=\count317

(/nix/store/a4xk35zqigjpqbrdindypnn14fm6id9s-texlive-combined-full-2025.2025070
3-texmfdist/tex/generic/pgf/modules/pgfmodulematrix.code.tex
File: pgfmodulematrix.code.tex 2023-01-15 v3.1.10 (3.1.10)
\pgfmatrixcurrentrow=\count318
\pgfmatrixcurrentcolumn=\count319
\pgf@matrix@numberofcolumns=\count320
)
\tikz@expandcount=\count321

(/nix/store/a4xk35zqigjpqbrdindypnn14fm6id9s-texlive-combined-full-2025.2025070
3-texmfdist/tex/generic/pgf/frontendlayer/tikz/libraries/tikzlibrarytopaths.cod
e.tex
File: tikzlibrarytopaths.code.tex 2023-01-15 v3.1.10 (3.1.10)
))) (./assets/logos-notation.sty

LaTeX Warning: You have requested package `assets/logos-notation',
               but the package provides `logos-notation'.

Package: logos-notation 2026/01/10 Logos Logic Notation
) (./assets/formatting.sty

LaTeX Warning: You have requested package `assets/formatting',
               but the package provides `problem_set'.

Package: problem_set 2025/01/29 Support for MIT logic texts

(/nix/store/a4xk35zqigjpqbrdindypnn14fm6id9s-texlive-combined-full-2025.2025070
3-texmfdist/tex/latex/natbib/natbib.sty
Package: natbib 2010/09/13 8.31b (PWD, AO)
\bibhang=\skip60
\bibsep=\skip61
LaTeX Info: Redefining \cite on input line 694.
\c@NAT@ctr=\count322
)
(/nix/store/a4xk35zqigjpqbrdindypnn14fm6id9s-texlive-combined-full-2025.2025070
3-texmfdist/tex/latex/natbib/bibentry.sty
Package: bibentry 2007/10/30 1.5 (PWD)
)
(/nix/store/a4xk35zqigjpqbrdindypnn14fm6id9s-texlive-combined-full-2025.2025070
3-texmfdist/tex/latex/tools/verbatim.sty
Package: verbatim 2024-01-22 v1.5x LaTeX2e package for verbatim enhancements
\every@verbatim=\toks44
\verbatim@line=\toks45
\verbatim@in@stream=\read3
)
(/nix/store/a4xk35zqigjpqbrdindypnn14fm6id9s-texlive-combined-full-2025.2025070
3-texmfdist/tex/latex/etoolbox/etoolbox.sty
Package: etoolbox 2025/02/11 v2.5l e-TeX tools for LaTeX (JAW)
\etb@tempcnta=\count323
)
(/nix/store/a4xk35zqigjpqbrdindypnn14fm6id9s-texlive-combined-full-2025.2025070
3-texmfdist/tex/generic/xstring/xstring.sty
(/nix/store/a4xk35zqigjpqbrdindypnn14fm6id9s-texlive-combined-full-2025.2025070
3-texmfdist/tex/generic/xstring/xstring.tex
\xs_counta=\count324
\xs_countb=\count325
)
Package: xstring 2023/08/22 v1.86 String manipulations (CT)
)
(/nix/store/a4xk35zqigjpqbrdindypnn14fm6id9s-texlive-combined-full-2025.2025070
3-texmfdist/tex/latex/adjustbox/adjustbox.sty
Package: adjustbox 2025/02/26 v1.3c Adjusting TeX boxes (trim, clip, ...)

(/nix/store/a4xk35zqigjpqbrdindypnn14fm6id9s-texlive-combined-full-2025.2025070
3-texmfdist/tex/latex/xkeyval/xkeyval.sty
Package: xkeyval 2022/06/16 v2.9 package option processing (HA)

(/nix/store/a4xk35zqigjpqbrdindypnn14fm6id9s-texlive-combined-full-2025.2025070
3-texmfdist/tex/generic/xkeyval/xkeyval.tex
(/nix/store/a4xk35zqigjpqbrdindypnn14fm6id9s-texlive-combined-full-2025.2025070
3-texmfdist/tex/generic/xkeyval/xkvutils.tex
\XKV@toks=\toks46
\XKV@tempa@toks=\toks47
)
\XKV@depth=\count326
File: xkeyval.tex 2014/12/03 v2.7a key=value parser (HA)
))
(/nix/store/a4xk35zqigjpqbrdindypnn14fm6id9s-texlive-combined-full-2025.2025070
3-texmfdist/tex/latex/adjustbox/adjcalc.sty
Package: adjcalc 2012/05/16 v1.1 Provides advanced setlength with multiple back
-ends (calc, etex, pgfmath)
)
(/nix/store/a4xk35zqigjpqbrdindypnn14fm6id9s-texlive-combined-full-2025.2025070
3-texmfdist/tex/latex/adjustbox/trimclip.sty
Package: trimclip 2025/02/21 v1.2a Trim and clip general TeX material

(/nix/store/a4xk35zqigjpqbrdindypnn14fm6id9s-texlive-combined-full-2025.2025070
3-texmfdist/tex/latex/collectbox/collectbox.sty
Package: collectbox 2022/10/17 v0.4c Collect macro arguments as boxes
\collectedbox=\box69
)
\tc@llx=\dimen282
\tc@lly=\dimen283
\tc@urx=\dimen284
\tc@ury=\dimen285
Package trimclip Info: Using driver 'tc-pdftex.def'.

(/nix/store/a4xk35zqigjpqbrdindypnn14fm6id9s-texlive-combined-full-2025.2025070
3-texmfdist/tex/latex/adjustbox/tc-pdftex.def
File: tc-pdftex.def 2025/02/26 v2.3 Clipping driver for pdftex
))
\adjbox@Width=\dimen286
\adjbox@Height=\dimen287
\adjbox@Depth=\dimen288
\adjbox@Totalheight=\dimen289
\adjbox@pwidth=\dimen290
\adjbox@pheight=\dimen291
\adjbox@pdepth=\dimen292
\adjbox@ptotalheight=\dimen293

(/nix/store/a4xk35zqigjpqbrdindypnn14fm6id9s-texlive-combined-full-2025.2025070
3-texmfdist/tex/latex/ifoddpage/ifoddpage.sty
Package: ifoddpage 2022/10/18 v1.2 Conditionals for odd/even page detection
\c@checkoddpage=\count327
)
(/nix/store/a4xk35zqigjpqbrdindypnn14fm6id9s-texlive-combined-full-2025.2025070
3-texmfdist/tex/latex/varwidth/varwidth.sty
Package: varwidth 2009/03/30 ver 0.92;  Variable-width minipages
\@vwid@box=\box70
\sift@deathcycles=\count328
\@vwid@loff=\dimen294
\@vwid@roff=\dimen295
)
==> First Aid for varwidth.sty applied!
)
(/nix/store/a4xk35zqigjpqbrdindypnn14fm6id9s-texlive-combined-full-2025.2025070
3-texmfdist/tex/latex/graphics/dvipsnam.def
File: dvipsnam.def 2016/06/17 v3.0m Driver-dependent file (DPC,SPQR)
)
(/nix/store/a4xk35zqigjpqbrdindypnn14fm6id9s-texlive-combined-full-2025.2025070
3-texmfdist/tex/latex/glossaries/base/glossaries.sty
Package: glossaries 2025/05/14 v4.7 (NLCT)

(/nix/store/a4xk35zqigjpqbrdindypnn14fm6id9s-texlive-combined-full-2025.2025070
3-texmfdist/tex/latex/base/ifthen.sty
Package: ifthen 2024/03/16 v1.1e Standard LaTeX ifthen package (DPC)
)
(/nix/store/a4xk35zqigjpqbrdindypnn14fm6id9s-texlive-combined-full-2025.2025070
3-texmfdist/tex/latex/mfirstuc/mfirstuc.sty
Package: mfirstuc 2025/04/03 v2.09 (NLCT)
\@glsmfirst=\toks48
\@glsmrest=\toks49
)
(/nix/store/a4xk35zqigjpqbrdindypnn14fm6id9s-texlive-combined-full-2025.2025070
3-texmfdist/tex/latex/xfor/xfor.sty
Package: xfor 2009/02/05 v1.05 (NLCT)
)
(/nix/store/a4xk35zqigjpqbrdindypnn14fm6id9s-texlive-combined-full-2025.2025070
3-texmfdist/tex/latex/datatool/datatool-base.sty
Package: datatool-base 2025/04/25 v3.4.1 (NLCT)

(/nix/store/a4xk35zqigjpqbrdindypnn14fm6id9s-texlive-combined-full-2025.2025070
3-texmfdist/tex/latex/tracklang/tracklang.sty
Package: tracklang 2025/03/11 v1.6.6 (NLCT) Track Languages

(/nix/store/a4xk35zqigjpqbrdindypnn14fm6id9s-texlive-combined-full-2025.2025070
3-texmfdist/tex/generic/tracklang/tracklang.tex))
(/nix/store/a4xk35zqigjpqbrdindypnn14fm6id9s-texlive-combined-full-2025.2025070
3-texmfdist/tex/latex/datatool/datatool-l3fp.def
File: datatool-l3fp.def 2025/04/25 v3.4.1 (NLCT)
)
\@dtl@toks=\toks50
\@dtl@tmpcount=\count329
\dtl@tmplength=\skip62
\l__datatool_measure_box=\box71
\dtl@sortresult=\count330

(/nix/store/a4xk35zqigjpqbrdindypnn14fm6id9s-texlive-combined-full-2025.2025070
3-texmfdist/tex/latex/datatool/datatool-utf8.ldf
File: datatool-utf8.ldf 2025/04/25 v3.4.1 (NLCT)
)
\@dtl@datatype=\count331
\l__datatool_tmpa_int=\count332
\l__datatool_tmpb_int=\count333
\l__datatool_tmpc_int=\count334
\l__datatool_tmpd_int=\count335
\l__datatool_count_int=\count336
\l__datatool_tmp_datatype_int=\count337
\l__datatool_tmpa_dim=\dimen296
\l__datatool_tmpb_dim=\dimen297
\c_datatool_unknown_int=\count338
\l__datatool_year_int=\count339
\l__datatool_month_int=\count340
\l__datatool_day_int=\count341
\l__datatool_hour_int=\count342
\l__datatool_minute_int=\count343
\l__datatool_second_int=\count344
\l__datatool_tzhour_int=\count345
\l__datatool_tzminute_int=\count346
\l__datatool_julian_int=\count347
\l__datatool_local_julian_int=\count348
\l__datatool_prefix_int=\count349
\l__datatool_suffix_int=\count350
\@dtl@foreach@level=\count351
\dtl@codeA=\count352
\dtl@codeB=\count353
)
\gls@level=\count354
\@gls@tmpb=\toks51
\gls@tmplen=\skip63
\l__glossaries_tmpa_dim=\dimen298
\l__glossaries_tmpb_dim=\dimen299
\glskeylisttok=\toks52
\glslabeltok=\toks53
\glsshorttok=\toks54
\glslongtok=\toks55

(/nix/store/a4xk35zqigjpqbrdindypnn14fm6id9s-texlive-combined-full-2025.2025070
3-texmfdist/tex/latex/glossaries/styles/glossary-hypernav.sty
Package: glossary-hypernav 2025/05/14 v4.7 (NLCT)
)
(/nix/store/a4xk35zqigjpqbrdindypnn14fm6id9s-texlive-combined-full-2025.2025070
3-texmfdist/tex/latex/glossaries/styles/glossary-list.sty
Package: glossary-list 2025/05/14 v4.7 (NLCT)
\glslistdottedwidth=\skip64
)
(/nix/store/a4xk35zqigjpqbrdindypnn14fm6id9s-texlive-combined-full-2025.2025070
3-texmfdist/tex/latex/glossaries/styles/glossary-long.sty
Package: glossary-long 2025/05/14 v4.7 (NLCT)

(/nix/store/a4xk35zqigjpqbrdindypnn14fm6id9s-texlive-combined-full-2025.2025070
3-texmfdist/tex/latex/tools/longtable.sty
Package: longtable 2024-12-18 v4.23 Multi-page Table package (DPC)
\LTleft=\skip65
\LTright=\skip66
\LTpre=\skip67
\LTpost=\skip68
\LTchunksize=\count355
\LTcapwidth=\dimen300
\LT@head=\box72
\LT@firsthead=\box73
\LT@foot=\box74
\LT@lastfoot=\box75
\LT@gbox=\box76
\LT@cols=\count356
\LT@rows=\count357
\c@LT@tables=\count358
\c@LT@chunks=\count359
\LT@p@ftn=\toks56
)
\glsdescwidth=\skip69
\glspagelistwidth=\skip70
)
(/nix/store/a4xk35zqigjpqbrdindypnn14fm6id9s-texlive-combined-full-2025.2025070
3-texmfdist/tex/latex/glossaries/styles/glossary-super.sty
Package: glossary-super 2025/05/14 v4.7 (NLCT)

(/nix/store/a4xk35zqigjpqbrdindypnn14fm6id9s-texlive-combined-full-2025.2025070
3-texmfdist/tex/latex/supertabular/supertabular.sty
Package: supertabular 2024/07/20 v4.2c the supertabular environment
\c@tracingst=\count360
\ST@wd=\dimen301
\ST@rightskip=\skip71
\ST@leftskip=\skip72
\ST@parfillskip=\skip73
\ST@pageleft=\dimen302
\ST@headht=\dimen303
\ST@tailht=\dimen304
\ST@pagesofar=\dimen305
\ST@pboxht=\dimen306
\ST@rowht=\dimen307
\ST@prevht=\dimen308
\ST@toadd=\dimen309
\ST@dimen=\dimen310
\ST@pbox=\box77
))
(/nix/store/a4xk35zqigjpqbrdindypnn14fm6id9s-texlive-combined-full-2025.2025070
3-texmfdist/tex/latex/glossaries/styles/glossary-tree.sty
Package: glossary-tree 2025/05/14 v4.7 (NLCT)
\l__glossaries_tree_max_known_level_int=\count361
\l__glossaries_tree_offset_dim=\dimen311
\l__glossaries_tree_namewidth_dim=\dimen312
\l__glossaries_tree_symbolwidth_dim=\dimen313
\l__glossaries_tree_prenamesym_width_dim=\dimen314
\l__glossaries_tree_presubnamesym_width_dim=\dimen315
\l__glossaries_tree_namewidth_padding_dim=\dimen316
\l__glossaries_tree_symbolwidth_padding_dim=\dimen317
\l__glossaries_tree_namesymbolwidth_dim=\dimen318
\l__glossaries_tree_namesymbolwidth_padding_dim=\dimen319
\l__glossaries_tree_level_int=\count362
\glstreeindent=\skip74
))
(/nix/store/a4xk35zqigjpqbrdindypnn14fm6id9s-texlive-combined-full-2025.2025070
3-texmfdist/tex/latex/base/fontenc.sty
Package: fontenc 2024/12/21 v2.1c Standard LaTeX package
)
(/nix/store/a4xk35zqigjpqbrdindypnn14fm6id9s-texlive-combined-full-2025.2025070
3-texmfdist/tex/latex/lm/lmodern.sty
Package: lmodern 2015/05/01 v1.6.1 Latin Modern Fonts
LaTeX Font Info:    Overwriting symbol font `operators' in version `normal'
(Font)                  OT1/cmr/m/n --> OT1/lmr/m/n on input line 22.
LaTeX Font Info:    Overwriting symbol font `letters' in version `normal'
(Font)                  OML/cmm/m/it --> OML/lmm/m/it on input line 23.
LaTeX Font Info:    Overwriting symbol font `symbols' in version `normal'
(Font)                  OMS/cmsy/m/n --> OMS/lmsy/m/n on input line 24.
LaTeX Font Info:    Overwriting symbol font `largesymbols' in version `normal'
(Font)                  OMX/cmex/m/n --> OMX/lmex/m/n on input line 25.
LaTeX Font Info:    Overwriting symbol font `operators' in version `bold'
(Font)                  OT1/cmr/bx/n --> OT1/lmr/bx/n on input line 26.
LaTeX Font Info:    Overwriting symbol font `letters' in version `bold'
(Font)                  OML/cmm/b/it --> OML/lmm/b/it on input line 27.
LaTeX Font Info:    Overwriting symbol font `symbols' in version `bold'
(Font)                  OMS/cmsy/b/n --> OMS/lmsy/b/n on input line 28.
LaTeX Font Info:    Overwriting symbol font `largesymbols' in version `bold'
(Font)                  OMX/cmex/m/n --> OMX/lmex/m/n on input line 29.
LaTeX Font Info:    Overwriting math alphabet `\mathbf' in version `normal'
(Font)                  OT1/cmr/bx/n --> OT1/lmr/bx/n on input line 31.
LaTeX Font Info:    Overwriting math alphabet `\mathsf' in version `normal'
(Font)                  OT1/cmss/m/n --> OT1/lmss/m/n on input line 32.
LaTeX Font Info:    Overwriting math alphabet `\mathit' in version `normal'
(Font)                  OT1/cmr/m/it --> OT1/lmr/m/it on input line 33.
LaTeX Font Info:    Overwriting math alphabet `\mathtt' in version `normal'
(Font)                  OT1/cmtt/m/n --> OT1/lmtt/m/n on input line 34.
LaTeX Font Info:    Overwriting math alphabet `\mathbf' in version `bold'
(Font)                  OT1/cmr/bx/n --> OT1/lmr/bx/n on input line 35.
LaTeX Font Info:    Overwriting math alphabet `\mathsf' in version `bold'
(Font)                  OT1/cmss/bx/n --> OT1/lmss/bx/n on input line 36.
LaTeX Font Info:    Overwriting math alphabet `\mathit' in version `bold'
(Font)                  OT1/cmr/bx/it --> OT1/lmr/bx/it on input line 37.
LaTeX Font Info:    Overwriting math alphabet `\mathtt' in version `bold'
(Font)                  OT1/cmtt/m/n --> OT1/lmtt/m/n on input line 38.
)
(/nix/store/a4xk35zqigjpqbrdindypnn14fm6id9s-texlive-combined-full-2025.2025070
3-texmfdist/tex/latex/psnfss/mathpazo.sty
Package: mathpazo 2020/03/25 PSNFSS-v9.3 Palatino w/ Pazo Math (D.Puga, WaS) 
\symupright=\mathgroup7
)
(/nix/store/a4xk35zqigjpqbrdindypnn14fm6id9s-texlive-combined-full-2025.2025070
3-texmfdist/tex/latex/microtype/microtype.sty
Package: microtype 2025/02/11 v3.2a Micro-typographical refinements (RS)
\MT@toks=\toks57
\MT@tempbox=\box78
\MT@count=\count363
LaTeX Info: Redefining \noprotrusionifhmode on input line 1087.
LaTeX Info: Redefining \leftprotrusion on input line 1088.
\MT@prot@toks=\toks58
LaTeX Info: Redefining \rightprotrusion on input line 1107.
LaTeX Info: Redefining \textls on input line 1449.
\MT@outer@kern=\dimen320
LaTeX Info: Redefining \microtypecontext on input line 2053.
LaTeX Info: Redefining \textmicrotypecontext on input line 2070.
\MT@listname@count=\count364

(/nix/store/a4xk35zqigjpqbrdindypnn14fm6id9s-texlive-combined-full-2025.2025070
3-texmfdist/tex/latex/microtype/microtype-pdftex.def
File: microtype-pdftex.def 2025/02/11 v3.2a Definitions specific to pdftex (RS)

LaTeX Info: Redefining \lsstyle on input line 944.
LaTeX Info: Redefining \lslig on input line 944.
\MT@outer@space=\skip75
)
Package microtype Info: Loading configuration file microtype.cfg.

(/nix/store/a4xk35zqigjpqbrdindypnn14fm6id9s-texlive-combined-full-2025.2025070
3-texmfdist/tex/latex/microtype/microtype.cfg
File: microtype.cfg 2025/02/11 v3.2a microtype main configuration file (RS)
)
LaTeX Info: Redefining \microtypesetup on input line 3065.
)
(/nix/store/a4xk35zqigjpqbrdindypnn14fm6id9s-texlive-combined-full-2025.2025070
3-texmfdist/tex/latex/tools/multicol.sty
Package: multicol 2025/05/25 v2.0a multicolumn formatting (FMi)
\c@tracingmulticols=\count365
\mult@box=\box79
\multicol@leftmargin=\dimen321
\c@unbalance=\count366
\c@collectmore=\count367
\doublecol@number=\count368
\multicoltolerance=\count369
\multicolpretolerance=\count370
\full@width=\dimen322
\page@free=\dimen323
\premulticols=\dimen324
\postmulticols=\dimen325
\multicolsep=\skip76
\multicolbaselineskip=\skip77
\partial@page=\box80
\last@line=\box81
\mc@boxedresult=\box82
\maxbalancingoverflow=\dimen326
\mult@rightbox=\box83
\mult@grightbox=\box84
\mult@firstbox=\box85
\mult@gfirstbox=\box86
\@tempa=\box87
\@tempa=\box88
\@tempa=\box89
\@tempa=\box90
\@tempa=\box91
\@tempa=\box92
\@tempa=\box93
\@tempa=\box94
\@tempa=\box95
\@tempa=\box96
\@tempa=\box97
\@tempa=\box98
\@tempa=\box99
\@tempa=\box100
\@tempa=\box101
\@tempa=\box102
\@tempa=\box103
\@tempa=\box104
\@tempa=\box105
\@tempa=\box106
\@tempa=\box107
\@tempa=\box108
\@tempa=\box109
\@tempa=\box110
\@tempa=\box111
\@tempa=\box112
\@tempa=\box113
\@tempa=\box114
\@tempa=\box115
\@tempa=\box116
\@tempa=\box117
\@tempa=\box118
\@tempa=\box119
\@tempa=\box120
\@tempa=\box121
\@tempa=\box122
\c@minrows=\count371
\c@columnbadness=\count372
\c@finalcolumnbadness=\count373
\last@try=\dimen327
\multicolovershoot=\dimen328
\multicolundershoot=\dimen329
\mult@nat@firstbox=\box123
\colbreak@box=\box124
\mc@col@check@num=\count374
\g__mc_curr_col_int=\count375
)
(/nix/store/a4xk35zqigjpqbrdindypnn14fm6id9s-texlive-combined-full-2025.2025070
3-texmfdist/tex/latex/adjmulticol/adjmulticol.sty
Package: adjmulticol 2022/05/15 v1.5 Adjusted margins for multicolumn layout
\adjmc@inner=\dimen330
\adjmc@outer=\dimen331
\adjmc@saved@leftmargin=\dimen332
)
(/nix/store/a4xk35zqigjpqbrdindypnn14fm6id9s-texlive-combined-full-2025.2025070
3-texmfdist/tex/latex/tcolorbox/tcolorbox.sty
Package: tcolorbox 2025/06/04 version 6.6.0 text color boxes

(/nix/store/a4xk35zqigjpqbrdindypnn14fm6id9s-texlive-combined-full-2025.2025070
3-texmfdist/tex/latex/environ/environ.sty
Package: environ 2014/05/04 v0.3 A new way to define environments

(/nix/store/a4xk35zqigjpqbrdindypnn14fm6id9s-texlive-combined-full-2025.2025070
3-texmfdist/tex/latex/trimspaces/trimspaces.sty
Package: trimspaces 2009/09/17 v1.1 Trim spaces around a token list
))
\tcb@titlebox=\box125
\tcb@upperbox=\box126
\tcb@lowerbox=\box127
\tcb@phantombox=\box128
\c@tcbbreakpart=\count376
\c@tcblayer=\count377
\c@tcolorbox@number=\count378
\l__tcobox_tmpa_box=\box129
\l__tcobox_tmpa_dim=\dimen333
\tcb@temp=\box130
\tcb@temp=\box131
\tcb@temp=\box132
\tcb@temp=\box133

(/nix/store/a4xk35zqigjpqbrdindypnn14fm6id9s-texlive-combined-full-2025.2025070
3-texmfdist/tex/latex/tcolorbox/tcbbreakable.code.tex
Library (tcolorbox): 'tcbbreakable.code.tex' version '6.6.0'

(/nix/store/a4xk35zqigjpqbrdindypnn14fm6id9s-texlive-combined-full-2025.2025070
3-texmfdist/tex/latex/pdfcol/pdfcol.sty
Package: pdfcol 2022-09-21 v1.7 Handle new color stacks for pdfTeX (HO)

(/nix/store/a4xk35zqigjpqbrdindypnn14fm6id9s-texlive-combined-full-2025.2025070
3-texmfdist/tex/generic/ltxcmds/ltxcmds.sty
Package: ltxcmds 2023-12-04 v1.26 LaTeX kernel commands for general use (HO)
)
(/nix/store/a4xk35zqigjpqbrdindypnn14fm6id9s-texlive-combined-full-2025.2025070
3-texmfdist/tex/generic/infwarerr/infwarerr.sty
Package: infwarerr 2019/12/03 v1.5 Providing info/warning/error messages (HO)
)
(/nix/store/a4xk35zqigjpqbrdindypnn14fm6id9s-texlive-combined-full-2025.2025070
3-texmfdist/tex/generic/iftex/iftex.sty
Package: iftex 2024/12/12 v1.0g TeX engine tests
))
Package pdfcol Info: New color stack `tcb@breakable' = 1 on input line 23.
\tcb@testbox=\box134
\tcb@totalupperbox=\box135
\tcb@totallowerbox=\box136
))
(/nix/store/a4xk35zqigjpqbrdindypnn14fm6id9s-texlive-combined-full-2025.2025070
3-texmfdist/tex/latex/wrapfig/wrapfig.sty
\wrapoverhang=\dimen334
\WF@size=\dimen335
\c@WF@wrappedlines=\count379
\WF@box=\box137
\WF@everypar=\toks59
Package: wrapfig 2003/01/31  v 3.6
)
(/nix/store/a4xk35zqigjpqbrdindypnn14fm6id9s-texlive-combined-full-2025.2025070
3-texmfdist/tex/latex/setspace/setspace.sty
Package: setspace 2022/12/04 v6.7b set line spacing
)
(/nix/store/a4xk35zqigjpqbrdindypnn14fm6id9s-texlive-combined-full-2025.2025070
3-texmfdist/tex/latex/titlesec/titlesec.sty
Package: titlesec 2025/01/04 v2.17 Sectioning titles
\ttl@box=\box138
\beforetitleunit=\skip78
\aftertitleunit=\skip79
\ttl@plus=\dimen336
\ttl@minus=\dimen337
\ttl@toksa=\toks60
\titlewidth=\dimen338
\titlewidthlast=\dimen339
\titlewidthfirst=\dimen340
)
(/nix/store/a4xk35zqigjpqbrdindypnn14fm6id9s-texlive-combined-full-2025.2025070
3-texmfdist/tex/latex/apptools/apptools.sty
Package: apptools 2012/11/28 v1.0 Tools for customizing appendices
)
(/nix/store/a4xk35zqigjpqbrdindypnn14fm6id9s-texlive-combined-full-2025.2025070
3-texmfdist/tex/latex/hyperref/hyperref.sty
Package: hyperref 2025-06-21 v7.01n Hypertext links for LaTeX

(/nix/store/a4xk35zqigjpqbrdindypnn14fm6id9s-texlive-combined-full-2025.2025070
3-texmfdist/tex/latex/kvsetkeys/kvsetkeys.sty
Package: kvsetkeys 2022-10-05 v1.19 Key value parser (HO)
)
(/nix/store/a4xk35zqigjpqbrdindypnn14fm6id9s-texlive-combined-full-2025.2025070
3-texmfdist/tex/generic/kvdefinekeys/kvdefinekeys.sty
Package: kvdefinekeys 2019-12-19 v1.6 Define keys (HO)
)
(/nix/store/a4xk35zqigjpqbrdindypnn14fm6id9s-texlive-combined-full-2025.2025070
3-texmfdist/tex/generic/pdfescape/pdfescape.sty
Package: pdfescape 2019/12/09 v1.15 Implements pdfTeX's escape features (HO)

(/nix/store/a4xk35zqigjpqbrdindypnn14fm6id9s-texlive-combined-full-2025.2025070
3-texmfdist/tex/generic/pdftexcmds/pdftexcmds.sty
Package: pdftexcmds 2020-06-27 v0.33 Utility functions of pdfTeX for LuaTeX (HO
)
Package pdftexcmds Info: \pdf@primitive is available.
Package pdftexcmds Info: \pdf@ifprimitive is available.
Package pdftexcmds Info: \pdfdraftmode found.
))
(/nix/store/a4xk35zqigjpqbrdindypnn14fm6id9s-texlive-combined-full-2025.2025070
3-texmfdist/tex/latex/hycolor/hycolor.sty
Package: hycolor 2020-01-27 v1.10 Color options for hyperref/bookmark (HO)
)
(/nix/store/a4xk35zqigjpqbrdindypnn14fm6id9s-texlive-combined-full-2025.2025070
3-texmfdist/tex/latex/hyperref/nameref.sty
Package: nameref 2025-06-21 v2.57 Cross-referencing by name of section

(/nix/store/a4xk35zqigjpqbrdindypnn14fm6id9s-texlive-combined-full-2025.2025070
3-texmfdist/tex/latex/refcount/refcount.sty
Package: refcount 2019/12/15 v3.6 Data extraction from label references (HO)
)
(/nix/store/a4xk35zqigjpqbrdindypnn14fm6id9s-texlive-combined-full-2025.2025070
3-texmfdist/tex/generic/gettitlestring/gettitlestring.sty
Package: gettitlestring 2019/12/15 v1.6 Cleanup title references (HO)

(/nix/store/a4xk35zqigjpqbrdindypnn14fm6id9s-texlive-combined-full-2025.2025070
3-texmfdist/tex/latex/kvoptions/kvoptions.sty
Package: kvoptions 2022-06-15 v3.15 Key value format for package options (HO)
))
\c@section@level=\count380
)
(/nix/store/a4xk35zqigjpqbrdindypnn14fm6id9s-texlive-combined-full-2025.2025070
3-texmfdist/tex/generic/stringenc/stringenc.sty
Package: stringenc 2019/11/29 v1.12 Convert strings between diff. encodings (HO
)
)
\@linkdim=\dimen341
\Hy@linkcounter=\count381
\Hy@pagecounter=\count382

(/nix/store/a4xk35zqigjpqbrdindypnn14fm6id9s-texlive-combined-full-2025.2025070
3-texmfdist/tex/latex/hyperref/pd1enc.def
File: pd1enc.def 2025-06-21 v7.01n Hyperref: PDFDocEncoding definition (HO)
Now handling font encoding PD1 ...
... no UTF-8 mapping file for font encoding PD1
)
(/nix/store/a4xk35zqigjpqbrdindypnn14fm6id9s-texlive-combined-full-2025.2025070
3-texmfdist/tex/generic/intcalc/intcalc.sty
Package: intcalc 2019/12/15 v1.3 Expandable calculations with integers (HO)
)
\Hy@SavedSpaceFactor=\count383

(/nix/store/a4xk35zqigjpqbrdindypnn14fm6id9s-texlive-combined-full-2025.2025070
3-texmfdist/tex/latex/hyperref/puenc.def
File: puenc.def 2025-06-21 v7.01n Hyperref: PDF Unicode definition (HO)
Now handling font encoding PU ...
... no UTF-8 mapping file for font encoding PU
)
Package hyperref Info: Option `linktocpage' set `true' on input line 4052.
Package hyperref Info: Option `pdfusetitle' set `true' on input line 4052.
Package hyperref Info: Hyper figures OFF on input line 4181.
Package hyperref Info: Link nesting OFF on input line 4186.
Package hyperref Info: Hyper index ON on input line 4189.
Package hyperref Info: Plain pages OFF on input line 4196.
Package hyperref Info: Backreferencing OFF on input line 4201.
Package hyperref Info: Implicit mode ON; LaTeX internals redefined.
Package hyperref Info: Bookmarks ON on input line 4448.
\c@Hy@tempcnt=\count384

(/nix/store/a4xk35zqigjpqbrdindypnn14fm6id9s-texlive-combined-full-2025.2025070
3-texmfdist/tex/latex/url/url.sty
\Urlmuskip=\muskip18
Package: url 2013/09/16  ver 3.4  Verb mode for urls, etc.
)
LaTeX Info: Redefining \url on input line 4787.
\XeTeXLinkMargin=\dimen342

(/nix/store/a4xk35zqigjpqbrdindypnn14fm6id9s-texlive-combined-full-2025.2025070
3-texmfdist/tex/generic/bitset/bitset.sty
Package: bitset 2019/12/09 v1.3 Handle bit-vector datatype (HO)

(/nix/store/a4xk35zqigjpqbrdindypnn14fm6id9s-texlive-combined-full-2025.2025070
3-texmfdist/tex/generic/bigintcalc/bigintcalc.sty
Package: bigintcalc 2019/12/15 v1.5 Expandable calculations on big integers (HO
)
))
\Fld@menulength=\count385
\Field@Width=\dimen343
\Fld@charsize=\dimen344
Package hyperref Info: Hyper figures OFF on input line 6066.
Package hyperref Info: Link nesting OFF on input line 6071.
Package hyperref Info: Hyper index ON on input line 6074.
Package hyperref Info: backreferencing OFF on input line 6081.
Package hyperref Info: Link coloring OFF on input line 6086.
Package hyperref Info: Link coloring with OCG OFF on input line 6091.
Package hyperref Info: PDF/A mode OFF on input line 6096.
\Hy@abspage=\count386
\c@Item=\count387
\c@Hfootnote=\count388
)
Package hyperref Info: Driver (autodetected): hpdftex.

(/nix/store/a4xk35zqigjpqbrdindypnn14fm6id9s-texlive-combined-full-2025.2025070
3-texmfdist/tex/latex/hyperref/hpdftex.def
File: hpdftex.def 2025-06-21 v7.01n Hyperref driver for pdfTeX
\Fld@listcount=\count389
\c@bookmark@seq@number=\count390

(/nix/store/a4xk35zqigjpqbrdindypnn14fm6id9s-texlive-combined-full-2025.2025070
3-texmfdist/tex/latex/rerunfilecheck/rerunfilecheck.sty
Package: rerunfilecheck 2025-06-21 v1.11 Rerun checks for auxiliary files (HO)

(/nix/store/a4xk35zqigjpqbrdindypnn14fm6id9s-texlive-combined-full-2025.2025070
3-texmfdist/tex/generic/uniquecounter/uniquecounter.sty
Package: uniquecounter 2019/12/15 v1.4 Provide unlimited unique counter (HO)
)
Package uniquecounter Info: New unique counter `rerunfilecheck' on input line 2
84.
)
\Hy@SectionHShift=\skip80
)
Package hyperref Info: Option `colorlinks' set `true' on input line 92.

(/nix/store/a4xk35zqigjpqbrdindypnn14fm6id9s-texlive-combined-full-2025.2025070
3-texmfdist/tex/latex/fancyhdr/fancyhdr.sty
Package: fancyhdr 2025/02/07 v5.2 Extensive control of page headers and footers

\f@nch@headwidth=\skip81
\f@nch@offset@elh=\skip82
\f@nch@offset@erh=\skip83
\f@nch@offset@olh=\skip84
\f@nch@offset@orh=\skip85
\f@nch@offset@elf=\skip86
\f@nch@offset@erf=\skip87
\f@nch@offset@olf=\skip88
\f@nch@offset@orf=\skip89
\f@nch@height=\skip90
\f@nch@footalignment=\skip91
\f@nch@widthL=\skip92
\f@nch@widthC=\skip93
\f@nch@widthR=\skip94
\@temptokenb=\toks61
))
(/nix/store/a4xk35zqigjpqbrdindypnn14fm6id9s-texlive-combined-full-2025.2025070
3-texmfdist/tex/latex/cleveref/cleveref.sty
Package: cleveref 2018/03/27 v0.21.4 Intelligent cross-referencing
Package cleveref Info: `hyperref' support loaded on input line 2370.
LaTeX Info: Redefining \cref on input line 2370.
LaTeX Info: Redefining \Cref on input line 2370.
LaTeX Info: Redefining \crefrange on input line 2370.
LaTeX Info: Redefining \Crefrange on input line 2370.
LaTeX Info: Redefining \cpageref on input line 2370.
LaTeX Info: Redefining \Cpageref on input line 2370.
LaTeX Info: Redefining \cpagerefrange on input line 2370.
LaTeX Info: Redefining \Cpagerefrange on input line 2370.
LaTeX Info: Redefining \labelcref on input line 2370.
LaTeX Info: Redefining \labelcpageref on input line 2370.
Package cleveref Info: `amsthm' support loaded on input line 3026.
)
==> First Aid for cleveref.sty applied!
\c@definition=\count391
LaTeX Font Info:    Trying to load font information for T1+ppl on input line 77
.

(/nix/store/a4xk35zqigjpqbrdindypnn14fm6id9s-texlive-combined-full-2025.2025070
3-texmfdist/tex/latex/psnfss/t1ppl.fd
File: t1ppl.fd 2001/06/04 font definitions for T1/ppl.
)
(/nix/store/a4xk35zqigjpqbrdindypnn14fm6id9s-texlive-combined-full-2025.2025070
3-texmfdist/tex/latex/l3backend/l3backend-pdftex.def
File: l3backend-pdftex.def 2025-06-09 L3 backend support: PDF output (pdfTeX)
\l__color_backend_stack_int=\count392
) (./LogosReference.aux)
\openout1 = `LogosReference.aux'.

LaTeX Font Info:    Checking defaults for OML/cmm/m/it on input line 77.
LaTeX Font Info:    ... okay on input line 77.
LaTeX Font Info:    Checking defaults for OMS/cmsy/m/n on input line 77.
LaTeX Font Info:    ... okay on input line 77.
LaTeX Font Info:    Checking defaults for OT1/cmr/m/n on input line 77.
LaTeX Font Info:    ... okay on input line 77.
LaTeX Font Info:    Checking defaults for T1/cmr/m/n on input line 77.
LaTeX Font Info:    ... okay on input line 77.
LaTeX Font Info:    Checking defaults for TS1/cmr/m/n on input line 77.
LaTeX Font Info:    ... okay on input line 77.
LaTeX Font Info:    Checking defaults for OMX/cmex/m/n on input line 77.
LaTeX Font Info:    ... okay on input line 77.
LaTeX Font Info:    Checking defaults for U/cmr/m/n on input line 77.
LaTeX Font Info:    ... okay on input line 77.
LaTeX Font Info:    Checking defaults for PD1/pdf/m/n on input line 77.
LaTeX Font Info:    ... okay on input line 77.
LaTeX Font Info:    Checking defaults for PU/pdf/m/n on input line 77.
LaTeX Font Info:    ... okay on input line 77.

(/nix/store/a4xk35zqigjpqbrdindypnn14fm6id9s-texlive-combined-full-2025.2025070
3-texmfdist/tex/context/base/mkii/supp-pdf.mkii
[Loading MPS to PDF converter (version 2006.09.02).]
\scratchcounter=\count393
\scratchdimen=\dimen345
\scratchbox=\box139
\nofMPsegments=\count394
\nofMParguments=\count395
\everyMPshowfont=\toks62
\MPscratchCnt=\count396
\MPscratchDim=\dimen346
\MPnumerator=\count397
\makeMPintoPDFobject=\count398
\everyMPtoPDFconversion=\toks63
)
(/nix/store/a4xk35zqigjpqbrdindypnn14fm6id9s-texlive-combined-full-2025.2025070
3-texmfdist/tex/latex/epstopdf-pkg/epstopdf-base.sty
Package: epstopdf-base 2020-01-24 v2.11 Base part for package epstopdf
Package epstopdf-base Info: Redefining graphics rule for `.eps' on input line 4
85.

(/nix/store/a4xk35zqigjpqbrdindypnn14fm6id9s-texlive-combined-full-2025.2025070
3-texmfdist/tex/latex/latexconfig/epstopdf-sys.cfg
File: epstopdf-sys.cfg 2010/07/13 v1.3 Configuration of (r)epstopdf for TeX Liv
e
))
Package microtype Info: Patching varwidth to enable character protrusion.
\MT@vwid@leftmargin=\dimen347
\MT@vwid@rightmargin=\dimen348
LaTeX Info: Redefining \microtypecontext on input line 77.
Package microtype Info: Applying patch `item' on input line 77.
Package microtype Info: Applying patch `toc' on input line 77.
Package microtype Info: Applying patch `eqnum' on input line 77.
Package microtype Info: Applying patch `footnote' on input line 77.
Package microtype Info: Applying patch `verbatim' on input line 77.
LaTeX Info: Redefining \microtypesetup on input line 77.
Package microtype Info: Generating PDF output.
Package microtype Info: Character protrusion enabled (level 2).
Package microtype Info: Using default protrusion set `alltext'.
Package microtype Info: Automatic font expansion enabled (level 2),
(microtype)             stretch: 20, shrink: 20, step: 1, non-selected.
Package microtype Info: Using default expansion set `alltext-nott'.


LaTeX Warning: Command \showhyphens   has changed.
               Check if current package is valid.

LaTeX Info: Redefining \showhyphens on input line 77.
Package microtype Info: No adjustment of tracking.
Package microtype Info: No adjustment of interword spacing.
Package microtype Info: No adjustment of character kerning.

(/nix/store/a4xk35zqigjpqbrdindypnn14fm6id9s-texlive-combined-full-2025.2025070
3-texmfdist/tex/latex/microtype/mt-ppl.cfg
File: mt-ppl.cfg 2005/11/16 v1.6 microtype config. file: Palatino (RS)
)
Package hyperref Info: Link coloring ON on input line 77.
 (./LogosReference.out)
(./LogosReference.out)
\@outlinefile=\write4
\openout4 = `LogosReference.out'.


! Undefined control sequence.
\maketitle ...space {5pt} \par {\sc \Large \@pset 
                                                  } \par \vspace {5pt} \par ...
l.79 \maketitle
               
The control sequence at the end of the top line
of your error message was never \def'ed. If you have
misspelled it (e.g., `\hobx'), type `I' and the correct
spelling (e.g., `I\hbox'). Otherwise just continue,
and I'll forget about whatever was undefined.

(./LogosReference.toc
LaTeX Font Info:    Trying to load font information for OT1+ppl on input line 2
.

(/nix/store/a4xk35zqigjpqbrdindypnn14fm6id9s-texlive-combined-full-2025.2025070
3-texmfdist/tex/latex/psnfss/ot1ppl.fd
File: ot1ppl.fd 2001/06/04 font definitions for OT1/ppl.
)
LaTeX Font Info:    Trying to load font information for OML+zplm on input line 
2.

(/nix/store/a4xk35zqigjpqbrdindypnn14fm6id9s-texlive-combined-full-2025.2025070
3-texmfdist/tex/latex/psnfss/omlzplm.fd
File: omlzplm.fd 2002/09/08 Fontinst v1.914 font definitions for OML/zplm.
)
LaTeX Font Info:    Trying to load font information for OMS+zplm on input line 
2.

(/nix/store/a4xk35zqigjpqbrdindypnn14fm6id9s-texlive-combined-full-2025.2025070
3-texmfdist/tex/latex/psnfss/omszplm.fd
File: omszplm.fd 2002/09/08 Fontinst v1.914 font definitions for OMS/zplm.
)
LaTeX Font Info:    Trying to load font information for OMX+zplm on input line 
2.

(/nix/store/a4xk35zqigjpqbrdindypnn14fm6id9s-texlive-combined-full-2025.2025070
3-texmfdist/tex/latex/psnfss/omxzplm.fd
File: omxzplm.fd 2002/09/08 Fontinst v1.914 font definitions for OMX/zplm.
)
LaTeX Font Info:    Font shape `U/msa/m/n' will be
(Font)              scaled to size 11.40997pt on input line 2.

(/nix/store/a4xk35zqigjpqbrdindypnn14fm6id9s-texlive-combined-full-2025.2025070
3-texmfdist/tex/latex/microtype/mt-msa.cfg
File: mt-msa.cfg 2006/02/04 v1.1 microtype config. file: AMS symbols (a) (RS)
)
LaTeX Font Info:    Font shape `U/msa/m/n' will be
(Font)              scaled to size 8.33606pt on input line 2.
LaTeX Font Info:    Font shape `U/msa/m/n' will be
(Font)              scaled to size 6.25204pt on input line 2.
LaTeX Font Info:    Font shape `U/msb/m/n' will be
(Font)              scaled to size 11.40997pt on input line 2.

(/nix/store/a4xk35zqigjpqbrdindypnn14fm6id9s-texlive-combined-full-2025.2025070
3-texmfdist/tex/latex/microtype/mt-msb.cfg
File: mt-msb.cfg 2005/06/01 v1.0 microtype config. file: AMS symbols (b) (RS)
)
LaTeX Font Info:    Font shape `U/msb/m/n' will be
(Font)              scaled to size 8.33606pt on input line 2.
LaTeX Font Info:    Font shape `U/msb/m/n' will be
(Font)              scaled to size 6.25204pt on input line 2.
LaTeX Font Info:    Trying to load font information for U+stmry on input line 2
.

(/nix/store/a4xk35zqigjpqbrdindypnn14fm6id9s-texlive-combined-full-2025.2025070
3-texmfdist/tex/latex/stmaryrd/Ustmry.fd)
LaTeX Font Info:    Trying to load font information for OT1+zplm on input line 
2.

(/nix/store/a4xk35zqigjpqbrdindypnn14fm6id9s-texlive-combined-full-2025.2025070
3-texmfdist/tex/latex/psnfss/ot1zplm.fd
File: ot1zplm.fd 2002/09/08 Fontinst v1.914 font definitions for OT1/zplm.
)
Package microtype Info: Loading generic protrusion settings for font family
(microtype)             `zplm' (encoding: OT1).
(microtype)             For optimal results, create family-specific settings.
(microtype)             See the microtype manual for details.


[1{/nix/store/yg36ilq147awiwvwhymm9768ail8rjhi-texlive-combined-full-2025.20250
703/share/texmf-var/fonts/map/pdftex/updmap/pdftex.map}{/nix/store/a4xk35zqigjp
qbrdindypnn14fm6id9s-texlive-combined-full-2025.20250703-texmfdist/fonts/enc/dv
ips/base/8r.enc}

]

[2])
\tf@toc=\write5
\openout5 = `LogosReference.toc'.



[3] (./subfiles/00-Introduction.tex
LaTeX Font Info:    Font shape `U/msa/m/n' will be
(Font)              scaled to size 10.42007pt on input line 47.
LaTeX Font Info:    Font shape `U/msa/m/n' will be
(Font)              scaled to size 7.91925pt on input line 47.
LaTeX Font Info:    Font shape `U/msb/m/n' will be
(Font)              scaled to size 10.42007pt on input line 47.
LaTeX Font Info:    Font shape `U/msb/m/n' will be
(Font)              scaled to size 7.91925pt on input line 47.


[4]
LaTeX Font Info:    Trying to load font information for TS1+ppl on input line 1
45.

(/nix/store/a4xk35zqigjpqbrdindypnn14fm6id9s-texlive-combined-full-2025.2025070
3-texmfdist/tex/latex/psnfss/ts1ppl.fd
File: ts1ppl.fd 2001/06/04 font definitions for TS1/ppl.
)

[5]
LaTeX Font Info:    Trying to load font information for T1+lmtt on input line 1
51.

(/nix/store/a4xk35zqigjpqbrdindypnn14fm6id9s-texlive-combined-full-2025.2025070
3-texmfdist/tex/latex/lm/t1lmtt.fd
File: t1lmtt.fd 2015/05/01 v1.6.1 Font defs for Latin Modern
)
Package microtype Info: Loading generic protrusion settings for font family
(microtype)             `lmtt' (encoding: T1).
(microtype)             For optimal results, create family-specific settings.
(microtype)             See the microtype manual for details.

Overfull \hbox (20.70996pt too wide) in paragraph at lines 163--164
[]\T1/ppl/m/n/10.95 (-20) The im-ple-men-ta-tion can be found in the \T1/lmtt/m
/n/10.95 Logos/ \T1/ppl/m/n/10.95 (-20) di-rec-tory of the ProofChecker
 []

) (./subfiles/01-ConstitutiveFoundation.tex

[6{/nix/store/a4xk35zqigjpqbrdindypnn14fm6id9s-texlive-combined-full-2025.20250
703-texmfdist/fonts/enc/dvips/lm/lm-ec.enc}]

[7]
Overfull \hbox (27.26247pt too wide) in paragraph at lines 114--115
[]\T1/ppl/b/n/10.95 (-20) Function ap-pli-ca-tion $\OML/zplm/m/it/10.95 f\OT1/z
plm/m/n/10.95 (\OML/zplm/m/it/10.95 t[]\OT1/ppl/m/n/10.95 (-20) , [] , \OML/zpl
m/m/it/10.95 t[]\OT1/zplm/m/n/10.95 )$\T1/ppl/m/n/10.95 (-20) : $\U/stmry/m/n/1
0.95 J\OML/zplm/m/it/10.95 f\OT1/zplm/m/n/10.95 (\OML/zplm/m/it/10.95 t[]\OT1/p
pl/m/n/10.95 (-20) , [] , \OML/zplm/m/it/10.95 t[]\OT1/zplm/m/n/10.95 )\U/stmry
/m/n/10.95 K[] \OT1/zplm/m/n/10.95 = \OML/zplm/m/it/10.95 I\OT1/zplm/m/n/10.95 
(\OML/zplm/m/it/10.95 f\OT1/zplm/m/n/10.95 )(\U/stmry/m/n/10.95 J\OML/zplm/m/it
/10.95 t[]\U/stmry/m/n/10.95 K[]\OT1/ppl/m/n/10.95 (-20) , [] , \U/stmry/m/n/10
.95 J\OML/zplm/m/it/10.95 t[]\U/stmry/m/n/10.95 K[]\OT1/zplm/m/n/10.95 )$ 
 []



[8]
Overfull \hbox (37.13072pt too wide) detected at line 163
[]
 []


Overfull \hbox (37.13072pt too wide) detected at line 173
[]
 []



[9]
Overfull \hbox (0.68039pt too wide) detected at line 195
[]
 []



[10]
Overfull \hbox (117.8139pt too wide) detected at line 271
\OT1/zplm/m/n/10.95 ^^@ \OMS/zplm/m/n/10.95 j[]\OT1/zplm/m/n/10.95 = \OML/zplm/
m/it/10.95 A  \OMS/zplm/m/n/10.95 ([])  []\OT1/zplm/b/n/10.95 M[]\OML/zplm/m/it
/10.95 ^^[ \OT1/zplm/m/n/10.95 : []\OT1/zplm/b/n/10.95 M\OT1/ppl/m/n/10.95 , \O
ML/zplm/m/it/10.95 ^^[\OT1/ppl/m/n/10.95 , \U/msa/m/n/10.95 ^^C ^^M[] \OML/zplm
/m/it/10.95 B[]B \OMS/zplm/m/n/10.95 2 \OT1/zplm/m/n/10.95 ^^@\OT1/ppl/m/n/10.9
5 , []\OT1/zplm/b/n/10.95 M\OT1/ppl/m/n/10.95 , \OML/zplm/m/it/10.95 ^^[\OT1/pp
l/m/n/10.95 , \U/msa/m/n/10.95 ^^C ^^M[] \OML/zplm/m/it/10.95 A
 []



[11]) (./subfiles/02-CoreExtension-Syntax.tex

[12]
LaTeX Font Info:    Trying to load font information for OT1+lmss on input line 
43.

(/nix/store/a4xk35zqigjpqbrdindypnn14fm6id9s-texlive-combined-full-2025.2025070
3-texmfdist/tex/latex/lm/ot1lmss.fd
File: ot1lmss.fd 2015/05/01 v1.6.1 Font defs for Latin Modern
)
Package microtype Info: Loading generic protrusion settings for font family
(microtype)             `lmss' (encoding: OT1).
(microtype)             For optimal results, create family-specific settings.
(microtype)             See the microtype manual for details.


[13{/nix/store/a4xk35zqigjpqbrdindypnn14fm6id9s-texlive-combined-full-2025.2025
0703-texmfdist/fonts/enc/dvips/lm/lm-rm.enc}])
(./subfiles/03-CoreExtension-Semantics.tex

[14]

[15]
Overfull \hbox (60.89037pt too wide) detected at line 135
[]
 []


Overfull \hbox (3.64473pt too wide) in paragraph at lines 163--165
\T1/ppl/m/n/10.95 (-20) The un-re-stricted uni-ver-sal quan-ti-fier val-i-dates
 the Bar-can for-mu-las ($\OMS/zplm/m/n/10.95 8\OML/zplm/m/it/10.95 x\U/msa/m/n
/10.95 ^^C\OML/zplm/m/it/10.95 A \OMS/zplm/m/n/10.95 !
 []



[16]

[17]
Overfull \hbox (9.99884pt too wide) in paragraph at lines 226--228
\T1/ppl/m/n/10.95 (-20) if $\OML/zplm/m/it/10.95 s \OMS/zplm/m/n/10.95 ^^A \OML
/zplm/m/it/10.95 t \OMS/zplm/m/n/10.95 v \OML/zplm/m/it/10.95 ^^L\OT1/zplm/m/n/
10.95 (\OML/zplm/m/it/10.95 x\OT1/zplm/m/n/10.95 )$ \T1/ppl/m/n/10.95 (-20) for
 some max-i-mal $\OML/zplm/m/it/10.95 t$\T1/ppl/m/n/10.95 (-20) -compatible par
t $\OML/zplm/m/it/10.95 s \OMS/zplm/m/n/10.95 2 \OML/zplm/m/it/10.95 ^^\\OT1/zp
lm/m/n/10.95 (\OML/zplm/m/it/10.95 x\OT1/zplm/m/n/10.95 )[]$\T1/ppl/m/n/10.95 (
-20) , then $\OT1/zplm/b/n/10.95 M\OT1/ppl/m/n/10.95 (-20) , \OML/zplm/m/it/10.
95 ^^L\OT1/ppl/m/n/10.95 (-20) , \OML/zplm/m/it/10.95 x\OT1/ppl/m/n/10.95 (-20)
 , \OML/zplm/m/it/10.95 ^^[\OT1/ppl/m/n/10.95 (-20) , [] \OMS/zplm/m/n/10.95 j[
]\OT1/zplm/m/n/10.95 =
 []



[18]
Overfull \hbox (134.64377pt too wide) in paragraph at lines 287--297
 [][] 
 []


Overfull \hbox (108.9964pt too wide) detected at line 310
\OT1/zplm/m/n/10.95 ^^@ \OMS/zplm/m/n/10.95 j[]\OT1/zplm/m/n/10.95 = \OML/zplm/
m/it/10.95 A  \OMS/zplm/m/n/10.95 ([])  []\OT1/zplm/b/n/10.95 M\OT1/ppl/m/n/10.
95 , \OML/zplm/m/it/10.95 ^^\ \OMS/zplm/m/n/10.95 2 \OML/zplm/m/it/10.95 H[]\OT
1/ppl/m/n/10.95 , \OML/zplm/m/it/10.95 x \OMS/zplm/m/n/10.95 2 \OML/zplm/m/it/1
0.95 D\OT1/ppl/m/n/10.95 , \OML/zplm/m/it/10.95 ^^[\OT1/ppl/m/n/10.95 , [] \OT1
/zplm/m/n/10.95 : []\OT1/zplm/b/n/10.95 M\OT1/ppl/m/n/10.95 , \OML/zplm/m/it/10
.95 ^^\\OT1/ppl/m/n/10.95 , \OML/zplm/m/it/10.95 x\OT1/ppl/m/n/10.95 , \OML/zpl
m/m/it/10.95 ^^[\OT1/ppl/m/n/10.95 , [] \OMS/zplm/m/n/10.95 j[]\OT1/zplm/m/n/10
.95 = \OML/zplm/m/it/10.95 B[]B \OMS/zplm/m/n/10.95 2 \OT1/zplm/m/n/10.95 ^^@\O
T1/ppl/m/n/10.95 , []\OT1/zplm/b/n/10.95 M\OT1/ppl/m/n/10.95 , \OML/zplm/m/it/1
0.95 ^^\\OT1/ppl/m/n/10.95 , \OML/zplm/m/it/10.95 x\OT1/ppl/m/n/10.95 , \OML/zp
lm/m/it/10.95 ^^[\OT1/ppl/m/n/10.95 , [] \OMS/zplm/m/n/10.95 j[]\OT1/zplm/m/n/1
0.95 = \OML/zplm/m/it/10.95 A
 []



[19]) (./subfiles/04-CoreExtension-Axioms.tex
Overfull \hbox (60.20377pt too wide) detected at line 43
[]
 []


Overfull \hbox (2.49023pt too wide) in paragraph at lines 48--49
[]\T1/ppl/b/n/10.95 (-20) C1 \T1/ppl/m/n/10.95 (-20) (Iden-tity): Ev-
 []



[20]

[21]) (./subfiles/05-Epistemic.tex

LaTeX Warning: `h' float specifier changed to `ht'.



[22]) (./subfiles/06-Normative.tex

[23]) (./subfiles/07-Spatial.tex
Overfull \hbox (1.93114pt too wide) in paragraph at lines 28--30
[]\T1/ppl/m/sc/10.95 (-20) [Open Ques-tion]: \T1/ppl/m/n/10.95 (-20) What spa-t
ial prim-i-tives are re-quired? Should
 []

) (./subfiles/08-Agential.tex

[24])
No file LogosReference.bbl.


[25] (./LogosReference.aux)
 ***********
LaTeX2e <2025-06-01> patch level 1
L3 programming layer <2025-06-09>
 ***********
Package rerunfilecheck Info: File `LogosReference.out' has not changed.
(rerunfilecheck)             Checksum: 0D7428A80CF987A08AF1BF33EC02B3F8;10541.
 ) 
Here is how much of TeX's memory you used:
 38338 strings out of 467888
 782778 string characters out of 5405403
 1222529 words of memory out of 5000000
 65600 multiletter control sequences out of 15000+600000
 702825 words of font info for 400 fonts, out of 8000000 for 9000
 1141 hyphenation exceptions out of 8191
 102i,14n,107p,2511b,918s stack positions out of 10000i,1000n,20000p,200000b,200000s
</nix/store/a4xk35zqigjpqbrdindypnn14fm6id9s-texlive-combined-full-2025.20250
703-texmfdist/fonts/type1/public/amsfonts/cm/cmmi10.pfb></nix/store/a4xk35zqigj
pqbrdindypnn14fm6id9s-texlive-combined-full-2025.20250703-texmfdist/fonts/type1
/public/amsfonts/cm/cmr10.pfb></nix/store/a4xk35zqigjpqbrdindypnn14fm6id9s-texl
ive-combined-full-2025.20250703-texmfdist/fonts/type1/public/amsfonts/cm/cmsy10
.pfb></nix/store/a4xk35zqigjpqbrdindypnn14fm6id9s-texlive-combined-full-2025.20
250703-texmfdist/fonts/type1/public/mathpazo/fplmr.pfb></nix/store/a4xk35zqigjp
qbrdindypnn14fm6id9s-texlive-combined-full-2025.20250703-texmfdist/fonts/type1/
public/mathpazo/fplmri.pfb></nix/store/a4xk35zqigjpqbrdindypnn14fm6id9s-texlive
-combined-full-2025.20250703-texmfdist/fonts/type1/public/lm/lmss10.pfb></nix/s
tore/a4xk35zqigjpqbrdindypnn14fm6id9s-texlive-combined-full-2025.20250703-texmf
dist/fonts/type1/public/lm/lmtt10.pfb></nix/store/a4xk35zqigjpqbrdindypnn14fm6i
d9s-texlive-combined-full-2025.20250703-texmfdist/fonts/type1/public/amsfonts/s
ymbols/msam10.pfb></nix/store/a4xk35zqigjpqbrdindypnn14fm6id9s-texlive-combined
-full-2025.20250703-texmfdist/fonts/type1/public/stmaryrd/stmary10.pfb></nix/st
ore/a4xk35zqigjpqbrdindypnn14fm6id9s-texlive-combined-full-2025.20250703-texmfd
ist/fonts/type1/urw/palatino/uplb8a.pfb></nix/store/a4xk35zqigjpqbrdindypnn14fm
6id9s-texlive-combined-full-2025.20250703-texmfdist/fonts/type1/urw/palatino/up
lr8a.pfb></nix/store/a4xk35zqigjpqbrdindypnn14fm6id9s-texlive-combined-full-202
5.20250703-texmfdist/fonts/type1/urw/palatino/uplr8a.pfb></nix/store/a4xk35zqig
jpqbrdindypnn14fm6id9s-texlive-combined-full-2025.20250703-texmfdist/fonts/type
1/urw/palatino/uplri8a.pfb>
Output written on LogosReference.pdf (25 pages, 242378 bytes).
PDF statistics:
 745 PDF objects out of 1000 (max. 8388607)
 685 compressed objects within 7 object streams
 256 named destinations out of 1000 (max. 500000)
 88093 words of extra memory for PDF output out of 89155 (max. 10000000)

