This is XeTeX, Version 3.141592653-2.6-0.999997 (TeX Live 2025/nixos.org) (preloaded format=xelatex 1980.1.1)  16 JAN 2026 10:02
entering extended mode
 restricted \write18 enabled.
 %&-line parsing enabled.
**03-ExplanatoryExtension-Semantics.tex
(./03-ExplanatoryExtension-Semantics.tex
LaTeX2e <2025-06-01> patch level 1
L3 programming layer <2025-06-09>

(/nix/store/mmsrx80s04dd1s9bwnv7k4n5pyil4lkz-texlive-combined-full-2025.2025070
3-texmfdist/tex/latex/subfiles/subfiles.cls
Document Class: subfiles 2020/11/14 v2.2 Multi-file projects (class)
Preamble taken from file `../LogosReference.tex'

(/nix/store/mmsrx80s04dd1s9bwnv7k4n5pyil4lkz-texlive-combined-full-2025.2025070
3-texmfdist/tex/latex/import/import.sty
Package: import 2020/04/01  v 6.2
) (../LogosReference.tex
(/nix/store/mmsrx80s04dd1s9bwnv7k4n5pyil4lkz-texlive-combined-full-2025.2025070
3-texmfdist/tex/latex/base/article.cls
Document Class: article 2025/01/22 v1.4n Standard LaTeX document class

(/nix/store/mmsrx80s04dd1s9bwnv7k4n5pyil4lkz-texlive-combined-full-2025.2025070
3-texmfdist/tex/latex/base/size11.clo
File: size11.clo 2025/01/22 v1.4n Standard LaTeX file (size option)
)
\c@part=\count271
\c@section=\count272
\c@subsection=\count273
\c@subsubsection=\count274
\c@paragraph=\count275
\c@subparagraph=\count276
\c@figure=\count277
\c@table=\count278
\abovecaptionskip=\skip49
\belowcaptionskip=\skip50
\bibindent=\dimen148
)
(/nix/store/mmsrx80s04dd1s9bwnv7k4n5pyil4lkz-texlive-combined-full-2025.2025070
3-texmfdist/tex/latex/amsmath/amsmath.sty
Package: amsmath 2025/06/16 v2.17y AMS math features
\@mathmargin=\skip51

For additional information on amsmath, use the `?' option.

(/nix/store/mmsrx80s04dd1s9bwnv7k4n5pyil4lkz-texlive-combined-full-2025.2025070
3-texmfdist/tex/latex/amsmath/amstext.sty
Package: amstext 2024/11/17 v2.01 AMS text

(/nix/store/mmsrx80s04dd1s9bwnv7k4n5pyil4lkz-texlive-combined-full-2025.2025070
3-texmfdist/tex/latex/amsmath/amsgen.sty
File: amsgen.sty 1999/11/30 v2.0 generic functions
\@emptytoks=\toks17
\ex@=\dimen149
))
(/nix/store/mmsrx80s04dd1s9bwnv7k4n5pyil4lkz-texlive-combined-full-2025.2025070
3-texmfdist/tex/latex/amsmath/amsbsy.sty
Package: amsbsy 1999/11/29 v1.2d Bold Symbols
\pmbraise@=\dimen150
)
(/nix/store/mmsrx80s04dd1s9bwnv7k4n5pyil4lkz-texlive-combined-full-2025.2025070
3-texmfdist/tex/latex/amsmath/amsopn.sty
Package: amsopn 2022/04/08 v2.04 operator names
)
\inf@bad=\count279
LaTeX Info: Redefining \frac on input line 233.
\uproot@=\count280
\leftroot@=\count281
LaTeX Info: Redefining \overline on input line 398.
LaTeX Info: Redefining \colon on input line 409.
\classnum@=\count282
\DOTSCASE@=\count283
LaTeX Info: Redefining \ldots on input line 495.
LaTeX Info: Redefining \dots on input line 498.
LaTeX Info: Redefining \cdots on input line 619.
\Mathstrutbox@=\box53
\strutbox@=\box54
LaTeX Info: Redefining \big on input line 721.
LaTeX Info: Redefining \Big on input line 722.
LaTeX Info: Redefining \bigg on input line 723.
LaTeX Info: Redefining \Bigg on input line 724.
\big@size=\dimen151
LaTeX Font Info:    Redeclaring font encoding OML on input line 742.
LaTeX Font Info:    Redeclaring font encoding OMS on input line 743.
\macc@depth=\count284
LaTeX Info: Redefining \bmod on input line 904.
LaTeX Info: Redefining \pmod on input line 909.
LaTeX Info: Redefining \smash on input line 939.
LaTeX Info: Redefining \relbar on input line 969.
LaTeX Info: Redefining \Relbar on input line 970.
\c@MaxMatrixCols=\count285
\dotsspace@=\muskip17
\c@parentequation=\count286
\dspbrk@lvl=\count287
\tag@help=\toks18
\row@=\count288
\column@=\count289
\maxfields@=\count290
\andhelp@=\toks19
\eqnshift@=\dimen152
\alignsep@=\dimen153
\tagshift@=\dimen154
\tagwidth@=\dimen155
\totwidth@=\dimen156
\lineht@=\dimen157
\@envbody=\toks20
\multlinegap=\skip52
\multlinetaggap=\skip53
\mathdisplay@stack=\toks21
LaTeX Info: Redefining \[ on input line 2949.
LaTeX Info: Redefining \] on input line 2950.
)
(/nix/store/mmsrx80s04dd1s9bwnv7k4n5pyil4lkz-texlive-combined-full-2025.2025070
3-texmfdist/tex/latex/amscls/amsthm.sty
Package: amsthm 2020/05/29 v2.20.6
\thm@style=\toks22
\thm@bodyfont=\toks23
\thm@headfont=\toks24
\thm@notefont=\toks25
\thm@headpunct=\toks26
\thm@preskip=\skip54
\thm@postskip=\skip55
\thm@headsep=\skip56
\dth@everypar=\toks27
)
(/nix/store/mmsrx80s04dd1s9bwnv7k4n5pyil4lkz-texlive-combined-full-2025.2025070
3-texmfdist/tex/latex/amsfonts/amssymb.sty
Package: amssymb 2013/01/14 v3.01 AMS font symbols

(/nix/store/mmsrx80s04dd1s9bwnv7k4n5pyil4lkz-texlive-combined-full-2025.2025070
3-texmfdist/tex/latex/amsfonts/amsfonts.sty
Package: amsfonts 2013/01/14 v3.01 Basic AMSFonts support
\symAMSa=\mathgroup4
\symAMSb=\mathgroup5
LaTeX Font Info:    Redeclaring math symbol \hbar on input line 98.
LaTeX Font Info:    Overwriting math alphabet `\mathfrak' in version `bold'
(Font)                  U/euf/m/n --> U/euf/b/n on input line 106.
))
(/nix/store/mmsrx80s04dd1s9bwnv7k4n5pyil4lkz-texlive-combined-full-2025.2025070
3-texmfdist/tex/latex/stmaryrd/stmaryrd.sty
Package: stmaryrd 1994/03/03 St Mary's Road symbol package
\symstmry=\mathgroup6
LaTeX Font Info:    Overwriting symbol font `stmry' in version `bold'
(Font)                  U/stmry/m/n --> U/stmry/b/n on input line 89.
)
(/nix/store/mmsrx80s04dd1s9bwnv7k4n5pyil4lkz-texlive-combined-full-2025.2025070
3-texmfdist/tex/latex/subfiles/subfiles.sty
Package: subfiles 2020/11/14 v2.2 Multi-file projects (package)
)
(/nix/store/mmsrx80s04dd1s9bwnv7k4n5pyil4lkz-texlive-combined-full-2025.2025070
3-texmfdist/tex/latex/booktabs/booktabs.sty
Package: booktabs 2020/01/12 v1.61803398 Publication quality tables
\heavyrulewidth=\dimen158
\lightrulewidth=\dimen159
\cmidrulewidth=\dimen160
\belowrulesep=\dimen161
\belowbottomsep=\dimen162
\aboverulesep=\dimen163
\abovetopsep=\dimen164
\cmidrulesep=\dimen165
\cmidrulekern=\dimen166
\defaultaddspace=\dimen167
\@cmidla=\count291
\@cmidlb=\count292
\@aboverulesep=\dimen168
\@belowrulesep=\dimen169
\@thisruleclass=\count293
\@lastruleclass=\count294
\@thisrulewidth=\dimen170
)
(/nix/store/mmsrx80s04dd1s9bwnv7k4n5pyil4lkz-texlive-combined-full-2025.2025070
3-texmfdist/tex/latex/tools/array.sty
Package: array 2025/06/08 v2.6j Tabular extension package (FMi)
\col@sep=\dimen171
\ar@mcellbox=\box55
\extrarowheight=\dimen172
\NC@list=\toks28
\extratabsurround=\skip57
\backup@length=\skip58
\ar@cellbox=\box56
)
(/nix/store/mmsrx80s04dd1s9bwnv7k4n5pyil4lkz-texlive-combined-full-2025.2025070
3-texmfdist/tex/latex/enumitem/enumitem.sty
Package: enumitem 2025/02/06 v3.11 Customized lists
\enitkv@toks@=\toks29
\labelindent=\skip59
\enit@outerparindent=\dimen173
\enit@toks=\toks30
\enit@inbox=\box57
\enit@count@id=\count295
\enitdp@description=\count296
)
(/nix/store/mmsrx80s04dd1s9bwnv7k4n5pyil4lkz-texlive-combined-full-2025.2025070
3-texmfdist/tex/latex/pgf/frontendlayer/tikz.sty
(/nix/store/mmsrx80s04dd1s9bwnv7k4n5pyil4lkz-texlive-combined-full-2025.2025070
3-texmfdist/tex/latex/pgf/basiclayer/pgf.sty
(/nix/store/mmsrx80s04dd1s9bwnv7k4n5pyil4lkz-texlive-combined-full-2025.2025070
3-texmfdist/tex/latex/pgf/utilities/pgfrcs.sty
(/nix/store/mmsrx80s04dd1s9bwnv7k4n5pyil4lkz-texlive-combined-full-2025.2025070
3-texmfdist/tex/generic/pgf/utilities/pgfutil-common.tex
\pgfutil@everybye=\toks31
\pgfutil@tempdima=\dimen174
\pgfutil@tempdimb=\dimen175
)
(/nix/store/mmsrx80s04dd1s9bwnv7k4n5pyil4lkz-texlive-combined-full-2025.2025070
3-texmfdist/tex/generic/pgf/utilities/pgfutil-latex.def
\pgfutil@abb=\box58
)
(/nix/store/mmsrx80s04dd1s9bwnv7k4n5pyil4lkz-texlive-combined-full-2025.2025070
3-texmfdist/tex/generic/pgf/utilities/pgfrcs.code.tex
(/nix/store/mmsrx80s04dd1s9bwnv7k4n5pyil4lkz-texlive-combined-full-2025.2025070
3-texmfdist/tex/generic/pgf/pgf.revision.tex)
Package: pgfrcs 2023-01-15 v3.1.10 (3.1.10)
))
Package: pgf 2023-01-15 v3.1.10 (3.1.10)

(/nix/store/mmsrx80s04dd1s9bwnv7k4n5pyil4lkz-texlive-combined-full-2025.2025070
3-texmfdist/tex/latex/pgf/basiclayer/pgfcore.sty
(/nix/store/mmsrx80s04dd1s9bwnv7k4n5pyil4lkz-texlive-combined-full-2025.2025070
3-texmfdist/tex/latex/graphics/graphicx.sty
Package: graphicx 2024/12/31 v1.2e Enhanced LaTeX Graphics (DPC,SPQR)

(/nix/store/mmsrx80s04dd1s9bwnv7k4n5pyil4lkz-texlive-combined-full-2025.2025070
3-texmfdist/tex/latex/graphics/keyval.sty
Package: keyval 2022/05/29 v1.15 key=value parser (DPC)
\KV@toks@=\toks32
)
(/nix/store/mmsrx80s04dd1s9bwnv7k4n5pyil4lkz-texlive-combined-full-2025.2025070
3-texmfdist/tex/latex/graphics/graphics.sty
Package: graphics 2024/08/06 v1.4g Standard LaTeX Graphics (DPC,SPQR)

(/nix/store/mmsrx80s04dd1s9bwnv7k4n5pyil4lkz-texlive-combined-full-2025.2025070
3-texmfdist/tex/latex/graphics/trig.sty
Package: trig 2023/12/02 v1.11 sin cos tan (DPC)
)
(/nix/store/mmsrx80s04dd1s9bwnv7k4n5pyil4lkz-texlive-combined-full-2025.2025070
3-texmfdist/tex/latex/graphics-cfg/graphics.cfg
File: graphics.cfg 2016/06/04 v1.11 sample graphics configuration
)
Package graphics Info: Driver file: xetex.def on input line 106.

(/nix/store/mmsrx80s04dd1s9bwnv7k4n5pyil4lkz-texlive-combined-full-2025.2025070
3-texmfdist/tex/latex/graphics-def/xetex.def
File: xetex.def 2022/09/22 v5.0n Graphics/color driver for xetex
))
\Gin@req@height=\dimen176
\Gin@req@width=\dimen177
)
(/nix/store/mmsrx80s04dd1s9bwnv7k4n5pyil4lkz-texlive-combined-full-2025.2025070
3-texmfdist/tex/latex/pgf/systemlayer/pgfsys.sty
(/nix/store/mmsrx80s04dd1s9bwnv7k4n5pyil4lkz-texlive-combined-full-2025.2025070
3-texmfdist/tex/generic/pgf/systemlayer/pgfsys.code.tex
Package: pgfsys 2023-01-15 v3.1.10 (3.1.10)

(/nix/store/mmsrx80s04dd1s9bwnv7k4n5pyil4lkz-texlive-combined-full-2025.2025070
3-texmfdist/tex/generic/pgf/utilities/pgfkeys.code.tex
\pgfkeys@pathtoks=\toks33
\pgfkeys@temptoks=\toks34

(/nix/store/mmsrx80s04dd1s9bwnv7k4n5pyil4lkz-texlive-combined-full-2025.2025070
3-texmfdist/tex/generic/pgf/utilities/pgfkeyslibraryfiltered.code.tex
\pgfkeys@tmptoks=\toks35
))
\pgf@x=\dimen178
\pgf@y=\dimen179
\pgf@xa=\dimen180
\pgf@ya=\dimen181
\pgf@xb=\dimen182
\pgf@yb=\dimen183
\pgf@xc=\dimen184
\pgf@yc=\dimen185
\pgf@xd=\dimen186
\pgf@yd=\dimen187
\w@pgf@writea=\write3
\r@pgf@reada=\read2
\c@pgf@counta=\count297
\c@pgf@countb=\count298
\c@pgf@countc=\count299
\c@pgf@countd=\count300
\t@pgf@toka=\toks36
\t@pgf@tokb=\toks37
\t@pgf@tokc=\toks38
\pgf@sys@id@count=\count301

(/nix/store/mmsrx80s04dd1s9bwnv7k4n5pyil4lkz-texlive-combined-full-2025.2025070
3-texmfdist/tex/generic/pgf/systemlayer/pgf.cfg
File: pgf.cfg 2023-01-15 v3.1.10 (3.1.10)
)
Driver file for pgf: pgfsys-xetex.def

(/nix/store/mmsrx80s04dd1s9bwnv7k4n5pyil4lkz-texlive-combined-full-2025.2025070
3-texmfdist/tex/generic/pgf/systemlayer/pgfsys-xetex.def
File: pgfsys-xetex.def 2023-01-15 v3.1.10 (3.1.10)

(/nix/store/mmsrx80s04dd1s9bwnv7k4n5pyil4lkz-texlive-combined-full-2025.2025070
3-texmfdist/tex/generic/pgf/systemlayer/pgfsys-dvipdfmx.def
File: pgfsys-dvipdfmx.def 2023-01-15 v3.1.10 (3.1.10)

(/nix/store/mmsrx80s04dd1s9bwnv7k4n5pyil4lkz-texlive-combined-full-2025.2025070
3-texmfdist/tex/generic/pgf/systemlayer/pgfsys-common-pdf.def
File: pgfsys-common-pdf.def 2023-01-15 v3.1.10 (3.1.10)
)
\pgfsys@objnum=\count302
)))
(/nix/store/mmsrx80s04dd1s9bwnv7k4n5pyil4lkz-texlive-combined-full-2025.2025070
3-texmfdist/tex/generic/pgf/systemlayer/pgfsyssoftpath.code.tex
File: pgfsyssoftpath.code.tex 2023-01-15 v3.1.10 (3.1.10)
\pgfsyssoftpath@smallbuffer@items=\count303
\pgfsyssoftpath@bigbuffer@items=\count304
)
(/nix/store/mmsrx80s04dd1s9bwnv7k4n5pyil4lkz-texlive-combined-full-2025.2025070
3-texmfdist/tex/generic/pgf/systemlayer/pgfsysprotocol.code.tex
File: pgfsysprotocol.code.tex 2023-01-15 v3.1.10 (3.1.10)
))
(/nix/store/mmsrx80s04dd1s9bwnv7k4n5pyil4lkz-texlive-combined-full-2025.2025070
3-texmfdist/tex/latex/xcolor/xcolor.sty
Package: xcolor 2024/09/29 v3.02 LaTeX color extensions (UK)

(/nix/store/mmsrx80s04dd1s9bwnv7k4n5pyil4lkz-texlive-combined-full-2025.2025070
3-texmfdist/tex/latex/graphics-cfg/color.cfg
File: color.cfg 2016/01/02 v1.6 sample color configuration
)
Package xcolor Info: Driver file: xetex.def on input line 274.

(/nix/store/mmsrx80s04dd1s9bwnv7k4n5pyil4lkz-texlive-combined-full-2025.2025070
3-texmfdist/tex/latex/graphics/mathcolor.ltx)
Package xcolor Info: Model `cmy' substituted by `cmy0' on input line 1349.
Package xcolor Info: Model `RGB' extended on input line 1365.
Package xcolor Info: Model `HTML' substituted by `rgb' on input line 1367.
Package xcolor Info: Model `Hsb' substituted by `hsb' on input line 1368.
Package xcolor Info: Model `tHsb' substituted by `hsb' on input line 1369.
Package xcolor Info: Model `HSB' substituted by `hsb' on input line 1370.
Package xcolor Info: Model `Gray' substituted by `gray' on input line 1371.
Package xcolor Info: Model `wave' substituted by `hsb' on input line 1372.
)
(/nix/store/mmsrx80s04dd1s9bwnv7k4n5pyil4lkz-texlive-combined-full-2025.2025070
3-texmfdist/tex/generic/pgf/basiclayer/pgfcore.code.tex
Package: pgfcore 2023-01-15 v3.1.10 (3.1.10)

(/nix/store/mmsrx80s04dd1s9bwnv7k4n5pyil4lkz-texlive-combined-full-2025.2025070
3-texmfdist/tex/generic/pgf/math/pgfmath.code.tex
(/nix/store/mmsrx80s04dd1s9bwnv7k4n5pyil4lkz-texlive-combined-full-2025.2025070
3-texmfdist/tex/generic/pgf/math/pgfmathutil.code.tex)
(/nix/store/mmsrx80s04dd1s9bwnv7k4n5pyil4lkz-texlive-combined-full-2025.2025070
3-texmfdist/tex/generic/pgf/math/pgfmathparser.code.tex
\pgfmath@dimen=\dimen188
\pgfmath@count=\count305
\pgfmath@box=\box59
\pgfmath@toks=\toks39
\pgfmath@stack@operand=\toks40
\pgfmath@stack@operation=\toks41
)
(/nix/store/mmsrx80s04dd1s9bwnv7k4n5pyil4lkz-texlive-combined-full-2025.2025070
3-texmfdist/tex/generic/pgf/math/pgfmathfunctions.code.tex)
(/nix/store/mmsrx80s04dd1s9bwnv7k4n5pyil4lkz-texlive-combined-full-2025.2025070
3-texmfdist/tex/generic/pgf/math/pgfmathfunctions.basic.code.tex)
(/nix/store/mmsrx80s04dd1s9bwnv7k4n5pyil4lkz-texlive-combined-full-2025.2025070
3-texmfdist/tex/generic/pgf/math/pgfmathfunctions.trigonometric.code.tex)
(/nix/store/mmsrx80s04dd1s9bwnv7k4n5pyil4lkz-texlive-combined-full-2025.2025070
3-texmfdist/tex/generic/pgf/math/pgfmathfunctions.random.code.tex)
(/nix/store/mmsrx80s04dd1s9bwnv7k4n5pyil4lkz-texlive-combined-full-2025.2025070
3-texmfdist/tex/generic/pgf/math/pgfmathfunctions.comparison.code.tex)
(/nix/store/mmsrx80s04dd1s9bwnv7k4n5pyil4lkz-texlive-combined-full-2025.2025070
3-texmfdist/tex/generic/pgf/math/pgfmathfunctions.base.code.tex)
(/nix/store/mmsrx80s04dd1s9bwnv7k4n5pyil4lkz-texlive-combined-full-2025.2025070
3-texmfdist/tex/generic/pgf/math/pgfmathfunctions.round.code.tex)
(/nix/store/mmsrx80s04dd1s9bwnv7k4n5pyil4lkz-texlive-combined-full-2025.2025070
3-texmfdist/tex/generic/pgf/math/pgfmathfunctions.misc.code.tex)
(/nix/store/mmsrx80s04dd1s9bwnv7k4n5pyil4lkz-texlive-combined-full-2025.2025070
3-texmfdist/tex/generic/pgf/math/pgfmathfunctions.integerarithmetics.code.tex)
(/nix/store/mmsrx80s04dd1s9bwnv7k4n5pyil4lkz-texlive-combined-full-2025.2025070
3-texmfdist/tex/generic/pgf/math/pgfmathcalc.code.tex)
(/nix/store/mmsrx80s04dd1s9bwnv7k4n5pyil4lkz-texlive-combined-full-2025.2025070
3-texmfdist/tex/generic/pgf/math/pgfmathfloat.code.tex
\c@pgfmathroundto@lastzeros=\count306
))
(/nix/store/mmsrx80s04dd1s9bwnv7k4n5pyil4lkz-texlive-combined-full-2025.2025070
3-texmfdist/tex/generic/pgf/math/pgfint.code.tex)
(/nix/store/mmsrx80s04dd1s9bwnv7k4n5pyil4lkz-texlive-combined-full-2025.2025070
3-texmfdist/tex/generic/pgf/basiclayer/pgfcorepoints.code.tex
File: pgfcorepoints.code.tex 2023-01-15 v3.1.10 (3.1.10)
\pgf@picminx=\dimen189
\pgf@picmaxx=\dimen190
\pgf@picminy=\dimen191
\pgf@picmaxy=\dimen192
\pgf@pathminx=\dimen193
\pgf@pathmaxx=\dimen194
\pgf@pathminy=\dimen195
\pgf@pathmaxy=\dimen196
\pgf@xx=\dimen197
\pgf@xy=\dimen198
\pgf@yx=\dimen199
\pgf@yy=\dimen256
\pgf@zx=\dimen257
\pgf@zy=\dimen258
)
(/nix/store/mmsrx80s04dd1s9bwnv7k4n5pyil4lkz-texlive-combined-full-2025.2025070
3-texmfdist/tex/generic/pgf/basiclayer/pgfcorepathconstruct.code.tex
File: pgfcorepathconstruct.code.tex 2023-01-15 v3.1.10 (3.1.10)
\pgf@path@lastx=\dimen259
\pgf@path@lasty=\dimen260
)
(/nix/store/mmsrx80s04dd1s9bwnv7k4n5pyil4lkz-texlive-combined-full-2025.2025070
3-texmfdist/tex/generic/pgf/basiclayer/pgfcorepathusage.code.tex
File: pgfcorepathusage.code.tex 2023-01-15 v3.1.10 (3.1.10)
\pgf@shorten@end@additional=\dimen261
\pgf@shorten@start@additional=\dimen262
)
(/nix/store/mmsrx80s04dd1s9bwnv7k4n5pyil4lkz-texlive-combined-full-2025.2025070
3-texmfdist/tex/generic/pgf/basiclayer/pgfcorescopes.code.tex
File: pgfcorescopes.code.tex 2023-01-15 v3.1.10 (3.1.10)
\pgfpic=\box60
\pgf@hbox=\box61
\pgf@layerbox@main=\box62
\pgf@picture@serial@count=\count307
)
(/nix/store/mmsrx80s04dd1s9bwnv7k4n5pyil4lkz-texlive-combined-full-2025.2025070
3-texmfdist/tex/generic/pgf/basiclayer/pgfcoregraphicstate.code.tex
File: pgfcoregraphicstate.code.tex 2023-01-15 v3.1.10 (3.1.10)
\pgflinewidth=\dimen263
)
(/nix/store/mmsrx80s04dd1s9bwnv7k4n5pyil4lkz-texlive-combined-full-2025.2025070
3-texmfdist/tex/generic/pgf/basiclayer/pgfcoretransformations.code.tex
File: pgfcoretransformations.code.tex 2023-01-15 v3.1.10 (3.1.10)
\pgf@pt@x=\dimen264
\pgf@pt@y=\dimen265
\pgf@pt@temp=\dimen266
)
(/nix/store/mmsrx80s04dd1s9bwnv7k4n5pyil4lkz-texlive-combined-full-2025.2025070
3-texmfdist/tex/generic/pgf/basiclayer/pgfcorequick.code.tex
File: pgfcorequick.code.tex 2023-01-15 v3.1.10 (3.1.10)
)
(/nix/store/mmsrx80s04dd1s9bwnv7k4n5pyil4lkz-texlive-combined-full-2025.2025070
3-texmfdist/tex/generic/pgf/basiclayer/pgfcoreobjects.code.tex
File: pgfcoreobjects.code.tex 2023-01-15 v3.1.10 (3.1.10)
)
(/nix/store/mmsrx80s04dd1s9bwnv7k4n5pyil4lkz-texlive-combined-full-2025.2025070
3-texmfdist/tex/generic/pgf/basiclayer/pgfcorepathprocessing.code.tex
File: pgfcorepathprocessing.code.tex 2023-01-15 v3.1.10 (3.1.10)
)
(/nix/store/mmsrx80s04dd1s9bwnv7k4n5pyil4lkz-texlive-combined-full-2025.2025070
3-texmfdist/tex/generic/pgf/basiclayer/pgfcorearrows.code.tex
File: pgfcorearrows.code.tex 2023-01-15 v3.1.10 (3.1.10)
\pgfarrowsep=\dimen267
)
(/nix/store/mmsrx80s04dd1s9bwnv7k4n5pyil4lkz-texlive-combined-full-2025.2025070
3-texmfdist/tex/generic/pgf/basiclayer/pgfcoreshade.code.tex
File: pgfcoreshade.code.tex 2023-01-15 v3.1.10 (3.1.10)
\pgf@max=\dimen268
\pgf@sys@shading@range@num=\count308
\pgf@shadingcount=\count309
)
(/nix/store/mmsrx80s04dd1s9bwnv7k4n5pyil4lkz-texlive-combined-full-2025.2025070
3-texmfdist/tex/generic/pgf/basiclayer/pgfcoreimage.code.tex
File: pgfcoreimage.code.tex 2023-01-15 v3.1.10 (3.1.10)
)
(/nix/store/mmsrx80s04dd1s9bwnv7k4n5pyil4lkz-texlive-combined-full-2025.2025070
3-texmfdist/tex/generic/pgf/basiclayer/pgfcoreexternal.code.tex
File: pgfcoreexternal.code.tex 2023-01-15 v3.1.10 (3.1.10)
\pgfexternal@startupbox=\box63
)
(/nix/store/mmsrx80s04dd1s9bwnv7k4n5pyil4lkz-texlive-combined-full-2025.2025070
3-texmfdist/tex/generic/pgf/basiclayer/pgfcorelayers.code.tex
File: pgfcorelayers.code.tex 2023-01-15 v3.1.10 (3.1.10)
)
(/nix/store/mmsrx80s04dd1s9bwnv7k4n5pyil4lkz-texlive-combined-full-2025.2025070
3-texmfdist/tex/generic/pgf/basiclayer/pgfcoretransparency.code.tex
File: pgfcoretransparency.code.tex 2023-01-15 v3.1.10 (3.1.10)
)
(/nix/store/mmsrx80s04dd1s9bwnv7k4n5pyil4lkz-texlive-combined-full-2025.2025070
3-texmfdist/tex/generic/pgf/basiclayer/pgfcorepatterns.code.tex
File: pgfcorepatterns.code.tex 2023-01-15 v3.1.10 (3.1.10)
)
(/nix/store/mmsrx80s04dd1s9bwnv7k4n5pyil4lkz-texlive-combined-full-2025.2025070
3-texmfdist/tex/generic/pgf/basiclayer/pgfcorerdf.code.tex
File: pgfcorerdf.code.tex 2023-01-15 v3.1.10 (3.1.10)
)))
(/nix/store/mmsrx80s04dd1s9bwnv7k4n5pyil4lkz-texlive-combined-full-2025.2025070
3-texmfdist/tex/generic/pgf/modules/pgfmoduleshapes.code.tex
File: pgfmoduleshapes.code.tex 2023-01-15 v3.1.10 (3.1.10)
\pgfnodeparttextbox=\box64
)
(/nix/store/mmsrx80s04dd1s9bwnv7k4n5pyil4lkz-texlive-combined-full-2025.2025070
3-texmfdist/tex/generic/pgf/modules/pgfmoduleplot.code.tex
File: pgfmoduleplot.code.tex 2023-01-15 v3.1.10 (3.1.10)
)
(/nix/store/mmsrx80s04dd1s9bwnv7k4n5pyil4lkz-texlive-combined-full-2025.2025070
3-texmfdist/tex/latex/pgf/compatibility/pgfcomp-version-0-65.sty
Package: pgfcomp-version-0-65 2023-01-15 v3.1.10 (3.1.10)
\pgf@nodesepstart=\dimen269
\pgf@nodesepend=\dimen270
)
(/nix/store/mmsrx80s04dd1s9bwnv7k4n5pyil4lkz-texlive-combined-full-2025.2025070
3-texmfdist/tex/latex/pgf/compatibility/pgfcomp-version-1-18.sty
Package: pgfcomp-version-1-18 2023-01-15 v3.1.10 (3.1.10)
))
(/nix/store/mmsrx80s04dd1s9bwnv7k4n5pyil4lkz-texlive-combined-full-2025.2025070
3-texmfdist/tex/latex/pgf/utilities/pgffor.sty
(/nix/store/mmsrx80s04dd1s9bwnv7k4n5pyil4lkz-texlive-combined-full-2025.2025070
3-texmfdist/tex/latex/pgf/utilities/pgfkeys.sty
(/nix/store/mmsrx80s04dd1s9bwnv7k4n5pyil4lkz-texlive-combined-full-2025.2025070
3-texmfdist/tex/generic/pgf/utilities/pgfkeys.code.tex))
(/nix/store/mmsrx80s04dd1s9bwnv7k4n5pyil4lkz-texlive-combined-full-2025.2025070
3-texmfdist/tex/latex/pgf/math/pgfmath.sty
(/nix/store/mmsrx80s04dd1s9bwnv7k4n5pyil4lkz-texlive-combined-full-2025.2025070
3-texmfdist/tex/generic/pgf/math/pgfmath.code.tex))
(/nix/store/mmsrx80s04dd1s9bwnv7k4n5pyil4lkz-texlive-combined-full-2025.2025070
3-texmfdist/tex/generic/pgf/utilities/pgffor.code.tex
Package: pgffor 2023-01-15 v3.1.10 (3.1.10)
\pgffor@iter=\dimen271
\pgffor@skip=\dimen272
\pgffor@stack=\toks42
\pgffor@toks=\toks43
))
(/nix/store/mmsrx80s04dd1s9bwnv7k4n5pyil4lkz-texlive-combined-full-2025.2025070
3-texmfdist/tex/generic/pgf/frontendlayer/tikz/tikz.code.tex
Package: tikz 2023-01-15 v3.1.10 (3.1.10)

(/nix/store/mmsrx80s04dd1s9bwnv7k4n5pyil4lkz-texlive-combined-full-2025.2025070
3-texmfdist/tex/generic/pgf/libraries/pgflibraryplothandlers.code.tex
File: pgflibraryplothandlers.code.tex 2023-01-15 v3.1.10 (3.1.10)
\pgf@plot@mark@count=\count310
\pgfplotmarksize=\dimen273
)
\tikz@lastx=\dimen274
\tikz@lasty=\dimen275
\tikz@lastxsaved=\dimen276
\tikz@lastysaved=\dimen277
\tikz@lastmovetox=\dimen278
\tikz@lastmovetoy=\dimen279
\tikzleveldistance=\dimen280
\tikzsiblingdistance=\dimen281
\tikz@figbox=\box65
\tikz@figbox@bg=\box66
\tikz@tempbox=\box67
\tikz@tempbox@bg=\box68
\tikztreelevel=\count311
\tikznumberofchildren=\count312
\tikznumberofcurrentchild=\count313
\tikz@fig@count=\count314

(/nix/store/mmsrx80s04dd1s9bwnv7k4n5pyil4lkz-texlive-combined-full-2025.2025070
3-texmfdist/tex/generic/pgf/modules/pgfmodulematrix.code.tex
File: pgfmodulematrix.code.tex 2023-01-15 v3.1.10 (3.1.10)
\pgfmatrixcurrentrow=\count315
\pgfmatrixcurrentcolumn=\count316
\pgf@matrix@numberofcolumns=\count317
)
\tikz@expandcount=\count318

(/nix/store/mmsrx80s04dd1s9bwnv7k4n5pyil4lkz-texlive-combined-full-2025.2025070
3-texmfdist/tex/generic/pgf/frontendlayer/tikz/libraries/tikzlibrarytopaths.cod
e.tex
File: tikzlibrarytopaths.code.tex 2023-01-15 v3.1.10 (3.1.10)
)))

! LaTeX Error: File `logos-notation.sty' not found.

Type X to quit or <RETURN> to proceed,
or enter new name. (Default extension: sty)

Enter file name: 
! Emergency stop.
<read *> 
         
l.37 \usepackage
                {formatting}^^M
*** (cannot \read from terminal in nonstop modes)

 
Here is how much of TeX's memory you used:
 13243 strings out of 468529
 276294 string characters out of 5422471
 624245 words of memory out of 5000000
 41410 multiletter control sequences out of 15000+600000
 626833 words of font info for 41 fonts, out of 8000000 for 9000
 1348 hyphenation exceptions out of 8191
 122i,0n,124p,463b,90s stack positions out of 10000i,1000n,20000p,200000b,200000s
No pages of output.
