INFO:  latexindent.pl version 3.24.5, 2025-03-13, a script to indent .tex files
       latexindent.pl lives here: /nix/store/2laj3mfxsjqlbz6h9zvgd3i310yg626g-latexindent-3.24.5-tex/scripts/latexindent/
       Fri Jan 16 15:07:48 2026
       Filename: /home/benjamin/Projects/ProofChecker/Theories/Logos/latex/subfiles/01-ConstitutiveFoundation.tex
INFO:  Processing switches:
       -s|--silent: Silent mode active (you have used either -s or --silent)
       -w|--overwrite: Overwrite mode active, will make a back up before overwriting
INFO:  Directory for backup files and log file indent.log:
       /home/benjamin/Projects/ProofChecker/Theories/Logos/latex/subfiles
INFO:  Perl modules are being loaded from the following directories:
       /nix/store/d22ak2kndm1z2c7fmx3s4lim9w44wk7s-perl-5.42.0/lib/perl5/5.42.0/FindBin.pm
       /nix/store/4gps7yzsvl529qhfdbhp6q19z5zqv2dr-perl-5.42.0-env/lib/perl5/site_perl/5.42.0/YAML/Tiny.pm
       /nix/store/d22ak2kndm1z2c7fmx3s4lim9w44wk7s-perl-5.42.0/lib/perl5/5.42.0/File/Copy.pm
       /nix/store/d22ak2kndm1z2c7fmx3s4lim9w44wk7s-perl-5.42.0/lib/perl5/5.42.0/File/Basename.pm
       /nix/store/d22ak2kndm1z2c7fmx3s4lim9w44wk7s-perl-5.42.0/lib/perl5/5.42.0/Getopt/Long.pm
       /nix/store/4gps7yzsvl529qhfdbhp6q19z5zqv2dr-perl-5.42.0-env/lib/perl5/site_perl/5.42.0/File/HomeDir.pm
INFO:  LatexIndent perl modules are being loaded from, for example:
       /nix/store/2laj3mfxsjqlbz6h9zvgd3i310yg626g-latexindent-3.24.5-tex/scripts/latexindent/LatexIndent/Document.pm
INFO:  YAML settings read: defaultSettings.yaml
       Reading defaultSettings.yaml from /nix/store/2laj3mfxsjqlbz6h9zvgd3i310yg626g-latexindent-3.24.5-tex/scripts/latexindent/defaultSettings.yaml
INFO:  YAML reading settings
       Home directory is /home/benjamin
       latexindent.pl didn't find indentconfig.yaml or .indentconfig.yaml
       see all possible locations: https://latexindentpl.readthedocs.io/en/latest/sec-appendices.html#indentconfig-options)
INFO:  Backup procedure (-w flag active):
       /home/benjamin/Projects/ProofChecker/Theories/Logos/latex/subfiles/01-ConstitutiveFoundation.bak0 already exists, incrementing by 1 (see maxNumberOfBackUps)
       /home/benjamin/Projects/ProofChecker/Theories/Logos/latex/subfiles/01-ConstitutiveFoundation.bak1 already exists, incrementing by 1 (see maxNumberOfBackUps)
       /home/benjamin/Projects/ProofChecker/Theories/Logos/latex/subfiles/01-ConstitutiveFoundation.bak2 already exists, incrementing by 1 (see maxNumberOfBackUps)
       /home/benjamin/Projects/ProofChecker/Theories/Logos/latex/subfiles/01-ConstitutiveFoundation.bak3 already exists, incrementing by 1 (see maxNumberOfBackUps)
       /home/benjamin/Projects/ProofChecker/Theories/Logos/latex/subfiles/01-ConstitutiveFoundation.bak4 already exists, incrementing by 1 (see maxNumberOfBackUps)
       /home/benjamin/Projects/ProofChecker/Theories/Logos/latex/subfiles/01-ConstitutiveFoundation.bak5 already exists, incrementing by 1 (see maxNumberOfBackUps)
       /home/benjamin/Projects/ProofChecker/Theories/Logos/latex/subfiles/01-ConstitutiveFoundation.bak6 already exists, incrementing by 1 (see maxNumberOfBackUps)
       /home/benjamin/Projects/ProofChecker/Theories/Logos/latex/subfiles/01-ConstitutiveFoundation.bak7 already exists, incrementing by 1 (see maxNumberOfBackUps)
       /home/benjamin/Projects/ProofChecker/Theories/Logos/latex/subfiles/01-ConstitutiveFoundation.bak8 already exists, incrementing by 1 (see maxNumberOfBackUps)
       /home/benjamin/Projects/ProofChecker/Theories/Logos/latex/subfiles/01-ConstitutiveFoundation.bak9 already exists, incrementing by 1 (see maxNumberOfBackUps)
       /home/benjamin/Projects/ProofChecker/Theories/Logos/latex/subfiles/01-ConstitutiveFoundation.bak10 already exists, incrementing by 1 (see maxNumberOfBackUps)
       /home/benjamin/Projects/ProofChecker/Theories/Logos/latex/subfiles/01-ConstitutiveFoundation.bak11 already exists, incrementing by 1 (see maxNumberOfBackUps)
       /home/benjamin/Projects/ProofChecker/Theories/Logos/latex/subfiles/01-ConstitutiveFoundation.bak12 already exists, incrementing by 1 (see maxNumberOfBackUps)
       /home/benjamin/Projects/ProofChecker/Theories/Logos/latex/subfiles/01-ConstitutiveFoundation.bak13 already exists, incrementing by 1 (see maxNumberOfBackUps)
       /home/benjamin/Projects/ProofChecker/Theories/Logos/latex/subfiles/01-ConstitutiveFoundation.bak14 already exists, incrementing by 1 (see maxNumberOfBackUps)
       /home/benjamin/Projects/ProofChecker/Theories/Logos/latex/subfiles/01-ConstitutiveFoundation.bak15 already exists, incrementing by 1 (see maxNumberOfBackUps)
       /home/benjamin/Projects/ProofChecker/Theories/Logos/latex/subfiles/01-ConstitutiveFoundation.bak16 already exists, incrementing by 1 (see maxNumberOfBackUps)
       /home/benjamin/Projects/ProofChecker/Theories/Logos/latex/subfiles/01-ConstitutiveFoundation.bak17 already exists, incrementing by 1 (see maxNumberOfBackUps)
       /home/benjamin/Projects/ProofChecker/Theories/Logos/latex/subfiles/01-ConstitutiveFoundation.bak18 already exists, incrementing by 1 (see maxNumberOfBackUps)
       /home/benjamin/Projects/ProofChecker/Theories/Logos/latex/subfiles/01-ConstitutiveFoundation.bak19 already exists, incrementing by 1 (see maxNumberOfBackUps)
       /home/benjamin/Projects/ProofChecker/Theories/Logos/latex/subfiles/01-ConstitutiveFoundation.bak20 already exists, incrementing by 1 (see maxNumberOfBackUps)
       /home/benjamin/Projects/ProofChecker/Theories/Logos/latex/subfiles/01-ConstitutiveFoundation.bak21 already exists, incrementing by 1 (see maxNumberOfBackUps)
       /home/benjamin/Projects/ProofChecker/Theories/Logos/latex/subfiles/01-ConstitutiveFoundation.bak22 already exists, incrementing by 1 (see maxNumberOfBackUps)
       /home/benjamin/Projects/ProofChecker/Theories/Logos/latex/subfiles/01-ConstitutiveFoundation.bak23 already exists, incrementing by 1 (see maxNumberOfBackUps)
       /home/benjamin/Projects/ProofChecker/Theories/Logos/latex/subfiles/01-ConstitutiveFoundation.bak24 already exists, incrementing by 1 (see maxNumberOfBackUps)
       /home/benjamin/Projects/ProofChecker/Theories/Logos/latex/subfiles/01-ConstitutiveFoundation.bak25 already exists, incrementing by 1 (see maxNumberOfBackUps)
       /home/benjamin/Projects/ProofChecker/Theories/Logos/latex/subfiles/01-ConstitutiveFoundation.bak26 already exists, incrementing by 1 (see maxNumberOfBackUps)
       /home/benjamin/Projects/ProofChecker/Theories/Logos/latex/subfiles/01-ConstitutiveFoundation.bak27 already exists, incrementing by 1 (see maxNumberOfBackUps)
       /home/benjamin/Projects/ProofChecker/Theories/Logos/latex/subfiles/01-ConstitutiveFoundation.bak28 already exists, incrementing by 1 (see maxNumberOfBackUps)
       /home/benjamin/Projects/ProofChecker/Theories/Logos/latex/subfiles/01-ConstitutiveFoundation.bak29 already exists, incrementing by 1 (see maxNumberOfBackUps)
       /home/benjamin/Projects/ProofChecker/Theories/Logos/latex/subfiles/01-ConstitutiveFoundation.bak30 already exists, incrementing by 1 (see maxNumberOfBackUps)
       /home/benjamin/Projects/ProofChecker/Theories/Logos/latex/subfiles/01-ConstitutiveFoundation.bak31 already exists, incrementing by 1 (see maxNumberOfBackUps)
       /home/benjamin/Projects/ProofChecker/Theories/Logos/latex/subfiles/01-ConstitutiveFoundation.bak32 already exists, incrementing by 1 (see maxNumberOfBackUps)
       /home/benjamin/Projects/ProofChecker/Theories/Logos/latex/subfiles/01-ConstitutiveFoundation.bak33 already exists, incrementing by 1 (see maxNumberOfBackUps)
       /home/benjamin/Projects/ProofChecker/Theories/Logos/latex/subfiles/01-ConstitutiveFoundation.bak34 already exists, incrementing by 1 (see maxNumberOfBackUps)
       /home/benjamin/Projects/ProofChecker/Theories/Logos/latex/subfiles/01-ConstitutiveFoundation.bak35 already exists, incrementing by 1 (see maxNumberOfBackUps)
       /home/benjamin/Projects/ProofChecker/Theories/Logos/latex/subfiles/01-ConstitutiveFoundation.bak36 already exists, incrementing by 1 (see maxNumberOfBackUps)
       /home/benjamin/Projects/ProofChecker/Theories/Logos/latex/subfiles/01-ConstitutiveFoundation.bak37 already exists, incrementing by 1 (see maxNumberOfBackUps)
       /home/benjamin/Projects/ProofChecker/Theories/Logos/latex/subfiles/01-ConstitutiveFoundation.bak38 already exists, incrementing by 1 (see maxNumberOfBackUps)
       /home/benjamin/Projects/ProofChecker/Theories/Logos/latex/subfiles/01-ConstitutiveFoundation.bak39 already exists, incrementing by 1 (see maxNumberOfBackUps)
       Backing up /home/benjamin/Projects/ProofChecker/Theories/Logos/latex/subfiles/01-ConstitutiveFoundation.tex to /home/benjamin/Projects/ProofChecker/Theories/Logos/latex/subfiles/01-ConstitutiveFoundation.bak40...
       /home/benjamin/Projects/ProofChecker/Theories/Logos/latex/subfiles/01-ConstitutiveFoundation.tex will be overwritten after indentation
INFO:  Phase 1: searching for objects
INFO:  Phase 2: finding surrounding indentation
INFO:  Phase 3: indenting objects
INFO:  Phase 4: final indentation check
INFO:  Output routine:
       Overwriting file /home/benjamin/Projects/ProofChecker/Theories/Logos/latex/subfiles/01-ConstitutiveFoundation.tex
       --------------
INFO:  Please direct all communication/issues to:
        https://github.com/cmhughes/latexindent.pl
