This is pdfTeX, Version 3.141592653-2.6-1.40.27 (TeX Live 2025/nixos.org) (preloaded format=pdflatex 1980.1.1)  19 JAN 2026 18:15
entering extended mode
 restricted \write18 enabled.
 %&-line parsing enabled.
**subfiles/04-Metalogic.tex
(./subfiles/04-Metalogic.tex
LaTeX2e <2025-06-01> patch level 1
L3 programming layer <2025-06-09>

(/nix/store/a4xk35zqigjpqbrdindypnn14fm6id9s-texlive-combined-full-2025.2025070
3-texmfdist/tex/latex/subfiles/subfiles.cls
Document Class: subfiles 2020/11/14 v2.2 Multi-file projects (class)
Preamble taken from file `../BimodalReference.tex'

(/nix/store/a4xk35zqigjpqbrdindypnn14fm6id9s-texlive-combined-full-2025.2025070
3-texmfdist/tex/latex/import/import.sty
Package: import 2020/04/01  v 6.2
)

! LaTeX Error: File `../BimodalReference.tex' not found.

Type X to quit or <RETURN> to proceed,
or enter new name. (Default extension: tex)

Enter file name: 
! Emergency stop.
<read *> 
         
l.45 \input{\preamble@file}
                           ^^M
*** (cannot \read from terminal in nonstop modes)

 
Here is how much of TeX's memory you used:
 75 strings out of 467888
 2085 string characters out of 5405403
 425018 words of memory out of 5000000
 28718 multiletter control sequences out of 15000+600000
 626825 words of font info for 40 fonts, out of 8000000 for 9000
 1141 hyphenation exceptions out of 8191
 42i,0n,55p,175b,18s stack positions out of 10000i,1000n,20000p,200000b,200000s
!  ==> Fatal error occurred, no output PDF file produced!
