This is pdfTeX, Version 3.141592653-2.6-1.40.27 (TeX Live 2025/nixos.org) (preloaded format=pdflatex 1980.1.1)  11 JAN 2026 08:52
entering extended mode
 restricted \write18 enabled.
 %&-line parsing enabled.
**BimodalReference.tex
(./BimodalReference.tex
LaTeX2e <2025-06-01> patch level 1
L3 programming layer <2025-06-09>

(/nix/store/a4xk35zqigjpqbrdindypnn14fm6id9s-texlive-combined-full-2025.2025070
3-texmfdist/tex/latex/base/article.cls
Document Class: article 2025/01/22 v1.4n Standard LaTeX document class

(/nix/store/a4xk35zqigjpqbrdindypnn14fm6id9s-texlive-combined-full-2025.2025070
3-texmfdist/tex/latex/base/size11.clo
File: size11.clo 2025/01/22 v1.4n Standard LaTeX file (size option)
)
\c@part=\count275
\c@section=\count276
\c@subsection=\count277
\c@subsubsection=\count278
\c@paragraph=\count279
\c@subparagraph=\count280
\c@figure=\count281
\c@table=\count282
\abovecaptionskip=\skip49
\belowcaptionskip=\skip50
\bibindent=\dimen148
)
(/nix/store/a4xk35zqigjpqbrdindypnn14fm6id9s-texlive-combined-full-2025.2025070
3-texmfdist/tex/latex/amsmath/amsmath.sty
Package: amsmath 2025/06/16 v2.17y AMS math features
\@mathmargin=\skip51

For additional information on amsmath, use the `?' option.

(/nix/store/a4xk35zqigjpqbrdindypnn14fm6id9s-texlive-combined-full-2025.2025070
3-texmfdist/tex/latex/amsmath/amstext.sty
Package: amstext 2024/11/17 v2.01 AMS text

(/nix/store/a4xk35zqigjpqbrdindypnn14fm6id9s-texlive-combined-full-2025.2025070
3-texmfdist/tex/latex/amsmath/amsgen.sty
File: amsgen.sty 1999/11/30 v2.0 generic functions
\@emptytoks=\toks17
\ex@=\dimen149
))
(/nix/store/a4xk35zqigjpqbrdindypnn14fm6id9s-texlive-combined-full-2025.2025070
3-texmfdist/tex/latex/amsmath/amsbsy.sty
Package: amsbsy 1999/11/29 v1.2d Bold Symbols
\pmbraise@=\dimen150
)
(/nix/store/a4xk35zqigjpqbrdindypnn14fm6id9s-texlive-combined-full-2025.2025070
3-texmfdist/tex/latex/amsmath/amsopn.sty
Package: amsopn 2022/04/08 v2.04 operator names
)
\inf@bad=\count283
LaTeX Info: Redefining \frac on input line 233.
\uproot@=\count284
\leftroot@=\count285
LaTeX Info: Redefining \overline on input line 398.
LaTeX Info: Redefining \colon on input line 409.
\classnum@=\count286
\DOTSCASE@=\count287
LaTeX Info: Redefining \ldots on input line 495.
LaTeX Info: Redefining \dots on input line 498.
LaTeX Info: Redefining \cdots on input line 619.
\Mathstrutbox@=\box53
\strutbox@=\box54
LaTeX Info: Redefining \big on input line 721.
LaTeX Info: Redefining \Big on input line 722.
LaTeX Info: Redefining \bigg on input line 723.
LaTeX Info: Redefining \Bigg on input line 724.
\big@size=\dimen151
LaTeX Font Info:    Redeclaring font encoding OML on input line 742.
LaTeX Font Info:    Redeclaring font encoding OMS on input line 743.
\macc@depth=\count288
LaTeX Info: Redefining \bmod on input line 904.
LaTeX Info: Redefining \pmod on input line 909.
LaTeX Info: Redefining \smash on input line 939.
LaTeX Info: Redefining \relbar on input line 969.
LaTeX Info: Redefining \Relbar on input line 970.
\c@MaxMatrixCols=\count289
\dotsspace@=\muskip17
\c@parentequation=\count290
\dspbrk@lvl=\count291
\tag@help=\toks18
\row@=\count292
\column@=\count293
\maxfields@=\count294
\andhelp@=\toks19
\eqnshift@=\dimen152
\alignsep@=\dimen153
\tagshift@=\dimen154
\tagwidth@=\dimen155
\totwidth@=\dimen156
\lineht@=\dimen157
\@envbody=\toks20
\multlinegap=\skip52
\multlinetaggap=\skip53
\mathdisplay@stack=\toks21
LaTeX Info: Redefining \[ on input line 2949.
LaTeX Info: Redefining \] on input line 2950.
)
(/nix/store/a4xk35zqigjpqbrdindypnn14fm6id9s-texlive-combined-full-2025.2025070
3-texmfdist/tex/latex/amscls/amsthm.sty
Package: amsthm 2020/05/29 v2.20.6
\thm@style=\toks22
\thm@bodyfont=\toks23
\thm@headfont=\toks24
\thm@notefont=\toks25
\thm@headpunct=\toks26
\thm@preskip=\skip54
\thm@postskip=\skip55
\thm@headsep=\skip56
\dth@everypar=\toks27
)
(/nix/store/a4xk35zqigjpqbrdindypnn14fm6id9s-texlive-combined-full-2025.2025070
3-texmfdist/tex/latex/amsfonts/amssymb.sty
Package: amssymb 2013/01/14 v3.01 AMS font symbols

(/nix/store/a4xk35zqigjpqbrdindypnn14fm6id9s-texlive-combined-full-2025.2025070
3-texmfdist/tex/latex/amsfonts/amsfonts.sty
Package: amsfonts 2013/01/14 v3.01 Basic AMSFonts support
\symAMSa=\mathgroup4
\symAMSb=\mathgroup5
LaTeX Font Info:    Redeclaring math symbol \hbar on input line 98.
LaTeX Font Info:    Overwriting math alphabet `\mathfrak' in version `bold'
(Font)                  U/euf/m/n --> U/euf/b/n on input line 106.
))
(/nix/store/a4xk35zqigjpqbrdindypnn14fm6id9s-texlive-combined-full-2025.2025070
3-texmfdist/tex/latex/subfiles/subfiles.sty
Package: subfiles 2020/11/14 v2.2 Multi-file projects (package)

(/nix/store/a4xk35zqigjpqbrdindypnn14fm6id9s-texlive-combined-full-2025.2025070
3-texmfdist/tex/latex/import/import.sty
Package: import 2020/04/01  v 6.2
))
(/nix/store/a4xk35zqigjpqbrdindypnn14fm6id9s-texlive-combined-full-2025.2025070
3-texmfdist/tex/latex/booktabs/booktabs.sty
Package: booktabs 2020/01/12 v1.61803398 Publication quality tables
\heavyrulewidth=\dimen158
\lightrulewidth=\dimen159
\cmidrulewidth=\dimen160
\belowrulesep=\dimen161
\belowbottomsep=\dimen162
\aboverulesep=\dimen163
\abovetopsep=\dimen164
\cmidrulesep=\dimen165
\cmidrulekern=\dimen166
\defaultaddspace=\dimen167
\@cmidla=\count295
\@cmidlb=\count296
\@aboverulesep=\dimen168
\@belowrulesep=\dimen169
\@thisruleclass=\count297
\@lastruleclass=\count298
\@thisrulewidth=\dimen170
)
(/nix/store/a4xk35zqigjpqbrdindypnn14fm6id9s-texlive-combined-full-2025.2025070
3-texmfdist/tex/latex/tools/array.sty
Package: array 2025/06/08 v2.6j Tabular extension package (FMi)
\col@sep=\dimen171
\ar@mcellbox=\box55
\extrarowheight=\dimen172
\NC@list=\toks28
\extratabsurround=\skip57
\backup@length=\skip58
\ar@cellbox=\box56
)
(/nix/store/a4xk35zqigjpqbrdindypnn14fm6id9s-texlive-combined-full-2025.2025070
3-texmfdist/tex/latex/enumitem/enumitem.sty
Package: enumitem 2025/02/06 v3.11 Customized lists
\enitkv@toks@=\toks29
\labelindent=\skip59
\enit@outerparindent=\dimen173
\enit@toks=\toks30
\enit@inbox=\box57
\enit@count@id=\count299
\enitdp@description=\count300
) (./assets/bimodal-notation.sty

LaTeX Warning: You have requested package `assets/bimodal-notation',
               but the package provides `bimodal-notation'.

Package: bimodal-notation 2026/01/11 Bimodal TM Logic Notation
(../../latex/notation-standards.sty

LaTeX Warning: You have requested package `../../latex/notation-standards',
               but the package provides `notation-standards'.

Package: notation-standards 2026/01/11 ProofChecker Shared Notation

(/nix/store/a4xk35zqigjpqbrdindypnn14fm6id9s-texlive-combined-full-2025.2025070
3-texmfdist/tex/latex/mathtools/mathtools.sty
Package: mathtools 2024/10/04 v1.31 mathematical typesetting tools

(/nix/store/a4xk35zqigjpqbrdindypnn14fm6id9s-texlive-combined-full-2025.2025070
3-texmfdist/tex/latex/graphics/keyval.sty
Package: keyval 2022/05/29 v1.15 key=value parser (DPC)
\KV@toks@=\toks31
)
(/nix/store/a4xk35zqigjpqbrdindypnn14fm6id9s-texlive-combined-full-2025.2025070
3-texmfdist/tex/latex/tools/calc.sty
Package: calc 2025/03/01 v4.3b Infix arithmetic (KKT,FJ)
\calc@Acount=\count301
\calc@Bcount=\count302
\calc@Adimen=\dimen174
\calc@Bdimen=\dimen175
\calc@Askip=\skip60
\calc@Bskip=\skip61
LaTeX Info: Redefining \setlength on input line 86.
LaTeX Info: Redefining \addtolength on input line 87.
\calc@Ccount=\count303
\calc@Cskip=\skip62
)
(/nix/store/a4xk35zqigjpqbrdindypnn14fm6id9s-texlive-combined-full-2025.2025070
3-texmfdist/tex/latex/mathtools/mhsetup.sty
Package: mhsetup 2021/03/18 v1.4 programming setup (MH)
)
\g_MT_multlinerow_int=\count304
\l_MT_multwidth_dim=\dimen176
\origjot=\skip63
\l_MT_shortvdotswithinadjustabove_dim=\dimen177
\l_MT_shortvdotswithinadjustbelow_dim=\dimen178
\l_MT_above_intertext_sep=\dimen179
\l_MT_below_intertext_sep=\dimen180
\l_MT_above_shortintertext_sep=\dimen181
\l_MT_below_shortintertext_sep=\dimen182
\xmathstrut@box=\box58
\xmathstrut@dim=\dimen183
))) (../../latex/formatting.sty

LaTeX Warning: You have requested package `../../latex/formatting',
               but the package provides `problem_set'.

Package: problem_set 2025/01/29 Support for MIT logic texts

(/nix/store/a4xk35zqigjpqbrdindypnn14fm6id9s-texlive-combined-full-2025.2025070
3-texmfdist/tex/latex/natbib/natbib.sty
Package: natbib 2010/09/13 8.31b (PWD, AO)
\bibhang=\skip64
\bibsep=\skip65
LaTeX Info: Redefining \cite on input line 694.
\c@NAT@ctr=\count305
)
(/nix/store/a4xk35zqigjpqbrdindypnn14fm6id9s-texlive-combined-full-2025.2025070
3-texmfdist/tex/latex/natbib/bibentry.sty
Package: bibentry 2007/10/30 1.5 (PWD)
)
(/nix/store/a4xk35zqigjpqbrdindypnn14fm6id9s-texlive-combined-full-2025.2025070
3-texmfdist/tex/latex/tools/verbatim.sty
Package: verbatim 2024-01-22 v1.5x LaTeX2e package for verbatim enhancements
\every@verbatim=\toks32
\verbatim@line=\toks33
\verbatim@in@stream=\read2
)
(/nix/store/a4xk35zqigjpqbrdindypnn14fm6id9s-texlive-combined-full-2025.2025070
3-texmfdist/tex/latex/etoolbox/etoolbox.sty
Package: etoolbox 2025/02/11 v2.5l e-TeX tools for LaTeX (JAW)
\etb@tempcnta=\count306
)
(/nix/store/a4xk35zqigjpqbrdindypnn14fm6id9s-texlive-combined-full-2025.2025070
3-texmfdist/tex/generic/xstring/xstring.sty
(/nix/store/a4xk35zqigjpqbrdindypnn14fm6id9s-texlive-combined-full-2025.2025070
3-texmfdist/tex/generic/xstring/xstring.tex
\xs_counta=\count307
\xs_countb=\count308
)
Package: xstring 2023/08/22 v1.86 String manipulations (CT)
)
(/nix/store/a4xk35zqigjpqbrdindypnn14fm6id9s-texlive-combined-full-2025.2025070
3-texmfdist/tex/latex/graphics/graphicx.sty
Package: graphicx 2024/12/31 v1.2e Enhanced LaTeX Graphics (DPC,SPQR)

(/nix/store/a4xk35zqigjpqbrdindypnn14fm6id9s-texlive-combined-full-2025.2025070
3-texmfdist/tex/latex/graphics/graphics.sty
Package: graphics 2024/08/06 v1.4g Standard LaTeX Graphics (DPC,SPQR)

(/nix/store/a4xk35zqigjpqbrdindypnn14fm6id9s-texlive-combined-full-2025.2025070
3-texmfdist/tex/latex/graphics/trig.sty
Package: trig 2023/12/02 v1.11 sin cos tan (DPC)
)
(/nix/store/a4xk35zqigjpqbrdindypnn14fm6id9s-texlive-combined-full-2025.2025070
3-texmfdist/tex/latex/graphics-cfg/graphics.cfg
File: graphics.cfg 2016/06/04 v1.11 sample graphics configuration
)
Package graphics Info: Driver file: pdftex.def on input line 106.

(/nix/store/a4xk35zqigjpqbrdindypnn14fm6id9s-texlive-combined-full-2025.2025070
3-texmfdist/tex/latex/graphics-def/pdftex.def
File: pdftex.def 2024/04/13 v1.2c Graphics/color driver for pdftex
))
\Gin@req@height=\dimen184
\Gin@req@width=\dimen185
)
(/nix/store/a4xk35zqigjpqbrdindypnn14fm6id9s-texlive-combined-full-2025.2025070
3-texmfdist/tex/latex/adjustbox/adjustbox.sty
Package: adjustbox 2025/02/26 v1.3c Adjusting TeX boxes (trim, clip, ...)

(/nix/store/a4xk35zqigjpqbrdindypnn14fm6id9s-texlive-combined-full-2025.2025070
3-texmfdist/tex/latex/xkeyval/xkeyval.sty
Package: xkeyval 2022/06/16 v2.9 package option processing (HA)

(/nix/store/a4xk35zqigjpqbrdindypnn14fm6id9s-texlive-combined-full-2025.2025070
3-texmfdist/tex/generic/xkeyval/xkeyval.tex
(/nix/store/a4xk35zqigjpqbrdindypnn14fm6id9s-texlive-combined-full-2025.2025070
3-texmfdist/tex/generic/xkeyval/xkvutils.tex
\XKV@toks=\toks34
\XKV@tempa@toks=\toks35
)
\XKV@depth=\count309
File: xkeyval.tex 2014/12/03 v2.7a key=value parser (HA)
))
(/nix/store/a4xk35zqigjpqbrdindypnn14fm6id9s-texlive-combined-full-2025.2025070
3-texmfdist/tex/latex/adjustbox/adjcalc.sty
Package: adjcalc 2012/05/16 v1.1 Provides advanced setlength with multiple back
-ends (calc, etex, pgfmath)
)
(/nix/store/a4xk35zqigjpqbrdindypnn14fm6id9s-texlive-combined-full-2025.2025070
3-texmfdist/tex/latex/adjustbox/trimclip.sty
Package: trimclip 2025/02/21 v1.2a Trim and clip general TeX material

(/nix/store/a4xk35zqigjpqbrdindypnn14fm6id9s-texlive-combined-full-2025.2025070
3-texmfdist/tex/latex/collectbox/collectbox.sty
Package: collectbox 2022/10/17 v0.4c Collect macro arguments as boxes
\collectedbox=\box59
)
\tc@llx=\dimen186
\tc@lly=\dimen187
\tc@urx=\dimen188
\tc@ury=\dimen189
Package trimclip Info: Using driver 'tc-pdftex.def'.

(/nix/store/a4xk35zqigjpqbrdindypnn14fm6id9s-texlive-combined-full-2025.2025070
3-texmfdist/tex/latex/adjustbox/tc-pdftex.def
File: tc-pdftex.def 2025/02/26 v2.3 Clipping driver for pdftex
))
\adjbox@Width=\dimen190
\adjbox@Height=\dimen191
\adjbox@Depth=\dimen192
\adjbox@Totalheight=\dimen193
\adjbox@pwidth=\dimen194
\adjbox@pheight=\dimen195
\adjbox@pdepth=\dimen196
\adjbox@ptotalheight=\dimen197

(/nix/store/a4xk35zqigjpqbrdindypnn14fm6id9s-texlive-combined-full-2025.2025070
3-texmfdist/tex/latex/ifoddpage/ifoddpage.sty
Package: ifoddpage 2022/10/18 v1.2 Conditionals for odd/even page detection
\c@checkoddpage=\count310
)
(/nix/store/a4xk35zqigjpqbrdindypnn14fm6id9s-texlive-combined-full-2025.2025070
3-texmfdist/tex/latex/varwidth/varwidth.sty
Package: varwidth 2009/03/30 ver 0.92;  Variable-width minipages
\@vwid@box=\box60
\sift@deathcycles=\count311
\@vwid@loff=\dimen198
\@vwid@roff=\dimen199
)
==> First Aid for varwidth.sty applied!
)
(/nix/store/a4xk35zqigjpqbrdindypnn14fm6id9s-texlive-combined-full-2025.2025070
3-texmfdist/tex/latex/xcolor/xcolor.sty
Package: xcolor 2024/09/29 v3.02 LaTeX color extensions (UK)

(/nix/store/a4xk35zqigjpqbrdindypnn14fm6id9s-texlive-combined-full-2025.2025070
3-texmfdist/tex/latex/graphics-cfg/color.cfg
File: color.cfg 2016/01/02 v1.6 sample color configuration
)
Package xcolor Info: Driver file: pdftex.def on input line 274.

(/nix/store/a4xk35zqigjpqbrdindypnn14fm6id9s-texlive-combined-full-2025.2025070
3-texmfdist/tex/latex/graphics/mathcolor.ltx)
Package xcolor Info: Model `cmy' substituted by `cmy0' on input line 1349.
Package xcolor Info: Model `hsb' substituted by `rgb' on input line 1353.
Package xcolor Info: Model `RGB' extended on input line 1365.
Package xcolor Info: Model `HTML' substituted by `rgb' on input line 1367.
Package xcolor Info: Model `Hsb' substituted by `hsb' on input line 1368.
Package xcolor Info: Model `tHsb' substituted by `hsb' on input line 1369.
Package xcolor Info: Model `HSB' substituted by `hsb' on input line 1370.
Package xcolor Info: Model `Gray' substituted by `gray' on input line 1371.
Package xcolor Info: Model `wave' substituted by `hsb' on input line 1372.
)
(/nix/store/a4xk35zqigjpqbrdindypnn14fm6id9s-texlive-combined-full-2025.2025070
3-texmfdist/tex/latex/graphics/dvipsnam.def
File: dvipsnam.def 2016/06/17 v3.0m Driver-dependent file (DPC,SPQR)
)
(/nix/store/a4xk35zqigjpqbrdindypnn14fm6id9s-texlive-combined-full-2025.2025070
3-texmfdist/tex/latex/glossaries/base/glossaries.sty
Package: glossaries 2025/05/14 v4.7 (NLCT)

(/nix/store/a4xk35zqigjpqbrdindypnn14fm6id9s-texlive-combined-full-2025.2025070
3-texmfdist/tex/latex/base/ifthen.sty
Package: ifthen 2024/03/16 v1.1e Standard LaTeX ifthen package (DPC)
)
(/nix/store/a4xk35zqigjpqbrdindypnn14fm6id9s-texlive-combined-full-2025.2025070
3-texmfdist/tex/latex/mfirstuc/mfirstuc.sty
Package: mfirstuc 2025/04/03 v2.09 (NLCT)
\@glsmfirst=\toks36
\@glsmrest=\toks37
)
(/nix/store/a4xk35zqigjpqbrdindypnn14fm6id9s-texlive-combined-full-2025.2025070
3-texmfdist/tex/latex/xfor/xfor.sty
Package: xfor 2009/02/05 v1.05 (NLCT)
)
(/nix/store/a4xk35zqigjpqbrdindypnn14fm6id9s-texlive-combined-full-2025.2025070
3-texmfdist/tex/latex/datatool/datatool-base.sty
Package: datatool-base 2025/04/25 v3.4.1 (NLCT)

(/nix/store/a4xk35zqigjpqbrdindypnn14fm6id9s-texlive-combined-full-2025.2025070
3-texmfdist/tex/latex/tracklang/tracklang.sty
Package: tracklang 2025/03/11 v1.6.6 (NLCT) Track Languages

(/nix/store/a4xk35zqigjpqbrdindypnn14fm6id9s-texlive-combined-full-2025.2025070
3-texmfdist/tex/generic/tracklang/tracklang.tex))
(/nix/store/a4xk35zqigjpqbrdindypnn14fm6id9s-texlive-combined-full-2025.2025070
3-texmfdist/tex/latex/datatool/datatool-l3fp.def
File: datatool-l3fp.def 2025/04/25 v3.4.1 (NLCT)
)
\@dtl@toks=\toks38
\@dtl@tmpcount=\count312
\dtl@tmplength=\skip66
\l__datatool_measure_box=\box61
\dtl@sortresult=\count313

(/nix/store/a4xk35zqigjpqbrdindypnn14fm6id9s-texlive-combined-full-2025.2025070
3-texmfdist/tex/latex/datatool/datatool-utf8.ldf
File: datatool-utf8.ldf 2025/04/25 v3.4.1 (NLCT)
)
\@dtl@datatype=\count314
\l__datatool_tmpa_int=\count315
\l__datatool_tmpb_int=\count316
\l__datatool_tmpc_int=\count317
\l__datatool_tmpd_int=\count318
\l__datatool_count_int=\count319
\l__datatool_tmp_datatype_int=\count320
\l__datatool_tmpa_dim=\dimen256
\l__datatool_tmpb_dim=\dimen257
\c_datatool_unknown_int=\count321
\l__datatool_year_int=\count322
\l__datatool_month_int=\count323
\l__datatool_day_int=\count324
\l__datatool_hour_int=\count325
\l__datatool_minute_int=\count326
\l__datatool_second_int=\count327
\l__datatool_tzhour_int=\count328
\l__datatool_tzminute_int=\count329
\l__datatool_julian_int=\count330
\l__datatool_local_julian_int=\count331
\l__datatool_prefix_int=\count332
\l__datatool_suffix_int=\count333
\@dtl@foreach@level=\count334
\dtl@codeA=\count335
\dtl@codeB=\count336
)
\gls@level=\count337
\@gls@tmpb=\toks39
\gls@tmplen=\skip67
\l__glossaries_tmpa_dim=\dimen258
\l__glossaries_tmpb_dim=\dimen259
\glskeylisttok=\toks40
\glslabeltok=\toks41
\glsshorttok=\toks42
\glslongtok=\toks43

(/nix/store/a4xk35zqigjpqbrdindypnn14fm6id9s-texlive-combined-full-2025.2025070
3-texmfdist/tex/latex/glossaries/styles/glossary-hypernav.sty
Package: glossary-hypernav 2025/05/14 v4.7 (NLCT)
)
(/nix/store/a4xk35zqigjpqbrdindypnn14fm6id9s-texlive-combined-full-2025.2025070
3-texmfdist/tex/latex/glossaries/styles/glossary-list.sty
Package: glossary-list 2025/05/14 v4.7 (NLCT)
\glslistdottedwidth=\skip68
)
(/nix/store/a4xk35zqigjpqbrdindypnn14fm6id9s-texlive-combined-full-2025.2025070
3-texmfdist/tex/latex/glossaries/styles/glossary-long.sty
Package: glossary-long 2025/05/14 v4.7 (NLCT)

(/nix/store/a4xk35zqigjpqbrdindypnn14fm6id9s-texlive-combined-full-2025.2025070
3-texmfdist/tex/latex/tools/longtable.sty
Package: longtable 2024-12-18 v4.23 Multi-page Table package (DPC)
\LTleft=\skip69
\LTright=\skip70
\LTpre=\skip71
\LTpost=\skip72
\LTchunksize=\count338
\LTcapwidth=\dimen260
\LT@head=\box62
\LT@firsthead=\box63
\LT@foot=\box64
\LT@lastfoot=\box65
\LT@gbox=\box66
\LT@cols=\count339
\LT@rows=\count340
\c@LT@tables=\count341
\c@LT@chunks=\count342
\LT@p@ftn=\toks44
)
\glsdescwidth=\skip73
\glspagelistwidth=\skip74
)
(/nix/store/a4xk35zqigjpqbrdindypnn14fm6id9s-texlive-combined-full-2025.2025070
3-texmfdist/tex/latex/glossaries/styles/glossary-super.sty
Package: glossary-super 2025/05/14 v4.7 (NLCT)

(/nix/store/a4xk35zqigjpqbrdindypnn14fm6id9s-texlive-combined-full-2025.2025070
3-texmfdist/tex/latex/supertabular/supertabular.sty
Package: supertabular 2024/07/20 v4.2c the supertabular environment
\c@tracingst=\count343
\ST@wd=\dimen261
\ST@rightskip=\skip75
\ST@leftskip=\skip76
\ST@parfillskip=\skip77
\ST@pageleft=\dimen262
\ST@headht=\dimen263
\ST@tailht=\dimen264
\ST@pagesofar=\dimen265
\ST@pboxht=\dimen266
\ST@rowht=\dimen267
\ST@prevht=\dimen268
\ST@toadd=\dimen269
\ST@dimen=\dimen270
\ST@pbox=\box67
))
(/nix/store/a4xk35zqigjpqbrdindypnn14fm6id9s-texlive-combined-full-2025.2025070
3-texmfdist/tex/latex/glossaries/styles/glossary-tree.sty
Package: glossary-tree 2025/05/14 v4.7 (NLCT)
\l__glossaries_tree_max_known_level_int=\count344
\l__glossaries_tree_offset_dim=\dimen271
\l__glossaries_tree_namewidth_dim=\dimen272
\l__glossaries_tree_symbolwidth_dim=\dimen273
\l__glossaries_tree_prenamesym_width_dim=\dimen274
\l__glossaries_tree_presubnamesym_width_dim=\dimen275
\l__glossaries_tree_namewidth_padding_dim=\dimen276
\l__glossaries_tree_symbolwidth_padding_dim=\dimen277
\l__glossaries_tree_namesymbolwidth_dim=\dimen278
\l__glossaries_tree_namesymbolwidth_padding_dim=\dimen279
\l__glossaries_tree_level_int=\count345
\glstreeindent=\skip78
))
(/nix/store/a4xk35zqigjpqbrdindypnn14fm6id9s-texlive-combined-full-2025.2025070
3-texmfdist/tex/latex/base/fontenc.sty
Package: fontenc 2024/12/21 v2.1c Standard LaTeX package
)
(/nix/store/a4xk35zqigjpqbrdindypnn14fm6id9s-texlive-combined-full-2025.2025070
3-texmfdist/tex/latex/lm/lmodern.sty
Package: lmodern 2015/05/01 v1.6.1 Latin Modern Fonts
LaTeX Font Info:    Overwriting symbol font `operators' in version `normal'
(Font)                  OT1/cmr/m/n --> OT1/lmr/m/n on input line 22.
LaTeX Font Info:    Overwriting symbol font `letters' in version `normal'
(Font)                  OML/cmm/m/it --> OML/lmm/m/it on input line 23.
LaTeX Font Info:    Overwriting symbol font `symbols' in version `normal'
(Font)                  OMS/cmsy/m/n --> OMS/lmsy/m/n on input line 24.
LaTeX Font Info:    Overwriting symbol font `largesymbols' in version `normal'
(Font)                  OMX/cmex/m/n --> OMX/lmex/m/n on input line 25.
LaTeX Font Info:    Overwriting symbol font `operators' in version `bold'
(Font)                  OT1/cmr/bx/n --> OT1/lmr/bx/n on input line 26.
LaTeX Font Info:    Overwriting symbol font `letters' in version `bold'
(Font)                  OML/cmm/b/it --> OML/lmm/b/it on input line 27.
LaTeX Font Info:    Overwriting symbol font `symbols' in version `bold'
(Font)                  OMS/cmsy/b/n --> OMS/lmsy/b/n on input line 28.
LaTeX Font Info:    Overwriting symbol font `largesymbols' in version `bold'
(Font)                  OMX/cmex/m/n --> OMX/lmex/m/n on input line 29.
LaTeX Font Info:    Overwriting math alphabet `\mathbf' in version `normal'
(Font)                  OT1/cmr/bx/n --> OT1/lmr/bx/n on input line 31.
LaTeX Font Info:    Overwriting math alphabet `\mathsf' in version `normal'
(Font)                  OT1/cmss/m/n --> OT1/lmss/m/n on input line 32.
LaTeX Font Info:    Overwriting math alphabet `\mathit' in version `normal'
(Font)                  OT1/cmr/m/it --> OT1/lmr/m/it on input line 33.
LaTeX Font Info:    Overwriting math alphabet `\mathtt' in version `normal'
(Font)                  OT1/cmtt/m/n --> OT1/lmtt/m/n on input line 34.
LaTeX Font Info:    Overwriting math alphabet `\mathbf' in version `bold'
(Font)                  OT1/cmr/bx/n --> OT1/lmr/bx/n on input line 35.
LaTeX Font Info:    Overwriting math alphabet `\mathsf' in version `bold'
(Font)                  OT1/cmss/bx/n --> OT1/lmss/bx/n on input line 36.
LaTeX Font Info:    Overwriting math alphabet `\mathit' in version `bold'
(Font)                  OT1/cmr/bx/it --> OT1/lmr/bx/it on input line 37.
LaTeX Font Info:    Overwriting math alphabet `\mathtt' in version `bold'
(Font)                  OT1/cmtt/m/n --> OT1/lmtt/m/n on input line 38.
)
(/nix/store/a4xk35zqigjpqbrdindypnn14fm6id9s-texlive-combined-full-2025.2025070
3-texmfdist/tex/latex/psnfss/mathpazo.sty
Package: mathpazo 2020/03/25 PSNFSS-v9.3 Palatino w/ Pazo Math (D.Puga, WaS) 
\symupright=\mathgroup6
)
(/nix/store/a4xk35zqigjpqbrdindypnn14fm6id9s-texlive-combined-full-2025.2025070
3-texmfdist/tex/latex/microtype/microtype.sty
Package: microtype 2025/02/11 v3.2a Micro-typographical refinements (RS)
\MT@toks=\toks45
\MT@tempbox=\box68
\MT@count=\count346
LaTeX Info: Redefining \noprotrusionifhmode on input line 1087.
LaTeX Info: Redefining \leftprotrusion on input line 1088.
\MT@prot@toks=\toks46
LaTeX Info: Redefining \rightprotrusion on input line 1107.
LaTeX Info: Redefining \textls on input line 1449.
\MT@outer@kern=\dimen280
LaTeX Info: Redefining \microtypecontext on input line 2053.
LaTeX Info: Redefining \textmicrotypecontext on input line 2070.
\MT@listname@count=\count347

(/nix/store/a4xk35zqigjpqbrdindypnn14fm6id9s-texlive-combined-full-2025.2025070
3-texmfdist/tex/latex/microtype/microtype-pdftex.def
File: microtype-pdftex.def 2025/02/11 v3.2a Definitions specific to pdftex (RS)

LaTeX Info: Redefining \lsstyle on input line 944.
LaTeX Info: Redefining \lslig on input line 944.
\MT@outer@space=\skip79
)
Package microtype Info: Loading configuration file microtype.cfg.

(/nix/store/a4xk35zqigjpqbrdindypnn14fm6id9s-texlive-combined-full-2025.2025070
3-texmfdist/tex/latex/microtype/microtype.cfg
File: microtype.cfg 2025/02/11 v3.2a microtype main configuration file (RS)
)
LaTeX Info: Redefining \microtypesetup on input line 3065.
)
(/nix/store/a4xk35zqigjpqbrdindypnn14fm6id9s-texlive-combined-full-2025.2025070
3-texmfdist/tex/latex/tools/multicol.sty
Package: multicol 2025/05/25 v2.0a multicolumn formatting (FMi)
\c@tracingmulticols=\count348
\mult@box=\box69
\multicol@leftmargin=\dimen281
\c@unbalance=\count349
\c@collectmore=\count350
\doublecol@number=\count351
\multicoltolerance=\count352
\multicolpretolerance=\count353
\full@width=\dimen282
\page@free=\dimen283
\premulticols=\dimen284
\postmulticols=\dimen285
\multicolsep=\skip80
\multicolbaselineskip=\skip81
\partial@page=\box70
\last@line=\box71
\mc@boxedresult=\box72
\maxbalancingoverflow=\dimen286
\mult@rightbox=\box73
\mult@grightbox=\box74
\mult@firstbox=\box75
\mult@gfirstbox=\box76
\@tempa=\box77
\@tempa=\box78
\@tempa=\box79
\@tempa=\box80
\@tempa=\box81
\@tempa=\box82
\@tempa=\box83
\@tempa=\box84
\@tempa=\box85
\@tempa=\box86
\@tempa=\box87
\@tempa=\box88
\@tempa=\box89
\@tempa=\box90
\@tempa=\box91
\@tempa=\box92
\@tempa=\box93
\@tempa=\box94
\@tempa=\box95
\@tempa=\box96
\@tempa=\box97
\@tempa=\box98
\@tempa=\box99
\@tempa=\box100
\@tempa=\box101
\@tempa=\box102
\@tempa=\box103
\@tempa=\box104
\@tempa=\box105
\@tempa=\box106
\@tempa=\box107
\@tempa=\box108
\@tempa=\box109
\@tempa=\box110
\@tempa=\box111
\@tempa=\box112
\c@minrows=\count354
\c@columnbadness=\count355
\c@finalcolumnbadness=\count356
\last@try=\dimen287
\multicolovershoot=\dimen288
\multicolundershoot=\dimen289
\mult@nat@firstbox=\box113
\colbreak@box=\box114
\mc@col@check@num=\count357
\g__mc_curr_col_int=\count358
)
(/nix/store/a4xk35zqigjpqbrdindypnn14fm6id9s-texlive-combined-full-2025.2025070
3-texmfdist/tex/latex/adjmulticol/adjmulticol.sty
Package: adjmulticol 2022/05/15 v1.5 Adjusted margins for multicolumn layout
\adjmc@inner=\dimen290
\adjmc@outer=\dimen291
\adjmc@saved@leftmargin=\dimen292
)
(/nix/store/a4xk35zqigjpqbrdindypnn14fm6id9s-texlive-combined-full-2025.2025070
3-texmfdist/tex/latex/tcolorbox/tcolorbox.sty
Package: tcolorbox 2025/06/04 version 6.6.0 text color boxes

(/nix/store/a4xk35zqigjpqbrdindypnn14fm6id9s-texlive-combined-full-2025.2025070
3-texmfdist/tex/latex/pgf/frontendlayer/tikz.sty
(/nix/store/a4xk35zqigjpqbrdindypnn14fm6id9s-texlive-combined-full-2025.2025070
3-texmfdist/tex/latex/pgf/basiclayer/pgf.sty
(/nix/store/a4xk35zqigjpqbrdindypnn14fm6id9s-texlive-combined-full-2025.2025070
3-texmfdist/tex/latex/pgf/utilities/pgfrcs.sty
(/nix/store/a4xk35zqigjpqbrdindypnn14fm6id9s-texlive-combined-full-2025.2025070
3-texmfdist/tex/generic/pgf/utilities/pgfutil-common.tex
\pgfutil@everybye=\toks47
\pgfutil@tempdima=\dimen293
\pgfutil@tempdimb=\dimen294
)
(/nix/store/a4xk35zqigjpqbrdindypnn14fm6id9s-texlive-combined-full-2025.2025070
3-texmfdist/tex/generic/pgf/utilities/pgfutil-latex.def
\pgfutil@abb=\box115
)
(/nix/store/a4xk35zqigjpqbrdindypnn14fm6id9s-texlive-combined-full-2025.2025070
3-texmfdist/tex/generic/pgf/utilities/pgfrcs.code.tex
(/nix/store/a4xk35zqigjpqbrdindypnn14fm6id9s-texlive-combined-full-2025.2025070
3-texmfdist/tex/generic/pgf/pgf.revision.tex)
Package: pgfrcs 2023-01-15 v3.1.10 (3.1.10)
))
Package: pgf 2023-01-15 v3.1.10 (3.1.10)

(/nix/store/a4xk35zqigjpqbrdindypnn14fm6id9s-texlive-combined-full-2025.2025070
3-texmfdist/tex/latex/pgf/basiclayer/pgfcore.sty
(/nix/store/a4xk35zqigjpqbrdindypnn14fm6id9s-texlive-combined-full-2025.2025070
3-texmfdist/tex/latex/pgf/systemlayer/pgfsys.sty
(/nix/store/a4xk35zqigjpqbrdindypnn14fm6id9s-texlive-combined-full-2025.2025070
3-texmfdist/tex/generic/pgf/systemlayer/pgfsys.code.tex
Package: pgfsys 2023-01-15 v3.1.10 (3.1.10)

(/nix/store/a4xk35zqigjpqbrdindypnn14fm6id9s-texlive-combined-full-2025.2025070
3-texmfdist/tex/generic/pgf/utilities/pgfkeys.code.tex
\pgfkeys@pathtoks=\toks48
\pgfkeys@temptoks=\toks49

(/nix/store/a4xk35zqigjpqbrdindypnn14fm6id9s-texlive-combined-full-2025.2025070
3-texmfdist/tex/generic/pgf/utilities/pgfkeyslibraryfiltered.code.tex
\pgfkeys@tmptoks=\toks50
))
\pgf@x=\dimen295
\pgf@y=\dimen296
\pgf@xa=\dimen297
\pgf@ya=\dimen298
\pgf@xb=\dimen299
\pgf@yb=\dimen300
\pgf@xc=\dimen301
\pgf@yc=\dimen302
\pgf@xd=\dimen303
\pgf@yd=\dimen304
\w@pgf@writea=\write3
\r@pgf@reada=\read3
\c@pgf@counta=\count359
\c@pgf@countb=\count360
\c@pgf@countc=\count361
\c@pgf@countd=\count362
\t@pgf@toka=\toks51
\t@pgf@tokb=\toks52
\t@pgf@tokc=\toks53
\pgf@sys@id@count=\count363

(/nix/store/a4xk35zqigjpqbrdindypnn14fm6id9s-texlive-combined-full-2025.2025070
3-texmfdist/tex/generic/pgf/systemlayer/pgf.cfg
File: pgf.cfg 2023-01-15 v3.1.10 (3.1.10)
)
Driver file for pgf: pgfsys-pdftex.def

(/nix/store/a4xk35zqigjpqbrdindypnn14fm6id9s-texlive-combined-full-2025.2025070
3-texmfdist/tex/generic/pgf/systemlayer/pgfsys-pdftex.def
File: pgfsys-pdftex.def 2023-01-15 v3.1.10 (3.1.10)

(/nix/store/a4xk35zqigjpqbrdindypnn14fm6id9s-texlive-combined-full-2025.2025070
3-texmfdist/tex/generic/pgf/systemlayer/pgfsys-common-pdf.def
File: pgfsys-common-pdf.def 2023-01-15 v3.1.10 (3.1.10)
)))
(/nix/store/a4xk35zqigjpqbrdindypnn14fm6id9s-texlive-combined-full-2025.2025070
3-texmfdist/tex/generic/pgf/systemlayer/pgfsyssoftpath.code.tex
File: pgfsyssoftpath.code.tex 2023-01-15 v3.1.10 (3.1.10)
\pgfsyssoftpath@smallbuffer@items=\count364
\pgfsyssoftpath@bigbuffer@items=\count365
)
(/nix/store/a4xk35zqigjpqbrdindypnn14fm6id9s-texlive-combined-full-2025.2025070
3-texmfdist/tex/generic/pgf/systemlayer/pgfsysprotocol.code.tex
File: pgfsysprotocol.code.tex 2023-01-15 v3.1.10 (3.1.10)
))
(/nix/store/a4xk35zqigjpqbrdindypnn14fm6id9s-texlive-combined-full-2025.2025070
3-texmfdist/tex/generic/pgf/basiclayer/pgfcore.code.tex
Package: pgfcore 2023-01-15 v3.1.10 (3.1.10)

(/nix/store/a4xk35zqigjpqbrdindypnn14fm6id9s-texlive-combined-full-2025.2025070
3-texmfdist/tex/generic/pgf/math/pgfmath.code.tex
(/nix/store/a4xk35zqigjpqbrdindypnn14fm6id9s-texlive-combined-full-2025.2025070
3-texmfdist/tex/generic/pgf/math/pgfmathutil.code.tex)
(/nix/store/a4xk35zqigjpqbrdindypnn14fm6id9s-texlive-combined-full-2025.2025070
3-texmfdist/tex/generic/pgf/math/pgfmathparser.code.tex
\pgfmath@dimen=\dimen305
\pgfmath@count=\count366
\pgfmath@box=\box116
\pgfmath@toks=\toks54
\pgfmath@stack@operand=\toks55
\pgfmath@stack@operation=\toks56
)
(/nix/store/a4xk35zqigjpqbrdindypnn14fm6id9s-texlive-combined-full-2025.2025070
3-texmfdist/tex/generic/pgf/math/pgfmathfunctions.code.tex)
(/nix/store/a4xk35zqigjpqbrdindypnn14fm6id9s-texlive-combined-full-2025.2025070
3-texmfdist/tex/generic/pgf/math/pgfmathfunctions.basic.code.tex)
(/nix/store/a4xk35zqigjpqbrdindypnn14fm6id9s-texlive-combined-full-2025.2025070
3-texmfdist/tex/generic/pgf/math/pgfmathfunctions.trigonometric.code.tex)
(/nix/store/a4xk35zqigjpqbrdindypnn14fm6id9s-texlive-combined-full-2025.2025070
3-texmfdist/tex/generic/pgf/math/pgfmathfunctions.random.code.tex)
(/nix/store/a4xk35zqigjpqbrdindypnn14fm6id9s-texlive-combined-full-2025.2025070
3-texmfdist/tex/generic/pgf/math/pgfmathfunctions.comparison.code.tex)
(/nix/store/a4xk35zqigjpqbrdindypnn14fm6id9s-texlive-combined-full-2025.2025070
3-texmfdist/tex/generic/pgf/math/pgfmathfunctions.base.code.tex)
(/nix/store/a4xk35zqigjpqbrdindypnn14fm6id9s-texlive-combined-full-2025.2025070
3-texmfdist/tex/generic/pgf/math/pgfmathfunctions.round.code.tex)
(/nix/store/a4xk35zqigjpqbrdindypnn14fm6id9s-texlive-combined-full-2025.2025070
3-texmfdist/tex/generic/pgf/math/pgfmathfunctions.misc.code.tex)
(/nix/store/a4xk35zqigjpqbrdindypnn14fm6id9s-texlive-combined-full-2025.2025070
3-texmfdist/tex/generic/pgf/math/pgfmathfunctions.integerarithmetics.code.tex)
(/nix/store/a4xk35zqigjpqbrdindypnn14fm6id9s-texlive-combined-full-2025.2025070
3-texmfdist/tex/generic/pgf/math/pgfmathcalc.code.tex)
(/nix/store/a4xk35zqigjpqbrdindypnn14fm6id9s-texlive-combined-full-2025.2025070
3-texmfdist/tex/generic/pgf/math/pgfmathfloat.code.tex
\c@pgfmathroundto@lastzeros=\count367
))
(/nix/store/a4xk35zqigjpqbrdindypnn14fm6id9s-texlive-combined-full-2025.2025070
3-texmfdist/tex/generic/pgf/math/pgfint.code.tex)
(/nix/store/a4xk35zqigjpqbrdindypnn14fm6id9s-texlive-combined-full-2025.2025070
3-texmfdist/tex/generic/pgf/basiclayer/pgfcorepoints.code.tex
File: pgfcorepoints.code.tex 2023-01-15 v3.1.10 (3.1.10)
\pgf@picminx=\dimen306
\pgf@picmaxx=\dimen307
\pgf@picminy=\dimen308
\pgf@picmaxy=\dimen309
\pgf@pathminx=\dimen310
\pgf@pathmaxx=\dimen311
\pgf@pathminy=\dimen312
\pgf@pathmaxy=\dimen313
\pgf@xx=\dimen314
\pgf@xy=\dimen315
\pgf@yx=\dimen316
\pgf@yy=\dimen317
\pgf@zx=\dimen318
\pgf@zy=\dimen319
)
(/nix/store/a4xk35zqigjpqbrdindypnn14fm6id9s-texlive-combined-full-2025.2025070
3-texmfdist/tex/generic/pgf/basiclayer/pgfcorepathconstruct.code.tex
File: pgfcorepathconstruct.code.tex 2023-01-15 v3.1.10 (3.1.10)
\pgf@path@lastx=\dimen320
\pgf@path@lasty=\dimen321
)
(/nix/store/a4xk35zqigjpqbrdindypnn14fm6id9s-texlive-combined-full-2025.2025070
3-texmfdist/tex/generic/pgf/basiclayer/pgfcorepathusage.code.tex
File: pgfcorepathusage.code.tex 2023-01-15 v3.1.10 (3.1.10)
\pgf@shorten@end@additional=\dimen322
\pgf@shorten@start@additional=\dimen323
)
(/nix/store/a4xk35zqigjpqbrdindypnn14fm6id9s-texlive-combined-full-2025.2025070
3-texmfdist/tex/generic/pgf/basiclayer/pgfcorescopes.code.tex
File: pgfcorescopes.code.tex 2023-01-15 v3.1.10 (3.1.10)
\pgfpic=\box117
\pgf@hbox=\box118
\pgf@layerbox@main=\box119
\pgf@picture@serial@count=\count368
)
(/nix/store/a4xk35zqigjpqbrdindypnn14fm6id9s-texlive-combined-full-2025.2025070
3-texmfdist/tex/generic/pgf/basiclayer/pgfcoregraphicstate.code.tex
File: pgfcoregraphicstate.code.tex 2023-01-15 v3.1.10 (3.1.10)
\pgflinewidth=\dimen324
)
(/nix/store/a4xk35zqigjpqbrdindypnn14fm6id9s-texlive-combined-full-2025.2025070
3-texmfdist/tex/generic/pgf/basiclayer/pgfcoretransformations.code.tex
File: pgfcoretransformations.code.tex 2023-01-15 v3.1.10 (3.1.10)
\pgf@pt@x=\dimen325
\pgf@pt@y=\dimen326
\pgf@pt@temp=\dimen327
)
(/nix/store/a4xk35zqigjpqbrdindypnn14fm6id9s-texlive-combined-full-2025.2025070
3-texmfdist/tex/generic/pgf/basiclayer/pgfcorequick.code.tex
File: pgfcorequick.code.tex 2023-01-15 v3.1.10 (3.1.10)
)
(/nix/store/a4xk35zqigjpqbrdindypnn14fm6id9s-texlive-combined-full-2025.2025070
3-texmfdist/tex/generic/pgf/basiclayer/pgfcoreobjects.code.tex
File: pgfcoreobjects.code.tex 2023-01-15 v3.1.10 (3.1.10)
)
(/nix/store/a4xk35zqigjpqbrdindypnn14fm6id9s-texlive-combined-full-2025.2025070
3-texmfdist/tex/generic/pgf/basiclayer/pgfcorepathprocessing.code.tex
File: pgfcorepathprocessing.code.tex 2023-01-15 v3.1.10 (3.1.10)
)
(/nix/store/a4xk35zqigjpqbrdindypnn14fm6id9s-texlive-combined-full-2025.2025070
3-texmfdist/tex/generic/pgf/basiclayer/pgfcorearrows.code.tex
File: pgfcorearrows.code.tex 2023-01-15 v3.1.10 (3.1.10)
\pgfarrowsep=\dimen328
)
(/nix/store/a4xk35zqigjpqbrdindypnn14fm6id9s-texlive-combined-full-2025.2025070
3-texmfdist/tex/generic/pgf/basiclayer/pgfcoreshade.code.tex
File: pgfcoreshade.code.tex 2023-01-15 v3.1.10 (3.1.10)
\pgf@max=\dimen329
\pgf@sys@shading@range@num=\count369
\pgf@shadingcount=\count370
)
(/nix/store/a4xk35zqigjpqbrdindypnn14fm6id9s-texlive-combined-full-2025.2025070
3-texmfdist/tex/generic/pgf/basiclayer/pgfcoreimage.code.tex
File: pgfcoreimage.code.tex 2023-01-15 v3.1.10 (3.1.10)
)
(/nix/store/a4xk35zqigjpqbrdindypnn14fm6id9s-texlive-combined-full-2025.2025070
3-texmfdist/tex/generic/pgf/basiclayer/pgfcoreexternal.code.tex
File: pgfcoreexternal.code.tex 2023-01-15 v3.1.10 (3.1.10)
\pgfexternal@startupbox=\box120
)
(/nix/store/a4xk35zqigjpqbrdindypnn14fm6id9s-texlive-combined-full-2025.2025070
3-texmfdist/tex/generic/pgf/basiclayer/pgfcorelayers.code.tex
File: pgfcorelayers.code.tex 2023-01-15 v3.1.10 (3.1.10)
)
(/nix/store/a4xk35zqigjpqbrdindypnn14fm6id9s-texlive-combined-full-2025.2025070
3-texmfdist/tex/generic/pgf/basiclayer/pgfcoretransparency.code.tex
File: pgfcoretransparency.code.tex 2023-01-15 v3.1.10 (3.1.10)
)
(/nix/store/a4xk35zqigjpqbrdindypnn14fm6id9s-texlive-combined-full-2025.2025070
3-texmfdist/tex/generic/pgf/basiclayer/pgfcorepatterns.code.tex
File: pgfcorepatterns.code.tex 2023-01-15 v3.1.10 (3.1.10)
)
(/nix/store/a4xk35zqigjpqbrdindypnn14fm6id9s-texlive-combined-full-2025.2025070
3-texmfdist/tex/generic/pgf/basiclayer/pgfcorerdf.code.tex
File: pgfcorerdf.code.tex 2023-01-15 v3.1.10 (3.1.10)
)))
(/nix/store/a4xk35zqigjpqbrdindypnn14fm6id9s-texlive-combined-full-2025.2025070
3-texmfdist/tex/generic/pgf/modules/pgfmoduleshapes.code.tex
File: pgfmoduleshapes.code.tex 2023-01-15 v3.1.10 (3.1.10)
\pgfnodeparttextbox=\box121
)
(/nix/store/a4xk35zqigjpqbrdindypnn14fm6id9s-texlive-combined-full-2025.2025070
3-texmfdist/tex/generic/pgf/modules/pgfmoduleplot.code.tex
File: pgfmoduleplot.code.tex 2023-01-15 v3.1.10 (3.1.10)
)
(/nix/store/a4xk35zqigjpqbrdindypnn14fm6id9s-texlive-combined-full-2025.2025070
3-texmfdist/tex/latex/pgf/compatibility/pgfcomp-version-0-65.sty
Package: pgfcomp-version-0-65 2023-01-15 v3.1.10 (3.1.10)
\pgf@nodesepstart=\dimen330
\pgf@nodesepend=\dimen331
)
(/nix/store/a4xk35zqigjpqbrdindypnn14fm6id9s-texlive-combined-full-2025.2025070
3-texmfdist/tex/latex/pgf/compatibility/pgfcomp-version-1-18.sty
Package: pgfcomp-version-1-18 2023-01-15 v3.1.10 (3.1.10)
))
(/nix/store/a4xk35zqigjpqbrdindypnn14fm6id9s-texlive-combined-full-2025.2025070
3-texmfdist/tex/latex/pgf/utilities/pgffor.sty
(/nix/store/a4xk35zqigjpqbrdindypnn14fm6id9s-texlive-combined-full-2025.2025070
3-texmfdist/tex/latex/pgf/utilities/pgfkeys.sty
(/nix/store/a4xk35zqigjpqbrdindypnn14fm6id9s-texlive-combined-full-2025.2025070
3-texmfdist/tex/generic/pgf/utilities/pgfkeys.code.tex))
(/nix/store/a4xk35zqigjpqbrdindypnn14fm6id9s-texlive-combined-full-2025.2025070
3-texmfdist/tex/latex/pgf/math/pgfmath.sty
(/nix/store/a4xk35zqigjpqbrdindypnn14fm6id9s-texlive-combined-full-2025.2025070
3-texmfdist/tex/generic/pgf/math/pgfmath.code.tex))
(/nix/store/a4xk35zqigjpqbrdindypnn14fm6id9s-texlive-combined-full-2025.2025070
3-texmfdist/tex/generic/pgf/utilities/pgffor.code.tex
Package: pgffor 2023-01-15 v3.1.10 (3.1.10)
\pgffor@iter=\dimen332
\pgffor@skip=\dimen333
\pgffor@stack=\toks57
\pgffor@toks=\toks58
))
(/nix/store/a4xk35zqigjpqbrdindypnn14fm6id9s-texlive-combined-full-2025.2025070
3-texmfdist/tex/generic/pgf/frontendlayer/tikz/tikz.code.tex
Package: tikz 2023-01-15 v3.1.10 (3.1.10)

(/nix/store/a4xk35zqigjpqbrdindypnn14fm6id9s-texlive-combined-full-2025.2025070
3-texmfdist/tex/generic/pgf/libraries/pgflibraryplothandlers.code.tex
File: pgflibraryplothandlers.code.tex 2023-01-15 v3.1.10 (3.1.10)
\pgf@plot@mark@count=\count371
\pgfplotmarksize=\dimen334
)
\tikz@lastx=\dimen335
\tikz@lasty=\dimen336
\tikz@lastxsaved=\dimen337
\tikz@lastysaved=\dimen338
\tikz@lastmovetox=\dimen339
\tikz@lastmovetoy=\dimen340
\tikzleveldistance=\dimen341
\tikzsiblingdistance=\dimen342
\tikz@figbox=\box122
\tikz@figbox@bg=\box123
\tikz@tempbox=\box124
\tikz@tempbox@bg=\box125
\tikztreelevel=\count372
\tikznumberofchildren=\count373
\tikznumberofcurrentchild=\count374
\tikz@fig@count=\count375

(/nix/store/a4xk35zqigjpqbrdindypnn14fm6id9s-texlive-combined-full-2025.2025070
3-texmfdist/tex/generic/pgf/modules/pgfmodulematrix.code.tex
File: pgfmodulematrix.code.tex 2023-01-15 v3.1.10 (3.1.10)
\pgfmatrixcurrentrow=\count376
\pgfmatrixcurrentcolumn=\count377
\pgf@matrix@numberofcolumns=\count378
)
\tikz@expandcount=\count379

(/nix/store/a4xk35zqigjpqbrdindypnn14fm6id9s-texlive-combined-full-2025.2025070
3-texmfdist/tex/generic/pgf/frontendlayer/tikz/libraries/tikzlibrarytopaths.cod
e.tex
File: tikzlibrarytopaths.code.tex 2023-01-15 v3.1.10 (3.1.10)
)))
(/nix/store/a4xk35zqigjpqbrdindypnn14fm6id9s-texlive-combined-full-2025.2025070
3-texmfdist/tex/latex/environ/environ.sty
Package: environ 2014/05/04 v0.3 A new way to define environments

(/nix/store/a4xk35zqigjpqbrdindypnn14fm6id9s-texlive-combined-full-2025.2025070
3-texmfdist/tex/latex/trimspaces/trimspaces.sty
Package: trimspaces 2009/09/17 v1.1 Trim spaces around a token list
))
\tcb@titlebox=\box126
\tcb@upperbox=\box127
\tcb@lowerbox=\box128
\tcb@phantombox=\box129
\c@tcbbreakpart=\count380
\c@tcblayer=\count381
\c@tcolorbox@number=\count382
\l__tcobox_tmpa_box=\box130
\l__tcobox_tmpa_dim=\dimen343
\tcb@temp=\box131
\tcb@temp=\box132
\tcb@temp=\box133
\tcb@temp=\box134

(/nix/store/a4xk35zqigjpqbrdindypnn14fm6id9s-texlive-combined-full-2025.2025070
3-texmfdist/tex/latex/tcolorbox/tcbbreakable.code.tex
Library (tcolorbox): 'tcbbreakable.code.tex' version '6.6.0'

(/nix/store/a4xk35zqigjpqbrdindypnn14fm6id9s-texlive-combined-full-2025.2025070
3-texmfdist/tex/latex/pdfcol/pdfcol.sty
Package: pdfcol 2022-09-21 v1.7 Handle new color stacks for pdfTeX (HO)

(/nix/store/a4xk35zqigjpqbrdindypnn14fm6id9s-texlive-combined-full-2025.2025070
3-texmfdist/tex/generic/ltxcmds/ltxcmds.sty
Package: ltxcmds 2023-12-04 v1.26 LaTeX kernel commands for general use (HO)
)
(/nix/store/a4xk35zqigjpqbrdindypnn14fm6id9s-texlive-combined-full-2025.2025070
3-texmfdist/tex/generic/infwarerr/infwarerr.sty
Package: infwarerr 2019/12/03 v1.5 Providing info/warning/error messages (HO)
)
(/nix/store/a4xk35zqigjpqbrdindypnn14fm6id9s-texlive-combined-full-2025.2025070
3-texmfdist/tex/generic/iftex/iftex.sty
Package: iftex 2024/12/12 v1.0g TeX engine tests
))
Package pdfcol Info: New color stack `tcb@breakable' = 1 on input line 23.
\tcb@testbox=\box135
\tcb@totalupperbox=\box136
\tcb@totallowerbox=\box137
))
(/nix/store/a4xk35zqigjpqbrdindypnn14fm6id9s-texlive-combined-full-2025.2025070
3-texmfdist/tex/latex/wrapfig/wrapfig.sty
\wrapoverhang=\dimen344
\WF@size=\dimen345
\c@WF@wrappedlines=\count383
\WF@box=\box138
\WF@everypar=\toks59
Package: wrapfig 2003/01/31  v 3.6
)
(/nix/store/a4xk35zqigjpqbrdindypnn14fm6id9s-texlive-combined-full-2025.2025070
3-texmfdist/tex/latex/setspace/setspace.sty
Package: setspace 2022/12/04 v6.7b set line spacing
)
(/nix/store/a4xk35zqigjpqbrdindypnn14fm6id9s-texlive-combined-full-2025.2025070
3-texmfdist/tex/latex/titlesec/titlesec.sty
Package: titlesec 2025/01/04 v2.17 Sectioning titles
\ttl@box=\box139
\beforetitleunit=\skip82
\aftertitleunit=\skip83
\ttl@plus=\dimen346
\ttl@minus=\dimen347
\ttl@toksa=\toks60
\titlewidth=\dimen348
\titlewidthlast=\dimen349
\titlewidthfirst=\dimen350
)
(/nix/store/a4xk35zqigjpqbrdindypnn14fm6id9s-texlive-combined-full-2025.2025070
3-texmfdist/tex/latex/apptools/apptools.sty
Package: apptools 2012/11/28 v1.0 Tools for customizing appendices
)
(/nix/store/a4xk35zqigjpqbrdindypnn14fm6id9s-texlive-combined-full-2025.2025070
3-texmfdist/tex/latex/hyperref/hyperref.sty
Package: hyperref 2025-06-21 v7.01n Hypertext links for LaTeX

(/nix/store/a4xk35zqigjpqbrdindypnn14fm6id9s-texlive-combined-full-2025.2025070
3-texmfdist/tex/latex/kvsetkeys/kvsetkeys.sty
Package: kvsetkeys 2022-10-05 v1.19 Key value parser (HO)
)
(/nix/store/a4xk35zqigjpqbrdindypnn14fm6id9s-texlive-combined-full-2025.2025070
3-texmfdist/tex/generic/kvdefinekeys/kvdefinekeys.sty
Package: kvdefinekeys 2019-12-19 v1.6 Define keys (HO)
)
(/nix/store/a4xk35zqigjpqbrdindypnn14fm6id9s-texlive-combined-full-2025.2025070
3-texmfdist/tex/generic/pdfescape/pdfescape.sty
Package: pdfescape 2019/12/09 v1.15 Implements pdfTeX's escape features (HO)

(/nix/store/a4xk35zqigjpqbrdindypnn14fm6id9s-texlive-combined-full-2025.2025070
3-texmfdist/tex/generic/pdftexcmds/pdftexcmds.sty
Package: pdftexcmds 2020-06-27 v0.33 Utility functions of pdfTeX for LuaTeX (HO
)
Package pdftexcmds Info: \pdf@primitive is available.
Package pdftexcmds Info: \pdf@ifprimitive is available.
Package pdftexcmds Info: \pdfdraftmode found.
))
(/nix/store/a4xk35zqigjpqbrdindypnn14fm6id9s-texlive-combined-full-2025.2025070
3-texmfdist/tex/latex/hycolor/hycolor.sty
Package: hycolor 2020-01-27 v1.10 Color options for hyperref/bookmark (HO)
)
(/nix/store/a4xk35zqigjpqbrdindypnn14fm6id9s-texlive-combined-full-2025.2025070
3-texmfdist/tex/latex/hyperref/nameref.sty
Package: nameref 2025-06-21 v2.57 Cross-referencing by name of section

(/nix/store/a4xk35zqigjpqbrdindypnn14fm6id9s-texlive-combined-full-2025.2025070
3-texmfdist/tex/latex/refcount/refcount.sty
Package: refcount 2019/12/15 v3.6 Data extraction from label references (HO)
)
(/nix/store/a4xk35zqigjpqbrdindypnn14fm6id9s-texlive-combined-full-2025.2025070
3-texmfdist/tex/generic/gettitlestring/gettitlestring.sty
Package: gettitlestring 2019/12/15 v1.6 Cleanup title references (HO)

(/nix/store/a4xk35zqigjpqbrdindypnn14fm6id9s-texlive-combined-full-2025.2025070
3-texmfdist/tex/latex/kvoptions/kvoptions.sty
Package: kvoptions 2022-06-15 v3.15 Key value format for package options (HO)
))
\c@section@level=\count384
)
(/nix/store/a4xk35zqigjpqbrdindypnn14fm6id9s-texlive-combined-full-2025.2025070
3-texmfdist/tex/generic/stringenc/stringenc.sty
Package: stringenc 2019/11/29 v1.12 Convert strings between diff. encodings (HO
)
)
\@linkdim=\dimen351
\Hy@linkcounter=\count385
\Hy@pagecounter=\count386

(/nix/store/a4xk35zqigjpqbrdindypnn14fm6id9s-texlive-combined-full-2025.2025070
3-texmfdist/tex/latex/hyperref/pd1enc.def
File: pd1enc.def 2025-06-21 v7.01n Hyperref: PDFDocEncoding definition (HO)
Now handling font encoding PD1 ...
... no UTF-8 mapping file for font encoding PD1
)
(/nix/store/a4xk35zqigjpqbrdindypnn14fm6id9s-texlive-combined-full-2025.2025070
3-texmfdist/tex/generic/intcalc/intcalc.sty
Package: intcalc 2019/12/15 v1.3 Expandable calculations with integers (HO)
)
\Hy@SavedSpaceFactor=\count387

(/nix/store/a4xk35zqigjpqbrdindypnn14fm6id9s-texlive-combined-full-2025.2025070
3-texmfdist/tex/latex/hyperref/puenc.def
File: puenc.def 2025-06-21 v7.01n Hyperref: PDF Unicode definition (HO)
Now handling font encoding PU ...
... no UTF-8 mapping file for font encoding PU
)
Package hyperref Info: Option `linktocpage' set `true' on input line 4052.
Package hyperref Info: Option `pdfusetitle' set `true' on input line 4052.
Package hyperref Info: Hyper figures OFF on input line 4181.
Package hyperref Info: Link nesting OFF on input line 4186.
Package hyperref Info: Hyper index ON on input line 4189.
Package hyperref Info: Plain pages OFF on input line 4196.
Package hyperref Info: Backreferencing OFF on input line 4201.
Package hyperref Info: Implicit mode ON; LaTeX internals redefined.
Package hyperref Info: Bookmarks ON on input line 4448.
\c@Hy@tempcnt=\count388

(/nix/store/a4xk35zqigjpqbrdindypnn14fm6id9s-texlive-combined-full-2025.2025070
3-texmfdist/tex/latex/url/url.sty
\Urlmuskip=\muskip18
Package: url 2013/09/16  ver 3.4  Verb mode for urls, etc.
)
LaTeX Info: Redefining \url on input line 4787.
\XeTeXLinkMargin=\dimen352

(/nix/store/a4xk35zqigjpqbrdindypnn14fm6id9s-texlive-combined-full-2025.2025070
3-texmfdist/tex/generic/bitset/bitset.sty
Package: bitset 2019/12/09 v1.3 Handle bit-vector datatype (HO)

(/nix/store/a4xk35zqigjpqbrdindypnn14fm6id9s-texlive-combined-full-2025.2025070
3-texmfdist/tex/generic/bigintcalc/bigintcalc.sty
Package: bigintcalc 2019/12/15 v1.5 Expandable calculations on big integers (HO
)
))
\Fld@menulength=\count389
\Field@Width=\dimen353
\Fld@charsize=\dimen354
Package hyperref Info: Hyper figures OFF on input line 6066.
Package hyperref Info: Link nesting OFF on input line 6071.
Package hyperref Info: Hyper index ON on input line 6074.
Package hyperref Info: backreferencing OFF on input line 6081.
Package hyperref Info: Link coloring OFF on input line 6086.
Package hyperref Info: Link coloring with OCG OFF on input line 6091.
Package hyperref Info: PDF/A mode OFF on input line 6096.
\Hy@abspage=\count390
\c@Item=\count391
\c@Hfootnote=\count392
)
Package hyperref Info: Driver (autodetected): hpdftex.

(/nix/store/a4xk35zqigjpqbrdindypnn14fm6id9s-texlive-combined-full-2025.2025070
3-texmfdist/tex/latex/hyperref/hpdftex.def
File: hpdftex.def 2025-06-21 v7.01n Hyperref driver for pdfTeX
\Fld@listcount=\count393
\c@bookmark@seq@number=\count394

(/nix/store/a4xk35zqigjpqbrdindypnn14fm6id9s-texlive-combined-full-2025.2025070
3-texmfdist/tex/latex/rerunfilecheck/rerunfilecheck.sty
Package: rerunfilecheck 2025-06-21 v1.11 Rerun checks for auxiliary files (HO)

(/nix/store/a4xk35zqigjpqbrdindypnn14fm6id9s-texlive-combined-full-2025.2025070
3-texmfdist/tex/generic/uniquecounter/uniquecounter.sty
Package: uniquecounter 2019/12/15 v1.4 Provide unlimited unique counter (HO)
)
Package uniquecounter Info: New unique counter `rerunfilecheck' on input line 2
84.
)
\Hy@SectionHShift=\skip84
)
Package hyperref Info: Option `colorlinks' set `true' on input line 92.

(/nix/store/a4xk35zqigjpqbrdindypnn14fm6id9s-texlive-combined-full-2025.2025070
3-texmfdist/tex/latex/fancyhdr/fancyhdr.sty
Package: fancyhdr 2025/02/07 v5.2 Extensive control of page headers and footers

\f@nch@headwidth=\skip85
\f@nch@offset@elh=\skip86
\f@nch@offset@erh=\skip87
\f@nch@offset@olh=\skip88
\f@nch@offset@orh=\skip89
\f@nch@offset@elf=\skip90
\f@nch@offset@erf=\skip91
\f@nch@offset@olf=\skip92
\f@nch@offset@orf=\skip93
\f@nch@height=\skip94
\f@nch@footalignment=\skip95
\f@nch@widthL=\skip96
\f@nch@widthC=\skip97
\f@nch@widthR=\skip98
\@temptokenb=\toks61
))
(/nix/store/a4xk35zqigjpqbrdindypnn14fm6id9s-texlive-combined-full-2025.2025070
3-texmfdist/tex/latex/cleveref/cleveref.sty
Package: cleveref 2018/03/27 v0.21.4 Intelligent cross-referencing
Package cleveref Info: `hyperref' support loaded on input line 2370.
LaTeX Info: Redefining \cref on input line 2370.
LaTeX Info: Redefining \Cref on input line 2370.
LaTeX Info: Redefining \crefrange on input line 2370.
LaTeX Info: Redefining \Crefrange on input line 2370.
LaTeX Info: Redefining \cpageref on input line 2370.
LaTeX Info: Redefining \Cpageref on input line 2370.
LaTeX Info: Redefining \cpagerefrange on input line 2370.
LaTeX Info: Redefining \Cpagerefrange on input line 2370.
LaTeX Info: Redefining \labelcref on input line 2370.
LaTeX Info: Redefining \labelcpageref on input line 2370.
Package cleveref Info: `amsthm' support loaded on input line 3026.
)
==> First Aid for cleveref.sty applied!
\c@definition=\count395
LaTeX Font Info:    Trying to load font information for T1+ppl on input line 64
.

(/nix/store/a4xk35zqigjpqbrdindypnn14fm6id9s-texlive-combined-full-2025.2025070
3-texmfdist/tex/latex/psnfss/t1ppl.fd
File: t1ppl.fd 2001/06/04 font definitions for T1/ppl.
)
(/nix/store/a4xk35zqigjpqbrdindypnn14fm6id9s-texlive-combined-full-2025.2025070
3-texmfdist/tex/latex/l3backend/l3backend-pdftex.def
File: l3backend-pdftex.def 2025-06-09 L3 backend support: PDF output (pdfTeX)
\l__color_backend_stack_int=\count396
)
No file BimodalReference.aux.
\openout1 = `BimodalReference.aux'.

LaTeX Font Info:    Checking defaults for OML/cmm/m/it on input line 64.
LaTeX Font Info:    ... okay on input line 64.
LaTeX Font Info:    Checking defaults for OMS/cmsy/m/n on input line 64.
LaTeX Font Info:    ... okay on input line 64.
LaTeX Font Info:    Checking defaults for OT1/cmr/m/n on input line 64.
LaTeX Font Info:    ... okay on input line 64.
LaTeX Font Info:    Checking defaults for T1/cmr/m/n on input line 64.
LaTeX Font Info:    ... okay on input line 64.
LaTeX Font Info:    Checking defaults for TS1/cmr/m/n on input line 64.
LaTeX Font Info:    ... okay on input line 64.
LaTeX Font Info:    Checking defaults for OMX/cmex/m/n on input line 64.
LaTeX Font Info:    ... okay on input line 64.
LaTeX Font Info:    Checking defaults for U/cmr/m/n on input line 64.
LaTeX Font Info:    ... okay on input line 64.
LaTeX Font Info:    Checking defaults for PD1/pdf/m/n on input line 64.
LaTeX Font Info:    ... okay on input line 64.
LaTeX Font Info:    Checking defaults for PU/pdf/m/n on input line 64.
LaTeX Font Info:    ... okay on input line 64.

(/nix/store/a4xk35zqigjpqbrdindypnn14fm6id9s-texlive-combined-full-2025.2025070
3-texmfdist/tex/context/base/mkii/supp-pdf.mkii
[Loading MPS to PDF converter (version 2006.09.02).]
\scratchcounter=\count397
\scratchdimen=\dimen355
\scratchbox=\box140
\nofMPsegments=\count398
\nofMParguments=\count399
\everyMPshowfont=\toks62
\MPscratchCnt=\count400
\MPscratchDim=\dimen356
\MPnumerator=\count401
\makeMPintoPDFobject=\count402
\everyMPtoPDFconversion=\toks63
)
(/nix/store/a4xk35zqigjpqbrdindypnn14fm6id9s-texlive-combined-full-2025.2025070
3-texmfdist/tex/latex/epstopdf-pkg/epstopdf-base.sty
Package: epstopdf-base 2020-01-24 v2.11 Base part for package epstopdf
Package epstopdf-base Info: Redefining graphics rule for `.eps' on input line 4
85.

(/nix/store/a4xk35zqigjpqbrdindypnn14fm6id9s-texlive-combined-full-2025.2025070
3-texmfdist/tex/latex/latexconfig/epstopdf-sys.cfg
File: epstopdf-sys.cfg 2010/07/13 v1.3 Configuration of (r)epstopdf for TeX Liv
e
))
Package microtype Info: Patching varwidth to enable character protrusion.
\MT@vwid@leftmargin=\dimen357
\MT@vwid@rightmargin=\dimen358
LaTeX Info: Redefining \microtypecontext on input line 64.
Package microtype Info: Applying patch `item' on input line 64.
Package microtype Info: Applying patch `toc' on input line 64.
Package microtype Info: Applying patch `eqnum' on input line 64.
Package microtype Info: Applying patch `footnote' on input line 64.
Package microtype Info: Applying patch `verbatim' on input line 64.
LaTeX Info: Redefining \microtypesetup on input line 64.
Package microtype Info: Generating PDF output.
Package microtype Info: Character protrusion enabled (level 2).
Package microtype Info: Using default protrusion set `alltext'.
Package microtype Info: Automatic font expansion enabled (level 2),
(microtype)             stretch: 20, shrink: 20, step: 1, non-selected.
Package microtype Info: Using default expansion set `alltext-nott'.


LaTeX Warning: Command \showhyphens   has changed.
               Check if current package is valid.

LaTeX Info: Redefining \showhyphens on input line 64.
Package microtype Info: No adjustment of tracking.
Package microtype Info: No adjustment of interword spacing.
Package microtype Info: No adjustment of character kerning.

(/nix/store/a4xk35zqigjpqbrdindypnn14fm6id9s-texlive-combined-full-2025.2025070
3-texmfdist/tex/latex/microtype/mt-ppl.cfg
File: mt-ppl.cfg 2005/11/16 v1.6 microtype config. file: Palatino (RS)
)
Package hyperref Info: Link coloring ON on input line 64.
\@outlinefile=\write4
\openout4 = `BimodalReference.out'.

LaTeX Font Info:    Trying to load font information for T1+lmtt on input line 8
0.

(/nix/store/a4xk35zqigjpqbrdindypnn14fm6id9s-texlive-combined-full-2025.2025070
3-texmfdist/tex/latex/lm/t1lmtt.fd
File: t1lmtt.fd 2015/05/01 v1.6.1 Font defs for Latin Modern
)
Package microtype Info: Loading generic protrusion settings for font family
(microtype)             `lmtt' (encoding: T1).
(microtype)             For optimal results, create family-specific settings.
(microtype)             See the microtype manual for details.


[1

{/nix/store/yg36ilq147awiwvwhymm9768ail8rjhi-texlive-combined-full-2025.2025070
3/share/texmf-var/fonts/map/pdftex/updmap/pdftex.map}{/nix/store/a4xk35zqigjpqb
rdindypnn14fm6id9s-texlive-combined-full-2025.20250703-texmfdist/fonts/enc/dvip
s/base/8r.enc}{/nix/store/a4xk35zqigjpqbrdindypnn14fm6id9s-texlive-combined-ful
l-2025.20250703-texmfdist/fonts/enc/dvips/lm/lm-ec.enc}]
No file BimodalReference.toc.
\tf@toc=\write5
\openout5 = `BimodalReference.toc'.




pdfTeX warning (ext4): destination with the same identifier (name{page.1}) has 
been already used, duplicate ignored
<to be read again> 
                   \relax 
l.105 \cleardoublepage
                       [1] (./subfiles/00-Introduction.tex
LaTeX Font Info:    Trying to load font information for OT1+ppl on input line 6
.

(/nix/store/a4xk35zqigjpqbrdindypnn14fm6id9s-texlive-combined-full-2025.2025070
3-texmfdist/tex/latex/psnfss/ot1ppl.fd
File: ot1ppl.fd 2001/06/04 font definitions for OT1/ppl.
)
LaTeX Font Info:    Trying to load font information for OML+zplm on input line 
6.

(/nix/store/a4xk35zqigjpqbrdindypnn14fm6id9s-texlive-combined-full-2025.2025070
3-texmfdist/tex/latex/psnfss/omlzplm.fd
File: omlzplm.fd 2002/09/08 Fontinst v1.914 font definitions for OML/zplm.
)
LaTeX Font Info:    Trying to load font information for OMS+zplm on input line 
6.

(/nix/store/a4xk35zqigjpqbrdindypnn14fm6id9s-texlive-combined-full-2025.2025070
3-texmfdist/tex/latex/psnfss/omszplm.fd
File: omszplm.fd 2002/09/08 Fontinst v1.914 font definitions for OMS/zplm.
)
LaTeX Font Info:    Trying to load font information for OMX+zplm on input line 
6.

(/nix/store/a4xk35zqigjpqbrdindypnn14fm6id9s-texlive-combined-full-2025.2025070
3-texmfdist/tex/latex/psnfss/omxzplm.fd
File: omxzplm.fd 2002/09/08 Fontinst v1.914 font definitions for OMX/zplm.
)
LaTeX Font Info:    Font shape `U/msa/m/n' will be
(Font)              scaled to size 11.40997pt on input line 6.

(/nix/store/a4xk35zqigjpqbrdindypnn14fm6id9s-texlive-combined-full-2025.2025070
3-texmfdist/tex/latex/microtype/mt-msa.cfg
File: mt-msa.cfg 2006/02/04 v1.1 microtype config. file: AMS symbols (a) (RS)
)
LaTeX Font Info:    Font shape `U/msa/m/n' will be
(Font)              scaled to size 8.33606pt on input line 6.
LaTeX Font Info:    Font shape `U/msa/m/n' will be
(Font)              scaled to size 6.25204pt on input line 6.
LaTeX Font Info:    Font shape `U/msb/m/n' will be
(Font)              scaled to size 11.40997pt on input line 6.

(/nix/store/a4xk35zqigjpqbrdindypnn14fm6id9s-texlive-combined-full-2025.2025070
3-texmfdist/tex/latex/microtype/mt-msb.cfg
File: mt-msb.cfg 2005/06/01 v1.0 microtype config. file: AMS symbols (b) (RS)
)
LaTeX Font Info:    Font shape `U/msb/m/n' will be
(Font)              scaled to size 8.33606pt on input line 6.
LaTeX Font Info:    Font shape `U/msb/m/n' will be
(Font)              scaled to size 6.25204pt on input line 6.
LaTeX Font Info:    Trying to load font information for OT1+zplm on input line 
6.

(/nix/store/a4xk35zqigjpqbrdindypnn14fm6id9s-texlive-combined-full-2025.2025070
3-texmfdist/tex/latex/psnfss/ot1zplm.fd
File: ot1zplm.fd 2002/09/08 Fontinst v1.914 font definitions for OT1/zplm.
)
Package microtype Info: Loading generic protrusion settings for font family
(microtype)             `zplm' (encoding: OT1).
(microtype)             For optimal results, create family-specific settings.
(microtype)             See the microtype manual for details.
LaTeX Font Info:    Trying to load font information for TS1+ppl on input line 2
0.

(/nix/store/a4xk35zqigjpqbrdindypnn14fm6id9s-texlive-combined-full-2025.2025070
3-texmfdist/tex/latex/psnfss/ts1ppl.fd
File: ts1ppl.fd 2001/06/04 font definitions for TS1/ppl.
)) (./subfiles/01-Syntax.tex

[2

]
Overfull \hbox (6.87427pt too wide) in paragraph at lines 26--38
 [] 
 []



[3]) (./subfiles/02-Semantics.tex
Overfull \hbox (83.24026pt too wide) in paragraph at lines 29--39
 [] 
 []



[4]
Overfull \hbox (33.3634pt too wide) in paragraph at lines 69--79
 [] 
 []



[5]

[6]) (./subfiles/03-ProofTheory.tex

[7]

[8]
Overfull \hbox (78.70592pt too wide) in paragraph at lines 148--161
 [] 
 []


Overfull \hbox (1.51822pt too wide) in paragraph at lines 181--182
[]\T1/ppl/m/n/10.95 (-20) The height mea-sure en-ables well-founded re-cur-sion
 in met-a-log-i-cal proofs. 
 []



[9]) (./subfiles/04-Metalogic.tex

[10]
Overfull \hbox (38.88246pt too wide) in paragraph at lines 49--51
[]\T1/ppl/m/n/10.95 (-20) The MF and TF ax-ioms use time-shift in-vari-ance (vi
a \T1/lmtt/m/n/10.95 WorldHistory.time_shift\T1/ppl/m/n/10.95 (-20) )
 []



[11]
LaTeX Font Info:    Trying to load font information for U+fplmbb on input line 
90.

(/nix/store/a4xk35zqigjpqbrdindypnn14fm6id9s-texlive-combined-full-2025.2025070
3-texmfdist/tex/latex/psnfss/ufplmbb.fd
File: ufplmbb.fd 2003/10/30 Fontinst v1.914 font definitions for U/fplmbb.
)) (./subfiles/05-Theorems.tex

[12]

[13]) (./subfiles/06-Notes.tex
Overfull \hbox (60.76778pt too wide) in paragraph at lines 9--22
 [] 
 []



[14]
Overfull \hbox (54.55089pt too wide) in paragraph at lines 60--61
\T1/ppl/m/n/10.95 (-20) The im-ple-men-ta-tion in-cludes an ex-plicit M5 col-la
pse ax-iom (\T1/lmtt/m/n/10.95 Axiom.modal_5_collapse\T1/ppl/m/n/10.95 (-20) ):
 
 []



[15]
Overfull \hbox (4.01718pt too wide) in paragraph at lines 83--94
 [] 
 []

)

[16] (./BimodalReference.aux)
 ***********
LaTeX2e <2025-06-01> patch level 1
L3 programming layer <2025-06-09>
 ***********


Package rerunfilecheck Warning: File `BimodalReference.out' has changed.
(rerunfilecheck)                Rerun to get outlines right
(rerunfilecheck)                or use package `bookmark'.

Package rerunfilecheck Info: Checksums for `BimodalReference.out':
(rerunfilecheck)             Before: <no file>
(rerunfilecheck)             After:  213B982DCAC2F4F45520EFA3E4550FED;6117.
 ) 
Here is how much of TeX's memory you used:
 37851 strings out of 467888
 776827 string characters out of 5405403
 1233102 words of memory out of 5000000
 65435 multiletter control sequences out of 15000+600000
 672994 words of font info for 239 fonts, out of 8000000 for 9000
 1141 hyphenation exceptions out of 8191
 113i,12n,115p,2513b,701s stack positions out of 10000i,1000n,20000p,200000b,200000s
</nix/store/a4xk35zqigjpqbrdindypnn14fm6id9s-texlive-combined-full-2025.20250
703-texmfdist/fonts/type1/public/amsfonts/cm/cmr10.pfb></nix/store/a4xk35zqigjp
qbrdindypnn14fm6id9s-texlive-combined-full-2025.20250703-texmfdist/fonts/type1/
public/amsfonts/cm/cmsy10.pfb></nix/store/a4xk35zqigjpqbrdindypnn14fm6id9s-texl
ive-combined-full-2025.20250703-texmfdist/fonts/type1/public/mathpazo/fplmbb.pf
b></nix/store/a4xk35zqigjpqbrdindypnn14fm6id9s-texlive-combined-full-2025.20250
703-texmfdist/fonts/type1/public/mathpazo/fplmr.pfb></nix/store/a4xk35zqigjpqbr
dindypnn14fm6id9s-texlive-combined-full-2025.20250703-texmfdist/fonts/type1/pub
lic/mathpazo/fplmri.pfb></nix/store/a4xk35zqigjpqbrdindypnn14fm6id9s-texlive-co
mbined-full-2025.20250703-texmfdist/fonts/type1/public/lm/lmtt10.pfb></nix/stor
e/a4xk35zqigjpqbrdindypnn14fm6id9s-texlive-combined-full-2025.20250703-texmfdis
t/fonts/type1/public/amsfonts/symbols/msam10.pfb></nix/store/a4xk35zqigjpqbrdin
dypnn14fm6id9s-texlive-combined-full-2025.20250703-texmfdist/fonts/type1/urw/pa
latino/uplb8a.pfb></nix/store/a4xk35zqigjpqbrdindypnn14fm6id9s-texlive-combined
-full-2025.20250703-texmfdist/fonts/type1/urw/palatino/uplr8a.pfb></nix/store/a
4xk35zqigjpqbrdindypnn14fm6id9s-texlive-combined-full-2025.20250703-texmfdist/f
onts/type1/urw/palatino/uplr8a.pfb></nix/store/a4xk35zqigjpqbrdindypnn14fm6id9s
-texlive-combined-full-2025.20250703-texmfdist/fonts/type1/urw/palatino/uplri8a
.pfb>
Output written on BimodalReference.pdf (17 pages, 182462 bytes).
PDF statistics:
 303 PDF objects out of 1000 (max. 8388607)
 259 compressed objects within 3 object streams
 147 named destinations out of 1000 (max. 500000)
 75277 words of extra memory for PDF output out of 89155 (max. 10000000)

