\BOOKMARK [1][-]{section.1}{\376\377\000I\000n\000t\000r\000o\000d\000u\000c\000t\000i\000o\000n}{}% 1
\BOOKMARK [1][-]{section.2}{\376\377\000S\000y\000n\000t\000a\000x}{}% 2
\BOOKMARK [2][-]{subsection.2.1}{\376\377\000F\000o\000r\000m\000u\000l\000a\000s}{section.2}% 3
\BOOKMARK [2][-]{subsection.2.2}{\376\377\000N\000o\000t\000a\000t\000i\000o\000n}{section.2}% 4
\BOOKMARK [2][-]{subsection.2.3}{\376\377\000D\000e\000r\000i\000v\000e\000d\000\040\000O\000p\000e\000r\000a\000t\000o\000r\000s}{section.2}% 5
\BOOKMARK [2][-]{subsection.2.4}{\376\377\000T\000e\000m\000p\000o\000r\000a\000l\000\040\000D\000u\000a\000l\000i\000t\000y}{section.2}% 6
\BOOKMARK [1][-]{section.3}{\376\377\000S\000e\000m\000a\000n\000t\000i\000c\000s}{}% 7
\BOOKMARK [2][-]{subsection.3.1}{\376\377\000T\000a\000s\000k\000\040\000F\000r\000a\000m\000e\000s}{section.3}% 8
\BOOKMARK [2][-]{subsection.3.2}{\376\377\000W\000o\000r\000l\000d\000\040\000H\000i\000s\000t\000o\000r\000i\000e\000s}{section.3}% 9
\BOOKMARK [2][-]{subsection.3.3}{\376\377\000T\000a\000s\000k\000\040\000M\000o\000d\000e\000l\000s}{section.3}% 10
\BOOKMARK [2][-]{subsection.3.4}{\376\377\000T\000r\000u\000t\000h\000\040\000C\000o\000n\000d\000i\000t\000i\000o\000n\000s}{section.3}% 11
\BOOKMARK [2][-]{subsection.3.5}{\376\377\000T\000i\000m\000e\000-\000S\000h\000i\000f\000t}{section.3}% 12
\BOOKMARK [2][-]{subsection.3.6}{\376\377\000V\000a\000l\000i\000d\000i\000t\000y}{section.3}% 13
\BOOKMARK [1][-]{section.4}{\376\377\000P\000r\000o\000o\000f\000\040\000T\000h\000e\000o\000r\000y}{}% 14
\BOOKMARK [2][-]{subsection.4.1}{\376\377\000A\000x\000i\000o\000m\000\040\000S\000c\000h\000e\000m\000a\000t\000a}{section.4}% 15
\BOOKMARK [3][-]{subsubsection.4.1.1}{\376\377\000P\000r\000o\000p\000o\000s\000i\000t\000i\000o\000n\000a\000l\000\040\000A\000x\000i\000o\000m\000s}{subsection.4.1}% 16
\BOOKMARK [3][-]{subsubsection.4.1.2}{\376\377\000M\000o\000d\000a\000l\000\040\000A\000x\000i\000o\000m\000s\000\040\000\050\000S\0005\000\051}{subsection.4.1}% 17
\BOOKMARK [3][-]{subsubsection.4.1.3}{\376\377\000T\000e\000m\000p\000o\000r\000a\000l\000\040\000A\000x\000i\000o\000m\000s}{subsection.4.1}% 18
\BOOKMARK [3][-]{subsubsection.4.1.4}{\376\377\000M\000o\000d\000a\000l\000-\000T\000e\000m\000p\000o\000r\000a\000l\000\040\000I\000n\000t\000e\000r\000a\000c\000t\000i\000o\000n}{subsection.4.1}% 19
\BOOKMARK [2][-]{subsection.4.2}{\376\377\000I\000n\000f\000e\000r\000e\000n\000c\000e\000\040\000R\000u\000l\000e\000s}{section.4}% 20
\BOOKMARK [2][-]{subsection.4.3}{\376\377\000D\000e\000r\000i\000v\000a\000t\000i\000o\000n\000\040\000T\000r\000e\000e\000s}{section.4}% 21
\BOOKMARK [2][-]{subsection.4.4}{\376\377\000N\000o\000t\000a\000t\000i\000o\000n}{section.4}% 22
\BOOKMARK [1][-]{section.5}{\376\377\000M\000e\000t\000a\000l\000o\000g\000i\000c}{}% 23
\BOOKMARK [2][-]{subsection.5.1}{\376\377\000S\000o\000u\000n\000d\000n\000e\000s\000s}{section.5}% 24
\BOOKMARK [2][-]{subsection.5.2}{\376\377\000D\000e\000d\000u\000c\000t\000i\000o\000n\000\040\000T\000h\000e\000o\000r\000e\000m}{section.5}% 25
\BOOKMARK [2][-]{subsection.5.3}{\376\377\000C\000o\000n\000s\000i\000s\000t\000e\000n\000c\000y}{section.5}% 26
\BOOKMARK [2][-]{subsection.5.4}{\376\377\000C\000o\000m\000p\000l\000e\000t\000e\000n\000e\000s\000s\000\040\000I\000n\000f\000r\000a\000s\000t\000r\000u\000c\000t\000u\000r\000e}{section.5}% 27
\BOOKMARK [2][-]{subsection.5.5}{\376\377\000I\000m\000p\000l\000e\000m\000e\000n\000t\000a\000t\000i\000o\000n\000\040\000S\000t\000a\000t\000u\000s}{section.5}% 28
\BOOKMARK [1][-]{section.6}{\376\377\000T\000h\000e\000o\000r\000e\000m\000s}{}% 29
\BOOKMARK [2][-]{subsection.6.1}{\376\377\000P\000e\000r\000p\000e\000t\000u\000i\000t\000y\000\040\000P\000r\000i\000n\000c\000i\000p\000l\000e\000s}{section.6}% 30
\BOOKMARK [2][-]{subsection.6.2}{\376\377\000M\000o\000d\000a\000l\000\040\000S\0005\000\040\000T\000h\000e\000o\000r\000e\000m\000s}{section.6}% 31
\BOOKMARK [2][-]{subsection.6.3}{\376\377\000M\000o\000d\000a\000l\000\040\000S\0004\000\040\000P\000r\000o\000p\000e\000r\000t\000i\000e\000s}{section.6}% 32
\BOOKMARK [2][-]{subsection.6.4}{\376\377\000P\000r\000o\000p\000o\000s\000i\000t\000i\000o\000n\000a\000l\000\040\000T\000h\000e\000o\000r\000e\000m\000s}{section.6}% 33
\BOOKMARK [2][-]{subsection.6.5}{\376\377\000C\000o\000m\000b\000i\000n\000a\000t\000o\000r\000\040\000I\000n\000f\000r\000a\000s\000t\000r\000u\000c\000t\000u\000r\000e}{section.6}% 34
\BOOKMARK [2][-]{subsection.6.6}{\376\377\000G\000e\000n\000e\000r\000a\000l\000i\000z\000e\000d\000\040\000N\000e\000c\000e\000s\000s\000i\000t\000a\000t\000i\000o\000n}{section.6}% 35
\BOOKMARK [2][-]{subsection.6.7}{\376\377\000M\000o\000d\000u\000l\000e\000\040\000O\000r\000g\000a\000n\000i\000z\000a\000t\000i\000o\000n}{section.6}% 36
\BOOKMARK [1][-]{section.7}{\376\377\000N\000o\000t\000e\000s}{}% 37
\BOOKMARK [2][-]{subsection.7.1}{\376\377\000I\000m\000p\000l\000e\000m\000e\000n\000t\000a\000t\000i\000o\000n\000\040\000S\000t\000a\000t\000u\000s}{section.7}% 38
\BOOKMARK [2][-]{subsection.7.2}{\376\377\000D\000i\000s\000c\000r\000e\000p\000a\000n\000c\000y\000\040\000N\000o\000t\000e\000s}{section.7}% 39
\BOOKMARK [3][-]{subsubsection.7.2.1}{\376\377\000T\000e\000r\000m\000i\000n\000o\000l\000o\000g\000y}{subsection.7.2}% 40
\BOOKMARK [3][-]{subsubsection.7.2.2}{\376\377\000A\000x\000i\000o\000m\000\040\000N\000a\000m\000i\000n\000g}{subsection.7.2}% 41
\BOOKMARK [3][-]{subsubsection.7.2.3}{\376\377\000M\0005\000\040\000C\000o\000l\000l\000a\000p\000s\000e\000\040\000A\000x\000i\000o\000m}{subsection.7.2}% 42
\BOOKMARK [3][-]{subsubsection.7.2.4}{\376\377\000T\000e\000m\000p\000o\000r\000a\000l\000\040\000T\000y\000p\000e\000\040\000G\000e\000n\000e\000r\000a\000l\000i\000z\000a\000t\000i\000o\000n}{subsection.7.2}% 43
\BOOKMARK [3][-]{subsubsection.7.2.5}{\376\377\000C\000o\000m\000p\000l\000e\000t\000e\000n\000e\000s\000s\000\040\000S\000t\000a\000t\000u\000s}{subsection.7.2}% 44
\BOOKMARK [2][-]{subsection.7.3}{\376\377\000S\000o\000u\000r\000c\000e\000\040\000F\000i\000l\000e\000s}{section.7}% 45
